[2018-05-03T11:23:37,057][INFO ][logstash.filters.elapsed ] Elapsed, 'end event' received {:end_tag=>"taskCompleted", :unique_id_field=>"task_id"}
[2018-05-03T11:24:11,033][INFO ][logstash.filters.elapsed ] Elapsed, 'start event' received {:start_tag=>"taskStarted", :unique_id_field=>"task_id"}
[2018-05-03T11:24:36,038][INFO ][logstash.filters.elapsed ] Elapsed, 'end event' received {:end_tag=>"taskCompleted", :unique_id_field=>"task_id"}
[2018-05-03T11:27:02,081][INFO ][logstash.filters.elapsed ] Elapsed, 'start event' received {:start_tag=>"taskStarted", :unique_id_field=>"task_id"}
[2018-05-03T11:27:02,083][INFO ][logstash.filters.elapsed ] Elapsed, 'end event' received {:end_tag=>"taskCompleted", :unique_id_field=>"task_id"}
[2018-05-03T11:33:17,187][INFO ][logstash.filters.elapsed ] Elapsed, 'start event' received {:start_tag=>"taskStarted", :unique_id_field=>"task_id"}
[2018-05-03T11:33:17,189][INFO ][logstash.filters.elapsed ] Elapsed, 'end event' received {:end_tag=>"taskCompleted", :unique_id_field=>"task_id"}
[2018-05-03T11:33:17,194][INFO ][logstash.filters.elapsed ] Elapsed, 'start event' received {:start_tag=>"taskStarted", :unique_id_field=>"task_id"}
[2018-05-03T11:33:17,196][INFO ][logstash.filters.elapsed ] Elapsed, 'end event' received {:end_tag=>"taskCompleted", :unique_id_field=>"task_id"}
[2018-05-03T11:33:17,198][INFO ][logstash.filters.elapsed ] Elapsed, 'start event' received {:start_tag=>"taskStarted", :unique_id_field=>"task_id"}
[2018-05-03T11:33:17,202][INFO ][logstash.filters.elapsed ] Elapsed, 'start event' received {:start_tag=>"taskStarted", :unique_id_field=>"task_id"}
[2018-05-03T11:33:17,204][INFO ][logstash.filters.elapsed ] Elapsed, 'end event' received {:end_tag=>"taskCompleted", :unique_id_field=>"task_id"}
[2018-05-03T11:33:17,206][INFO ][logstash.filters.elapsed ] Elapsed, 'start event' received {:start_tag=>"taskStarted", :unique_id_field=>"task_id"}
[2018-05-03T11:33:17,209][INFO ][logstash.filters.elapsed ] Elapsed, 'end event' received {:end_tag=>"taskCompleted", :unique_id_field=>"task_id"}
[2018-05-03T11:33:17,210][INFO ][logstash.filters.elapsed ] Elapsed, 'start event' received {:start_tag=>"taskStarted", :unique_id_field=>"task_id"}
[2018-05-03T11:33:17,212][INFO ][logstash.filters.elapsed ] Elapsed, 'end event' received {:end_tag=>"taskCompleted", :unique_id_field=>"task_id"}
[2018-05-03T11:33:17,213][INFO ][logstash.filters.elapsed ] Elapsed, 'start event' received {:start_tag=>"taskStarted", :unique_id_field=>"task_id"}
[2018-05-03T11:33:17,215][INFO ][logstash.filters.elapsed ] Elapsed, 'end event' received {:end_tag=>"taskCompleted", :unique_id_field=>"task_id"}
[2018-05-03T11:33:17,217][INFO ][logstash.filters.elapsed ] Elapsed, 'start event' received {:start_tag=>"taskStarted", :unique_id_field=>"task_id"}
[2018-05-03T11:33:17,218][INFO ][logstash.filters.elapsed ] Elapsed, 'end event' received {:end_tag=>"taskCompleted", :unique_id_field=>"task_id"}
[2018-05-03T11:33:17,220][INFO ][logstash.filters.elapsed ] Elapsed, 'start event' received {:start_tag=>"taskStarted", :unique_id_field=>"task_id"}
[2018-05-03T11:33:17,222][INFO ][logstash.filters.elapsed ] Elapsed, 'end event' received {:end_tag=>"taskCompleted", :unique_id_field=>"task_id"}
[2018-05-03T11:33:17,225][INFO ][logstash.filters.elapsed ] Elapsed, 'start event' received {:start_tag=>"taskStarted", :unique_id_field=>"task_id"}
[2018-05-03T11:33:17,228][INFO ][logstash.filters.elapsed ] Elapsed, 'end event' received {:end_tag=>"taskCompleted", :unique_id_field=>"task_id"}
[2018-05-03T11:33:17,229][INFO ][logstash.filters.elapsed ] Elapsed, 'start event' received {:start_tag=>"taskStarted", :unique_id_field=>"task_id"}
[2018-05-03T11:33:17,232][INFO ][logstash.filters.elapsed ] Elapsed, 'end event' received {:end_tag=>"taskCompleted", :unique_id_field=>"task_id"}
[2018-05-03T11:33:17,235][INFO ][logstash.filters.elapsed ] Elapsed, 'start event' received {:start_tag=>"taskStarted", :unique_id_field=>"task_id"}
[2018-05-03T11:33:17,237][INFO ][logstash.filters.elapsed ] Elapsed, 'end event' received {:end_tag=>"taskCompleted", :unique_id_field=>"task_id"}
[2018-05-03T11:33:17,241][INFO ][logstash.filters.elapsed ] Elapsed, 'end event' received {:end_tag=>"taskCompleted", :unique_id_field=>"task_id"}
[2018-05-03T11:33:17,243][INFO ][logstash.filters.elapsed ] Elapsed, 'start event' received {:start_tag=>"taskStarted", :unique_id_field=>"task_id"}
[2018-05-03T11:33:17,246][INFO ][logstash.filters.elapsed ] Elapsed, 'end event' received {:end_tag=>"taskCompleted", :unique_id_field=>"task_id"}
[2018-05-03T11:33:17,248][INFO ][logstash.filters.elapsed ] Elapsed, 'end event' received {:end_tag=>"taskCompleted", :unique_id_field=>"task_id"}
[2018-05-03T11:33:17,249][INFO ][logstash.filters.elapsed ] Elapsed, 'start event' received {:start_tag=>"taskStarted", :unique_id_field=>"task_id"}
[2018-05-03T11:33:17,252][INFO ][logstash.filters.elapsed ] Elapsed, 'end event' received {:end_tag=>"taskCompleted", :unique_id_field=>"task_id"}
[2018-05-03T11:33:17,253][INFO ][logstash.filters.elapsed ] Elapsed, 'start event' received {:start_tag=>"taskStarted", :unique_id_field=>"task_id"}
[2018-05-03T11:33:31,144][INFO ][logstash.filters.elapsed ] Elapsed, 'end event' received {:end_tag=>"taskCompleted", :unique_id_field=>"task_id"}
[2018-05-03T11:48:44,614][WARN ][logstash.runner          ] SIGINT received. Shutting down the agent.
[2018-05-03T11:48:44,630][WARN ][logstash.agent           ] stopping pipeline {:id=>"main"}
[2018-05-03T11:50:02,571][INFO ][logstash.outputs.elasticsearch] Elasticsearch pool URLs updated {:changes=>{:removed=>[], :added=>[http://localhost:9200/]}}
[2018-05-03T11:50:02,578][INFO ][logstash.outputs.elasticsearch] Running health check to see if an Elasticsearch connection is working {:healthcheck_url=>http://localhost:9200/, :path=>"/"}
[2018-05-03T11:50:02,761][WARN ][logstash.outputs.elasticsearch] Restored connection to ES instance {:url=>#<URI::HTTP:0x3a5ffbf5 URL:http://localhost:9200/>}
[2018-05-03T11:50:02,764][INFO ][logstash.outputs.elasticsearch] Using mapping template from {:path=>nil}
[2018-05-03T11:50:02,849][INFO ][logstash.outputs.elasticsearch] Attempting to install template {:manage_template=>{"template"=>"logstash-*", "version"=>50001, "settings"=>{"index.refresh_interval"=>"5s"}, "mappings"=>{"_default_"=>{"_all"=>{"enabled"=>true, "norms"=>false}, "dynamic_templates"=>[{"message_field"=>{"path_match"=>"message", "match_mapping_type"=>"string", "mapping"=>{"type"=>"text", "norms"=>false}}}, {"string_fields"=>{"match"=>"*", "match_mapping_type"=>"string", "mapping"=>{"type"=>"text", "norms"=>false, "fields"=>{"keyword"=>{"type"=>"keyword"}}}}}], "properties"=>{"@timestamp"=>{"type"=>"date", "include_in_all"=>false}, "@version"=>{"type"=>"keyword", "include_in_all"=>false}, "geoip"=>{"dynamic"=>true, "properties"=>{"ip"=>{"type"=>"ip"}, "location"=>{"type"=>"geo_point"}, "latitude"=>{"type"=>"half_float"}, "longitude"=>{"type"=>"half_float"}}}}}}}}
[2018-05-03T11:50:02,866][INFO ][logstash.outputs.elasticsearch] New Elasticsearch output {:class=>"LogStash::Outputs::ElasticSearch", :hosts=>[#<URI::Generic:0x117cb8f6 URL://localhost:9200>]}
[2018-05-03T11:50:03,014][INFO ][logstash.filters.elapsed ] Elapsed, timeout: 10000000 seconds
[2018-05-03T11:50:03,015][INFO ][logstash.pipeline        ] Starting pipeline {"id"=>"main", "pipeline.workers"=>4, "pipeline.batch.size"=>125, "pipeline.batch.delay"=>5, "pipeline.max_inflight"=>500}
[2018-05-03T11:50:03,851][INFO ][logstash.inputs.beats    ] Beats inputs: Starting input listener {:address=>"0.0.0.0:5044"}
[2018-05-03T11:50:03,973][INFO ][logstash.pipeline        ] Pipeline main started
[2018-05-03T11:50:04,038][INFO ][logstash.agent           ] Successfully started Logstash API endpoint {:port=>9600}
[2018-05-03T11:50:57,556][INFO ][logstash.filters.elapsed ] Elapsed, 'start event' received {:start_tag=>"taskStarted", :unique_id_field=>"task_id"}
[2018-05-03T11:51:31,358][INFO ][logstash.filters.elapsed ] Elapsed, 'end event' received {:end_tag=>"taskCompleted", :unique_id_field=>"task_id"}
[2018-05-03T12:24:29,162][INFO ][logstash.filters.elapsed ] Elapsed, 'end event' received {:end_tag=>"taskCompleted", :unique_id_field=>"task_id"}
[2018-05-03T12:25:03,137][INFO ][logstash.filters.elapsed ] Elapsed, 'end event' received {:end_tag=>"taskCompleted", :unique_id_field=>"task_id"}
[2018-05-03T12:26:54,184][INFO ][logstash.filters.elapsed ] Elapsed, 'end event' received {:end_tag=>"taskCompleted", :unique_id_field=>"task_id"}
[2018-05-03T12:27:53,219][INFO ][logstash.filters.elapsed ] Elapsed, 'start event' received {:start_tag=>"taskStarted", :unique_id_field=>"task_id"}
[2018-05-03T12:27:53,221][INFO ][logstash.filters.elapsed ] Elapsed, 'end event' received {:end_tag=>"taskCompleted", :unique_id_field=>"task_id"}
[2018-05-03T12:27:53,223][INFO ][logstash.filters.elapsed ] Elapsed, 'start event' received {:start_tag=>"taskStarted", :unique_id_field=>"task_id"}
[2018-05-03T12:27:53,224][INFO ][logstash.filters.elapsed ] Elapsed, 'end event' received {:end_tag=>"taskCompleted", :unique_id_field=>"task_id"}
[2018-05-03T12:27:53,229][INFO ][logstash.filters.elapsed ] Elapsed, 'start event' received {:start_tag=>"taskStarted", :unique_id_field=>"task_id"}
[2018-05-03T12:27:53,232][INFO ][logstash.filters.elapsed ] Elapsed, 'start event' received {:start_tag=>"taskStarted", :unique_id_field=>"task_id"}
[2018-05-03T12:27:53,233][INFO ][logstash.filters.elapsed ] Elapsed, 'end event' received {:end_tag=>"taskCompleted", :unique_id_field=>"task_id"}
[2018-05-03T12:27:53,236][INFO ][logstash.filters.elapsed ] Elapsed, 'start event' received {:start_tag=>"taskStarted", :unique_id_field=>"task_id"}
[2018-05-03T12:27:53,244][INFO ][logstash.filters.elapsed ] Elapsed, 'end event' received {:end_tag=>"taskCompleted", :unique_id_field=>"task_id"}
[2018-05-03T12:27:53,247][INFO ][logstash.filters.elapsed ] Elapsed, 'start event' received {:start_tag=>"taskStarted", :unique_id_field=>"task_id"}
[2018-05-03T12:27:53,252][INFO ][logstash.filters.elapsed ] Elapsed, 'end event' received {:end_tag=>"taskCompleted", :unique_id_field=>"task_id"}
[2018-05-03T12:27:53,255][INFO ][logstash.filters.elapsed ] Elapsed, 'start event' received {:start_tag=>"taskStarted", :unique_id_field=>"task_id"}
[2018-05-03T12:27:53,256][INFO ][logstash.filters.elapsed ] Elapsed, 'end event' received {:end_tag=>"taskCompleted", :unique_id_field=>"task_id"}
[2018-05-03T12:27:53,260][INFO ][logstash.filters.elapsed ] Elapsed, 'start event' received {:start_tag=>"taskStarted", :unique_id_field=>"task_id"}
[2018-05-03T12:27:53,263][INFO ][logstash.filters.elapsed ] Elapsed, 'end event' received {:end_tag=>"taskCompleted", :unique_id_field=>"task_id"}
[2018-05-03T12:27:53,272][INFO ][logstash.filters.elapsed ] Elapsed, 'start event' received {:start_tag=>"taskStarted", :unique_id_field=>"task_id"}
[2018-05-03T12:27:53,274][INFO ][logstash.filters.elapsed ] Elapsed, 'end event' received {:end_tag=>"taskCompleted", :unique_id_field=>"task_id"}
[2018-05-03T12:27:53,280][INFO ][logstash.filters.elapsed ] Elapsed, 'start event' received {:start_tag=>"taskStarted", :unique_id_field=>"task_id"}
[2018-05-03T12:27:53,299][INFO ][logstash.filters.elapsed ] Elapsed, 'end event' received {:end_tag=>"taskCompleted", :unique_id_field=>"task_id"}
[2018-05-03T12:27:53,308][INFO ][logstash.filters.elapsed ] Elapsed, 'start event' received {:start_tag=>"taskStarted", :unique_id_field=>"task_id"}
[2018-05-03T12:27:53,309][INFO ][logstash.filters.elapsed ] Elapsed, 'end event' received {:end_tag=>"taskCompleted", :unique_id_field=>"task_id"}
[2018-05-03T12:27:53,311][INFO ][logstash.filters.elapsed ] Elapsed, 'start event' received {:start_tag=>"taskStarted", :unique_id_field=>"task_id"}
[2018-05-03T12:27:53,334][INFO ][logstash.filters.elapsed ] Elapsed, 'end event' received {:end_tag=>"taskCompleted", :unique_id_field=>"task_id"}
[2018-05-03T12:27:53,358][INFO ][logstash.filters.elapsed ] Elapsed, 'end event' received {:end_tag=>"taskCompleted", :unique_id_field=>"task_id"}
[2018-05-03T12:27:53,384][INFO ][logstash.filters.elapsed ] Elapsed, 'start event' received {:start_tag=>"taskStarted", :unique_id_field=>"task_id"}
[2018-05-03T12:27:53,394][INFO ][logstash.filters.elapsed ] Elapsed, 'end event' received {:end_tag=>"taskCompleted", :unique_id_field=>"task_id"}
[2018-05-03T12:27:53,396][INFO ][logstash.filters.elapsed ] Elapsed, 'end event' received {:end_tag=>"taskCompleted", :unique_id_field=>"task_id"}
[2018-05-03T12:27:53,403][INFO ][logstash.filters.elapsed ] Elapsed, 'start event' received {:start_tag=>"taskStarted", :unique_id_field=>"task_id"}
[2018-05-03T12:27:53,405][INFO ][logstash.filters.elapsed ] Elapsed, 'end event' received {:end_tag=>"taskCompleted", :unique_id_field=>"task_id"}
[2018-05-03T12:27:53,407][INFO ][logstash.filters.elapsed ] Elapsed, 'start event' received {:start_tag=>"taskStarted", :unique_id_field=>"task_id"}
[2018-05-03T12:27:53,416][INFO ][logstash.filters.elapsed ] Elapsed, 'end event' received {:end_tag=>"taskCompleted", :unique_id_field=>"task_id"}
[2018-05-03T12:27:53,417][INFO ][logstash.filters.elapsed ] Elapsed, 'start event' received {:start_tag=>"taskStarted", :unique_id_field=>"task_id"}
[2018-05-03T12:27:53,423][INFO ][logstash.filters.elapsed ] Elapsed, 'end event' received {:end_tag=>"taskCompleted", :unique_id_field=>"task_id"}
[2018-05-03T12:27:53,427][INFO ][logstash.filters.elapsed ] Elapsed, 'start event' received {:start_tag=>"taskStarted", :unique_id_field=>"task_id"}
[2018-05-03T12:27:53,429][INFO ][logstash.filters.elapsed ] Elapsed, 'end event' received {:end_tag=>"taskCompleted", :unique_id_field=>"task_id"}
[2018-05-03T12:27:53,432][INFO ][logstash.filters.elapsed ] Elapsed, 'start event' received {:start_tag=>"taskStarted", :unique_id_field=>"task_id"}
[2018-05-03T12:27:53,435][INFO ][logstash.filters.elapsed ] Elapsed, 'end event' received {:end_tag=>"taskCompleted", :unique_id_field=>"task_id"}
[2018-05-03T12:27:53,437][INFO ][logstash.filters.elapsed ] Elapsed, 'start event' received {:start_tag=>"taskStarted", :unique_id_field=>"task_id"}
[2018-05-03T12:27:53,438][INFO ][logstash.filters.elapsed ] Elapsed, 'end event' received {:end_tag=>"taskCompleted", :unique_id_field=>"task_id"}
[2018-05-03T12:27:58,155][INFO ][logstash.filters.elapsed ] Elapsed, 'end event' received {:end_tag=>"taskCompleted", :unique_id_field=>"task_id"}
[2018-05-03T12:46:30,007][WARN ][logstash.runner          ] SIGINT received. Shutting down the agent.
[2018-05-03T12:46:30,024][WARN ][logstash.agent           ] stopping pipeline {:id=>"main"}
[2018-05-03T12:46:35,015][WARN ][logstash.runner          ] Received shutdown signal, but pipeline is still waiting for in-flight events
to be processed. Sending another ^C will force quit Logstash, but this may cause
data loss.
[2018-05-03T12:46:35,056][WARN ][logstash.shutdownwatcher ] {"inflight_count"=>0, "stalling_thread_info"=>{"other"=>[{"thread_id"=>26, "name"=>"[main]<beats", "current_call"=>"[...]/vendor/bundle/jruby/1.9/gems/logstash-input-beats-3.1.18-java/lib/logstash/inputs/beats.rb:206:in `run'"}], ["LogStash::Filters::Elapsed", {"start_tag"=>"taskStarted", "end_tag"=>"taskCompleted", "unique_id_field"=>"task_id", "timeout"=>10000000, "new_event_on_match"=>"false", "id"=>"594d8036fa5c41c3b30bb3973a21ad11daa2b2ad-5"}]=>[{"thread_id"=>22, "name"=>"[main]>worker1", "current_call"=>"[...]/logstash-core/lib/logstash/util/wrapped_synchronous_queue.rb:136:in `synchronize'"}, {"thread_id"=>23, "name"=>"[main]>worker2", "current_call"=>"[...]/logstash-core/lib/logstash/util/wrapped_synchronous_queue.rb:118:in `synchronize'"}, {"thread_id"=>24, "name"=>"[main]>worker3", "current_call"=>"[...]/logstash-core/lib/logstash/util/wrapped_synchronous_queue.rb:136:in `synchronize'"}]}}
[2018-05-03T12:46:35,058][ERROR][logstash.shutdownwatcher ] The shutdown process appears to be stalled due to busy or blocked plugins. Check the logs for more information.
[2018-05-03T12:47:06,259][INFO ][logstash.outputs.elasticsearch] Elasticsearch pool URLs updated {:changes=>{:removed=>[], :added=>[http://localhost:9200/]}}
[2018-05-03T12:47:06,263][INFO ][logstash.outputs.elasticsearch] Running health check to see if an Elasticsearch connection is working {:healthcheck_url=>http://localhost:9200/, :path=>"/"}
[2018-05-03T12:47:06,447][WARN ][logstash.outputs.elasticsearch] Restored connection to ES instance {:url=>#<URI::HTTP:0x3a6672ee URL:http://localhost:9200/>}
[2018-05-03T12:47:06,449][INFO ][logstash.outputs.elasticsearch] Using mapping template from {:path=>nil}
[2018-05-03T12:47:06,536][INFO ][logstash.outputs.elasticsearch] Attempting to install template {:manage_template=>{"template"=>"logstash-*", "version"=>50001, "settings"=>{"index.refresh_interval"=>"5s"}, "mappings"=>{"_default_"=>{"_all"=>{"enabled"=>true, "norms"=>false}, "dynamic_templates"=>[{"message_field"=>{"path_match"=>"message", "match_mapping_type"=>"string", "mapping"=>{"type"=>"text", "norms"=>false}}}, {"string_fields"=>{"match"=>"*", "match_mapping_type"=>"string", "mapping"=>{"type"=>"text", "norms"=>false, "fields"=>{"keyword"=>{"type"=>"keyword"}}}}}], "properties"=>{"@timestamp"=>{"type"=>"date", "include_in_all"=>false}, "@version"=>{"type"=>"keyword", "include_in_all"=>false}, "geoip"=>{"dynamic"=>true, "properties"=>{"ip"=>{"type"=>"ip"}, "location"=>{"type"=>"geo_point"}, "latitude"=>{"type"=>"half_float"}, "longitude"=>{"type"=>"half_float"}}}}}}}}
[2018-05-03T12:47:06,543][INFO ][logstash.outputs.elasticsearch] New Elasticsearch output {:class=>"LogStash::Outputs::ElasticSearch", :hosts=>[#<URI::Generic:0x3dd929e9 URL://localhost:9200>]}
[2018-05-03T12:47:06,667][INFO ][logstash.filters.elapsed ] Elapsed, timeout: 10000000 seconds
[2018-05-03T12:47:06,668][INFO ][logstash.pipeline        ] Starting pipeline {"id"=>"main", "pipeline.workers"=>4, "pipeline.batch.size"=>125, "pipeline.batch.delay"=>5, "pipeline.max_inflight"=>500}
[2018-05-03T12:47:07,353][INFO ][logstash.inputs.beats    ] Beats inputs: Starting input listener {:address=>"0.0.0.0:5044"}
[2018-05-03T12:47:07,394][INFO ][logstash.pipeline        ] Pipeline main started
[2018-05-03T12:47:07,543][INFO ][logstash.agent           ] Successfully started Logstash API endpoint {:port=>9600}
[2018-05-03T12:47:54,265][INFO ][logstash.filters.elapsed ] Elapsed, 'end event' received {:end_tag=>"taskCompleted", :unique_id_field=>"task_id"}
[2018-05-03T12:50:31,430][WARN ][logstash.runner          ] SIGINT received. Shutting down the agent.
[2018-05-03T12:50:31,439][WARN ][logstash.agent           ] stopping pipeline {:id=>"main"}
[2018-05-03T12:50:36,435][WARN ][logstash.runner          ] Received shutdown signal, but pipeline is still waiting for in-flight events
to be processed. Sending another ^C will force quit Logstash, but this may cause
data loss.
[2018-05-03T12:50:36,476][WARN ][logstash.shutdownwatcher ] {"inflight_count"=>0, "stalling_thread_info"=>{"other"=>[{"thread_id"=>26, "name"=>"[main]<beats", "current_call"=>"[...]/vendor/bundle/jruby/1.9/gems/logstash-input-beats-3.1.18-java/lib/logstash/inputs/beats.rb:206:in `run'"}, {"thread_id"=>21, "name"=>"[main]>worker0", "current_call"=>"[...]/logstash-core/lib/logstash/util/wrapped_synchronous_queue.rb:136:in `synchronize'"}, {"thread_id"=>22, "name"=>"[main]>worker1", "current_call"=>"[...]/logstash-core/lib/logstash/util/wrapped_synchronous_queue.rb:124:in `synchronize'"}, {"thread_id"=>23, "name"=>"[main]>worker2", "current_call"=>"[...]/logstash-core/lib/logstash/util/wrapped_synchronous_queue.rb:124:in `synchronize'"}], ["LogStash::Filters::Elapsed", {"start_tag"=>"taskStarted", "end_tag"=>"taskCompleted", "unique_id_field"=>"task_id", "timeout"=>10000000, "new_event_on_match"=>"false", "id"=>"abf9c9f427456ea007b715d3ba99a42c0549907b-5"}]=>[{"thread_id"=>24, "name"=>"[main]>worker3", "current_call"=>"[...]/logstash-core/lib/logstash/util/wrapped_synchronous_queue.rb:118:in `synchronize'"}]}}
[2018-05-03T12:50:36,478][ERROR][logstash.shutdownwatcher ] The shutdown process appears to be stalled due to busy or blocked plugins. Check the logs for more information.
[2018-05-03T12:50:57,095][INFO ][logstash.outputs.elasticsearch] Elasticsearch pool URLs updated {:changes=>{:removed=>[], :added=>[http://localhost:9200/]}}
[2018-05-03T12:50:57,103][INFO ][logstash.outputs.elasticsearch] Running health check to see if an Elasticsearch connection is working {:healthcheck_url=>http://localhost:9200/, :path=>"/"}
[2018-05-03T12:50:57,293][WARN ][logstash.outputs.elasticsearch] Restored connection to ES instance {:url=>#<URI::HTTP:0x7b281ccc URL:http://localhost:9200/>}
[2018-05-03T12:50:57,296][INFO ][logstash.outputs.elasticsearch] Using mapping template from {:path=>nil}
[2018-05-03T12:50:57,379][INFO ][logstash.outputs.elasticsearch] Attempting to install template {:manage_template=>{"template"=>"logstash-*", "version"=>50001, "settings"=>{"index.refresh_interval"=>"5s"}, "mappings"=>{"_default_"=>{"_all"=>{"enabled"=>true, "norms"=>false}, "dynamic_templates"=>[{"message_field"=>{"path_match"=>"message", "match_mapping_type"=>"string", "mapping"=>{"type"=>"text", "norms"=>false}}}, {"string_fields"=>{"match"=>"*", "match_mapping_type"=>"string", "mapping"=>{"type"=>"text", "norms"=>false, "fields"=>{"keyword"=>{"type"=>"keyword"}}}}}], "properties"=>{"@timestamp"=>{"type"=>"date", "include_in_all"=>false}, "@version"=>{"type"=>"keyword", "include_in_all"=>false}, "geoip"=>{"dynamic"=>true, "properties"=>{"ip"=>{"type"=>"ip"}, "location"=>{"type"=>"geo_point"}, "latitude"=>{"type"=>"half_float"}, "longitude"=>{"type"=>"half_float"}}}}}}}}
[2018-05-03T12:50:57,384][INFO ][logstash.outputs.elasticsearch] New Elasticsearch output {:class=>"LogStash::Outputs::ElasticSearch", :hosts=>[#<URI::Generic:0x5e05a45d URL://localhost:9200>]}
[2018-05-03T12:50:57,521][INFO ][logstash.filters.elapsed ] Elapsed, timeout: 10000000 seconds
[2018-05-03T12:50:57,522][INFO ][logstash.pipeline        ] Starting pipeline {"id"=>"main", "pipeline.workers"=>4, "pipeline.batch.size"=>125, "pipeline.batch.delay"=>5, "pipeline.max_inflight"=>500}
[2018-05-03T12:50:58,400][INFO ][logstash.inputs.beats    ] Beats inputs: Starting input listener {:address=>"0.0.0.0:5044"}
[2018-05-03T12:50:58,538][INFO ][logstash.pipeline        ] Pipeline main started
[2018-05-03T12:50:58,614][INFO ][logstash.agent           ] Successfully started Logstash API endpoint {:port=>9600}
[2018-05-03T12:52:24,272][INFO ][logstash.filters.elapsed ] Elapsed, 'end event' received {:end_tag=>"taskCompleted", :unique_id_field=>"task_id"}
[2018-05-03T12:53:11,277][WARN ][logstash.runner          ] SIGINT received. Shutting down the agent.
[2018-05-03T12:53:11,284][WARN ][logstash.agent           ] stopping pipeline {:id=>"main"}
[2018-05-03T12:53:16,284][WARN ][logstash.runner          ] Received shutdown signal, but pipeline is still waiting for in-flight events
to be processed. Sending another ^C will force quit Logstash, but this may cause
data loss.
[2018-05-03T12:53:16,311][WARN ][logstash.shutdownwatcher ] {"inflight_count"=>0, "stalling_thread_info"=>{"other"=>[{"thread_id"=>26, "name"=>"[main]<beats", "current_call"=>"[...]/vendor/bundle/jruby/1.9/gems/logstash-input-beats-3.1.18-java/lib/logstash/inputs/beats.rb:206:in `run'"}, {"thread_id"=>21, "name"=>"[main]>worker0", "current_call"=>"[...]/logstash-core/lib/logstash/util/wrapped_synchronous_queue.rb:118:in `synchronize'"}, {"thread_id"=>22, "name"=>"[main]>worker1", "current_call"=>"[...]/logstash-core/lib/logstash/util/wrapped_synchronous_queue.rb:118:in `synchronize'"}, {"thread_id"=>23, "name"=>"[main]>worker2", "current_call"=>"[...]/logstash-core/lib/logstash/util/wrapped_synchronous_queue.rb:136:in `synchronize'"}], ["LogStash::Filters::Elapsed", {"start_tag"=>"taskStarted", "end_tag"=>"taskCompleted", "unique_id_field"=>"task_id", "timeout"=>10000000, "new_event_on_match"=>"false", "id"=>"e78338a5385d5e1b6597c06699526b295429bdd7-5"}]=>[{"thread_id"=>24, "name"=>"[main]>worker3", "current_call"=>"[...]/logstash-core/lib/logstash/util/wrapped_synchronous_queue.rb:136:in `synchronize'"}]}}
[2018-05-03T12:53:16,313][ERROR][logstash.shutdownwatcher ] The shutdown process appears to be stalled due to busy or blocked plugins. Check the logs for more information.
[2018-05-03T12:53:33,464][INFO ][logstash.outputs.elasticsearch] Elasticsearch pool URLs updated {:changes=>{:removed=>[], :added=>[http://localhost:9200/]}}
[2018-05-03T12:53:33,470][INFO ][logstash.outputs.elasticsearch] Running health check to see if an Elasticsearch connection is working {:healthcheck_url=>http://localhost:9200/, :path=>"/"}
[2018-05-03T12:53:33,659][WARN ][logstash.outputs.elasticsearch] Restored connection to ES instance {:url=>#<URI::HTTP:0x16c625fd URL:http://localhost:9200/>}
[2018-05-03T12:53:33,664][INFO ][logstash.outputs.elasticsearch] Using mapping template from {:path=>nil}
[2018-05-03T12:53:33,732][INFO ][logstash.outputs.elasticsearch] Attempting to install template {:manage_template=>{"template"=>"logstash-*", "version"=>50001, "settings"=>{"index.refresh_interval"=>"5s"}, "mappings"=>{"_default_"=>{"_all"=>{"enabled"=>true, "norms"=>false}, "dynamic_templates"=>[{"message_field"=>{"path_match"=>"message", "match_mapping_type"=>"string", "mapping"=>{"type"=>"text", "norms"=>false}}}, {"string_fields"=>{"match"=>"*", "match_mapping_type"=>"string", "mapping"=>{"type"=>"text", "norms"=>false, "fields"=>{"keyword"=>{"type"=>"keyword"}}}}}], "properties"=>{"@timestamp"=>{"type"=>"date", "include_in_all"=>false}, "@version"=>{"type"=>"keyword", "include_in_all"=>false}, "geoip"=>{"dynamic"=>true, "properties"=>{"ip"=>{"type"=>"ip"}, "location"=>{"type"=>"geo_point"}, "latitude"=>{"type"=>"half_float"}, "longitude"=>{"type"=>"half_float"}}}}}}}}
[2018-05-03T12:53:33,748][INFO ][logstash.outputs.elasticsearch] New Elasticsearch output {:class=>"LogStash::Outputs::ElasticSearch", :hosts=>[#<URI::Generic:0x1eaf4065 URL://localhost:9200>]}
[2018-05-03T12:53:33,912][INFO ][logstash.filters.elapsed ] Elapsed, timeout: 10000000 seconds
[2018-05-03T12:53:33,915][INFO ][logstash.pipeline        ] Starting pipeline {"id"=>"main", "pipeline.workers"=>4, "pipeline.batch.size"=>125, "pipeline.batch.delay"=>5, "pipeline.max_inflight"=>500}
[2018-05-03T12:53:34,472][INFO ][logstash.inputs.beats    ] Beats inputs: Starting input listener {:address=>"0.0.0.0:5044"}
[2018-05-03T12:53:34,512][INFO ][logstash.pipeline        ] Pipeline main started
[2018-05-03T12:53:34,630][INFO ][logstash.agent           ] Successfully started Logstash API endpoint {:port=>9600}
[2018-05-03T12:55:09,284][INFO ][logstash.filters.elapsed ] Elapsed, 'end event' received {:end_tag=>"taskCompleted", :unique_id_field=>"task_id"}
[2018-05-03T12:57:14,192][INFO ][logstash.filters.elapsed ] Elapsed, 'end event' received {:end_tag=>"taskCompleted", :unique_id_field=>"task_id"}
[2018-05-03T12:59:34,502][WARN ][logstash.runner          ] SIGINT received. Shutting down the agent.
[2018-05-03T12:59:34,509][WARN ][logstash.agent           ] stopping pipeline {:id=>"main"}
[2018-05-03T12:59:39,509][WARN ][logstash.runner          ] Received shutdown signal, but pipeline is still waiting for in-flight events
to be processed. Sending another ^C will force quit Logstash, but this may cause
data loss.
[2018-05-03T12:59:39,541][WARN ][logstash.shutdownwatcher ] {"inflight_count"=>0, "stalling_thread_info"=>{"other"=>[{"thread_id"=>26, "name"=>"[main]<beats", "current_call"=>"[...]/vendor/bundle/jruby/1.9/gems/logstash-input-beats-3.1.18-java/lib/logstash/inputs/beats.rb:206:in `run'"}, {"thread_id"=>22, "name"=>"[main]>worker1", "current_call"=>"[...]/logstash-core/lib/logstash/util/wrapped_synchronous_queue.rb:118:in `synchronize'"}, {"thread_id"=>24, "name"=>"[main]>worker3", "current_call"=>"[...]/logstash-core/lib/logstash/util/wrapped_synchronous_queue.rb:136:in `synchronize'"}], ["LogStash::Filters::Elapsed", {"start_tag"=>"taskStarted", "end_tag"=>"taskCompleted", "unique_id_field"=>"task_id", "timeout"=>10000000, "new_event_on_match"=>"false", "id"=>"5e5df82245e32ea7ba88ba601a5be234367dcd60-5"}]=>[{"thread_id"=>21, "name"=>"[main]>worker0", "current_call"=>"[...]/logstash-core/lib/logstash/util/wrapped_synchronous_queue.rb:136:in `synchronize'"}, {"thread_id"=>23, "name"=>"[main]>worker2", "current_call"=>"[...]/logstash-core/lib/logstash/util/wrapped_synchronous_queue.rb:118:in `synchronize'"}]}}
[2018-05-03T12:59:39,545][ERROR][logstash.shutdownwatcher ] The shutdown process appears to be stalled due to busy or blocked plugins. Check the logs for more information.
[2018-05-03T13:00:09,348][INFO ][logstash.outputs.elasticsearch] Elasticsearch pool URLs updated {:changes=>{:removed=>[], :added=>[http://localhost:9200/]}}
[2018-05-03T13:00:09,354][INFO ][logstash.outputs.elasticsearch] Running health check to see if an Elasticsearch connection is working {:healthcheck_url=>http://localhost:9200/, :path=>"/"}
[2018-05-03T13:00:09,703][WARN ][logstash.outputs.elasticsearch] Restored connection to ES instance {:url=>#<URI::HTTP:0x295e5281 URL:http://localhost:9200/>}
[2018-05-03T13:00:09,716][INFO ][logstash.outputs.elasticsearch] Using mapping template from {:path=>nil}
[2018-05-03T13:00:09,819][INFO ][logstash.outputs.elasticsearch] Attempting to install template {:manage_template=>{"template"=>"logstash-*", "version"=>50001, "settings"=>{"index.refresh_interval"=>"5s"}, "mappings"=>{"_default_"=>{"_all"=>{"enabled"=>true, "norms"=>false}, "dynamic_templates"=>[{"message_field"=>{"path_match"=>"message", "match_mapping_type"=>"string", "mapping"=>{"type"=>"text", "norms"=>false}}}, {"string_fields"=>{"match"=>"*", "match_mapping_type"=>"string", "mapping"=>{"type"=>"text", "norms"=>false, "fields"=>{"keyword"=>{"type"=>"keyword"}}}}}], "properties"=>{"@timestamp"=>{"type"=>"date", "include_in_all"=>false}, "@version"=>{"type"=>"keyword", "include_in_all"=>false}, "geoip"=>{"dynamic"=>true, "properties"=>{"ip"=>{"type"=>"ip"}, "location"=>{"type"=>"geo_point"}, "latitude"=>{"type"=>"half_float"}, "longitude"=>{"type"=>"half_float"}}}}}}}}
[2018-05-03T13:00:09,832][INFO ][logstash.outputs.elasticsearch] New Elasticsearch output {:class=>"LogStash::Outputs::ElasticSearch", :hosts=>[#<URI::Generic:0x712e68ac URL://localhost:9200>]}
[2018-05-03T13:00:10,111][INFO ][logstash.filters.elapsed ] Elapsed, timeout: 10000000 seconds
[2018-05-03T13:00:10,122][INFO ][logstash.pipeline        ] Starting pipeline {"id"=>"main", "pipeline.workers"=>4, "pipeline.batch.size"=>125, "pipeline.batch.delay"=>5, "pipeline.max_inflight"=>500}
[2018-05-03T13:00:10,983][INFO ][logstash.inputs.beats    ] Beats inputs: Starting input listener {:address=>"0.0.0.0:5044"}
[2018-05-03T13:00:11,067][INFO ][logstash.pipeline        ] Pipeline main started
[2018-05-03T13:00:11,143][INFO ][logstash.agent           ] Successfully started Logstash API endpoint {:port=>9600}
[2018-05-03T13:02:29,387][INFO ][logstash.filters.elapsed ] Elapsed, 'end event' received {:end_tag=>"taskCompleted", :unique_id_field=>"task_id"}
[2018-05-03T13:03:44,028][WARN ][logstash.runner          ] SIGINT received. Shutting down the agent.
[2018-05-03T13:03:44,034][WARN ][logstash.agent           ] stopping pipeline {:id=>"main"}
[2018-05-03T13:03:49,033][WARN ][logstash.runner          ] Received shutdown signal, but pipeline is still waiting for in-flight events
to be processed. Sending another ^C will force quit Logstash, but this may cause
data loss.
[2018-05-03T13:03:49,063][WARN ][logstash.shutdownwatcher ] {"inflight_count"=>0, "stalling_thread_info"=>{"other"=>[{"thread_id"=>26, "name"=>"[main]<beats", "current_call"=>"[...]/vendor/bundle/jruby/1.9/gems/logstash-input-beats-3.1.18-java/lib/logstash/inputs/beats.rb:206:in `run'"}, {"thread_id"=>21, "name"=>"[main]>worker0", "current_call"=>"[...]/logstash-core/lib/logstash/util/wrapped_synchronous_queue.rb:136:in `synchronize'"}, {"thread_id"=>23, "name"=>"[main]>worker2", "current_call"=>"[...]/logstash-core/lib/logstash/util/wrapped_synchronous_queue.rb:136:in `synchronize'"}], ["LogStash::Filters::Elapsed", {"start_tag"=>"taskStarted", "end_tag"=>"taskCompleted", "unique_id_field"=>"task_id", "timeout"=>10000000, "new_event_on_match"=>"false", "id"=>"9a1dddf4ac9b2949cfa67fd990592afc075b788b-5"}]=>[{"thread_id"=>22, "name"=>"[main]>worker1", "current_call"=>"[...]/logstash-core/lib/logstash/util/wrapped_synchronous_queue.rb:136:in `synchronize'"}, {"thread_id"=>24, "name"=>"[main]>worker3", "current_call"=>"[...]/logstash-core/lib/logstash/util/wrapped_synchronous_queue.rb:118:in `synchronize'"}]}}
[2018-05-03T13:03:49,065][ERROR][logstash.shutdownwatcher ] The shutdown process appears to be stalled due to busy or blocked plugins. Check the logs for more information.
[2018-05-03T13:04:08,573][INFO ][logstash.outputs.elasticsearch] Elasticsearch pool URLs updated {:changes=>{:removed=>[], :added=>[http://localhost:9200/]}}
[2018-05-03T13:04:08,578][INFO ][logstash.outputs.elasticsearch] Running health check to see if an Elasticsearch connection is working {:healthcheck_url=>http://localhost:9200/, :path=>"/"}
[2018-05-03T13:04:08,740][WARN ][logstash.outputs.elasticsearch] Restored connection to ES instance {:url=>#<URI::HTTP:0x6e04924d URL:http://localhost:9200/>}
[2018-05-03T13:04:08,741][INFO ][logstash.outputs.elasticsearch] Using mapping template from {:path=>nil}
[2018-05-03T13:04:08,831][INFO ][logstash.outputs.elasticsearch] Attempting to install template {:manage_template=>{"template"=>"logstash-*", "version"=>50001, "settings"=>{"index.refresh_interval"=>"5s"}, "mappings"=>{"_default_"=>{"_all"=>{"enabled"=>true, "norms"=>false}, "dynamic_templates"=>[{"message_field"=>{"path_match"=>"message", "match_mapping_type"=>"string", "mapping"=>{"type"=>"text", "norms"=>false}}}, {"string_fields"=>{"match"=>"*", "match_mapping_type"=>"string", "mapping"=>{"type"=>"text", "norms"=>false, "fields"=>{"keyword"=>{"type"=>"keyword"}}}}}], "properties"=>{"@timestamp"=>{"type"=>"date", "include_in_all"=>false}, "@version"=>{"type"=>"keyword", "include_in_all"=>false}, "geoip"=>{"dynamic"=>true, "properties"=>{"ip"=>{"type"=>"ip"}, "location"=>{"type"=>"geo_point"}, "latitude"=>{"type"=>"half_float"}, "longitude"=>{"type"=>"half_float"}}}}}}}}
[2018-05-03T13:04:08,843][INFO ][logstash.outputs.elasticsearch] New Elasticsearch output {:class=>"LogStash::Outputs::ElasticSearch", :hosts=>[#<URI::Generic:0x6c946546 URL://localhost:9200>]}
[2018-05-03T13:04:09,006][INFO ][logstash.filters.elapsed ] Elapsed, timeout: 10000000 seconds
[2018-05-03T13:04:09,009][INFO ][logstash.pipeline        ] Starting pipeline {"id"=>"main", "pipeline.workers"=>4, "pipeline.batch.size"=>125, "pipeline.batch.delay"=>5, "pipeline.max_inflight"=>500}
[2018-05-03T13:04:09,730][INFO ][logstash.inputs.beats    ] Beats inputs: Starting input listener {:address=>"0.0.0.0:5044"}
[2018-05-03T13:04:09,828][INFO ][logstash.pipeline        ] Pipeline main started
[2018-05-03T13:04:09,917][INFO ][logstash.agent           ] Successfully started Logstash API endpoint {:port=>9600}
[2018-05-03T13:05:14,816][WARN ][logstash.runner          ] SIGINT received. Shutting down the agent.
[2018-05-03T13:05:14,824][WARN ][logstash.agent           ] stopping pipeline {:id=>"main"}
[2018-05-03T13:05:19,823][WARN ][logstash.runner          ] Received shutdown signal, but pipeline is still waiting for in-flight events
to be processed. Sending another ^C will force quit Logstash, but this may cause
data loss.
[2018-05-03T13:05:19,850][WARN ][logstash.shutdownwatcher ] {"inflight_count"=>0, "stalling_thread_info"=>{"other"=>[{"thread_id"=>26, "name"=>"[main]<beats", "current_call"=>"[...]/vendor/bundle/jruby/1.9/gems/logstash-input-beats-3.1.18-java/lib/logstash/inputs/beats.rb:206:in `run'"}, {"thread_id"=>21, "name"=>"[main]>worker0", "current_call"=>"[...]/logstash-core/lib/logstash/util/wrapped_synchronous_queue.rb:118:in `synchronize'"}, {"thread_id"=>22, "name"=>"[main]>worker1", "current_call"=>"[...]/logstash-core/lib/logstash/util/wrapped_synchronous_queue.rb:118:in `synchronize'"}, {"thread_id"=>24, "name"=>"[main]>worker3", "current_call"=>"[...]/logstash-core/lib/logstash/util/wrapped_synchronous_queue.rb:136:in `synchronize'"}], ["LogStash::Filters::Elapsed", {"start_tag"=>"taskStarted", "end_tag"=>"taskCompleted", "unique_id_field"=>"task_id", "timeout"=>10000000, "new_event_on_match"=>"false", "id"=>"bd93902be43c4eb37ab01ffbd2ee1b8562afeca9-5"}]=>[{"thread_id"=>23, "name"=>"[main]>worker2", "current_call"=>"[...]/logstash-core/lib/logstash/util/wrapped_synchronous_queue.rb:136:in `synchronize'"}]}}
[2018-05-03T13:05:19,854][ERROR][logstash.shutdownwatcher ] The shutdown process appears to be stalled due to busy or blocked plugins. Check the logs for more information.
[2018-05-03T13:05:35,529][INFO ][logstash.outputs.elasticsearch] Elasticsearch pool URLs updated {:changes=>{:removed=>[], :added=>[http://localhost:9200/]}}
[2018-05-03T13:05:35,535][INFO ][logstash.outputs.elasticsearch] Running health check to see if an Elasticsearch connection is working {:healthcheck_url=>http://localhost:9200/, :path=>"/"}
[2018-05-03T13:05:35,705][WARN ][logstash.outputs.elasticsearch] Restored connection to ES instance {:url=>#<URI::HTTP:0x7365c00e URL:http://localhost:9200/>}
[2018-05-03T13:05:35,708][INFO ][logstash.outputs.elasticsearch] Using mapping template from {:path=>nil}
[2018-05-03T13:05:35,783][INFO ][logstash.outputs.elasticsearch] Attempting to install template {:manage_template=>{"template"=>"logstash-*", "version"=>50001, "settings"=>{"index.refresh_interval"=>"5s"}, "mappings"=>{"_default_"=>{"_all"=>{"enabled"=>true, "norms"=>false}, "dynamic_templates"=>[{"message_field"=>{"path_match"=>"message", "match_mapping_type"=>"string", "mapping"=>{"type"=>"text", "norms"=>false}}}, {"string_fields"=>{"match"=>"*", "match_mapping_type"=>"string", "mapping"=>{"type"=>"text", "norms"=>false, "fields"=>{"keyword"=>{"type"=>"keyword"}}}}}], "properties"=>{"@timestamp"=>{"type"=>"date", "include_in_all"=>false}, "@version"=>{"type"=>"keyword", "include_in_all"=>false}, "geoip"=>{"dynamic"=>true, "properties"=>{"ip"=>{"type"=>"ip"}, "location"=>{"type"=>"geo_point"}, "latitude"=>{"type"=>"half_float"}, "longitude"=>{"type"=>"half_float"}}}}}}}}
[2018-05-03T13:05:35,793][INFO ][logstash.outputs.elasticsearch] New Elasticsearch output {:class=>"LogStash::Outputs::ElasticSearch", :hosts=>[#<URI::Generic:0x3e8f7135 URL://localhost:9200>]}
[2018-05-03T13:05:35,917][INFO ][logstash.filters.elapsed ] Elapsed, timeout: 10000000 seconds
[2018-05-03T13:05:35,919][INFO ][logstash.pipeline        ] Starting pipeline {"id"=>"main", "pipeline.workers"=>4, "pipeline.batch.size"=>125, "pipeline.batch.delay"=>5, "pipeline.max_inflight"=>500}
[2018-05-03T13:05:36,438][INFO ][logstash.inputs.beats    ] Beats inputs: Starting input listener {:address=>"0.0.0.0:5044"}
[2018-05-03T13:05:36,478][INFO ][logstash.pipeline        ] Pipeline main started
[2018-05-03T13:05:36,557][INFO ][logstash.agent           ] Successfully started Logstash API endpoint {:port=>9600}
[2018-05-03T13:07:42,982][WARN ][logstash.runner          ] SIGINT received. Shutting down the agent.
[2018-05-03T13:07:42,991][WARN ][logstash.agent           ] stopping pipeline {:id=>"main"}
[2018-05-03T13:07:47,989][WARN ][logstash.runner          ] Received shutdown signal, but pipeline is still waiting for in-flight events
to be processed. Sending another ^C will force quit Logstash, but this may cause
data loss.
[2018-05-03T13:07:48,026][WARN ][logstash.shutdownwatcher ] {"inflight_count"=>0, "stalling_thread_info"=>{"other"=>[{"thread_id"=>26, "name"=>"[main]<beats", "current_call"=>"[...]/vendor/bundle/jruby/1.9/gems/logstash-input-beats-3.1.18-java/lib/logstash/inputs/beats.rb:206:in `run'"}, {"thread_id"=>21, "name"=>"[main]>worker0", "current_call"=>"[...]/logstash-core/lib/logstash/util/wrapped_synchronous_queue.rb:118:in `synchronize'"}, {"thread_id"=>22, "name"=>"[main]>worker1", "current_call"=>"[...]/logstash-core/lib/logstash/util/wrapped_synchronous_queue.rb:136:in `synchronize'"}, {"thread_id"=>23, "name"=>"[main]>worker2", "current_call"=>"[...]/logstash-core/lib/logstash/util/wrapped_synchronous_queue.rb:136:in `synchronize'"}], ["LogStash::Filters::Elapsed", {"start_tag"=>"taskStarted", "end_tag"=>"taskCompleted", "unique_id_field"=>"task_id", "timeout"=>10000000, "new_event_on_match"=>"false", "id"=>"45c942f06523e58653e218e0c600842725f78902-5"}]=>[{"thread_id"=>24, "name"=>"[main]>worker3", "current_call"=>"[...]/logstash-core/lib/logstash/util/wrapped_synchronous_queue.rb:136:in `synchronize'"}]}}
[2018-05-03T13:07:48,028][ERROR][logstash.shutdownwatcher ] The shutdown process appears to be stalled due to busy or blocked plugins. Check the logs for more information.
[2018-05-03T13:08:28,750][INFO ][logstash.outputs.elasticsearch] Elasticsearch pool URLs updated {:changes=>{:removed=>[], :added=>[http://localhost:9200/]}}
[2018-05-03T13:08:28,762][INFO ][logstash.outputs.elasticsearch] Running health check to see if an Elasticsearch connection is working {:healthcheck_url=>http://localhost:9200/, :path=>"/"}
[2018-05-03T13:08:28,948][WARN ][logstash.outputs.elasticsearch] Restored connection to ES instance {:url=>#<URI::HTTP:0x4add511f URL:http://localhost:9200/>}
[2018-05-03T13:08:28,950][INFO ][logstash.outputs.elasticsearch] Using mapping template from {:path=>nil}
[2018-05-03T13:08:29,046][INFO ][logstash.outputs.elasticsearch] Attempting to install template {:manage_template=>{"template"=>"logstash-*", "version"=>50001, "settings"=>{"index.refresh_interval"=>"5s"}, "mappings"=>{"_default_"=>{"_all"=>{"enabled"=>true, "norms"=>false}, "dynamic_templates"=>[{"message_field"=>{"path_match"=>"message", "match_mapping_type"=>"string", "mapping"=>{"type"=>"text", "norms"=>false}}}, {"string_fields"=>{"match"=>"*", "match_mapping_type"=>"string", "mapping"=>{"type"=>"text", "norms"=>false, "fields"=>{"keyword"=>{"type"=>"keyword"}}}}}], "properties"=>{"@timestamp"=>{"type"=>"date", "include_in_all"=>false}, "@version"=>{"type"=>"keyword", "include_in_all"=>false}, "geoip"=>{"dynamic"=>true, "properties"=>{"ip"=>{"type"=>"ip"}, "location"=>{"type"=>"geo_point"}, "latitude"=>{"type"=>"half_float"}, "longitude"=>{"type"=>"half_float"}}}}}}}}
[2018-05-03T13:08:29,059][INFO ][logstash.outputs.elasticsearch] Installing elasticsearch template to _template/logstash
[2018-05-03T13:08:29,169][INFO ][logstash.outputs.elasticsearch] New Elasticsearch output {:class=>"LogStash::Outputs::ElasticSearch", :hosts=>[#<URI::Generic:0x76c428db URL://localhost:9200>]}
[2018-05-03T13:08:29,261][INFO ][logstash.filters.elapsed ] Elapsed, timeout: 10000000 seconds
[2018-05-03T13:08:29,262][INFO ][logstash.pipeline        ] Starting pipeline {"id"=>"main", "pipeline.workers"=>4, "pipeline.batch.size"=>125, "pipeline.batch.delay"=>5, "pipeline.max_inflight"=>500}
[2018-05-03T13:08:30,121][INFO ][logstash.inputs.beats    ] Beats inputs: Starting input listener {:address=>"0.0.0.0:5044"}
[2018-05-03T13:08:30,203][INFO ][logstash.pipeline        ] Pipeline main started
[2018-05-03T13:08:30,268][INFO ][logstash.agent           ] Successfully started Logstash API endpoint {:port=>9600}
[2018-05-03T13:09:09,393][INFO ][logstash.filters.elapsed ] Elapsed, 'start event' received {:start_tag=>"taskStarted", :unique_id_field=>"task_id"}
[2018-05-03T14:37:54,804][INFO ][logstash.filters.elapsed ] Elapsed, 'start event' received {:start_tag=>"taskStarted", :unique_id_field=>"task_id"}
[2018-05-03T14:37:54,811][INFO ][logstash.filters.elapsed ] Elapsed, 'end event' received {:end_tag=>"taskCompleted", :unique_id_field=>"task_id"}
[2018-05-03T14:37:54,815][INFO ][logstash.filters.elapsed ] Elapsed, 'start event' received {:start_tag=>"taskStarted", :unique_id_field=>"task_id"}
[2018-05-03T14:37:54,817][INFO ][logstash.filters.elapsed ] Elapsed, 'end event' received {:end_tag=>"taskCompleted", :unique_id_field=>"task_id"}
[2018-05-03T14:37:54,819][INFO ][logstash.filters.elapsed ] Elapsed, 'start event' received {:start_tag=>"taskStarted", :unique_id_field=>"task_id"}
[2018-05-03T14:37:54,822][INFO ][logstash.filters.elapsed ] Elapsed, 'start event' received {:start_tag=>"taskStarted", :unique_id_field=>"task_id"}
[2018-05-03T14:37:54,825][INFO ][logstash.filters.elapsed ] Elapsed, 'end event' received {:end_tag=>"taskCompleted", :unique_id_field=>"task_id"}
[2018-05-03T14:37:54,832][INFO ][logstash.filters.elapsed ] Elapsed, 'start event' received {:start_tag=>"taskStarted", :unique_id_field=>"task_id"}
[2018-05-03T14:37:54,835][INFO ][logstash.filters.elapsed ] Elapsed, 'end event' received {:end_tag=>"taskCompleted", :unique_id_field=>"task_id"}
[2018-05-03T14:37:54,835][INFO ][logstash.filters.elapsed ] Elapsed, 'start event' received {:start_tag=>"taskStarted", :unique_id_field=>"task_id"}
[2018-05-03T14:37:54,838][INFO ][logstash.filters.elapsed ] Elapsed, 'end event' received {:end_tag=>"taskCompleted", :unique_id_field=>"task_id"}
[2018-05-03T14:37:54,838][INFO ][logstash.filters.elapsed ] Elapsed, 'start event' received {:start_tag=>"taskStarted", :unique_id_field=>"task_id"}
[2018-05-03T14:37:54,847][INFO ][logstash.filters.elapsed ] Elapsed, 'end event' received {:end_tag=>"taskCompleted", :unique_id_field=>"task_id"}
[2018-05-03T14:37:54,851][INFO ][logstash.filters.elapsed ] Elapsed, 'start event' received {:start_tag=>"taskStarted", :unique_id_field=>"task_id"}
[2018-05-03T14:37:54,853][INFO ][logstash.filters.elapsed ] Elapsed, 'start event' received {:start_tag=>"taskStarted", :unique_id_field=>"task_id"}
[2018-05-03T14:37:54,853][INFO ][logstash.filters.elapsed ] Elapsed, 'end event' received {:end_tag=>"taskCompleted", :unique_id_field=>"task_id"}
[2018-05-03T14:37:54,856][INFO ][logstash.filters.elapsed ] Elapsed, 'end event' received {:end_tag=>"taskCompleted", :unique_id_field=>"task_id"}
[2018-05-03T14:37:54,856][INFO ][logstash.filters.elapsed ] Elapsed, 'start event' received {:start_tag=>"taskStarted", :unique_id_field=>"task_id"}
[2018-05-03T14:37:54,858][INFO ][logstash.filters.elapsed ] Elapsed, 'start event' received {:start_tag=>"taskStarted", :unique_id_field=>"task_id"}
[2018-05-03T14:37:54,859][INFO ][logstash.filters.elapsed ] Elapsed, 'end event' received {:end_tag=>"taskCompleted", :unique_id_field=>"task_id"}
[2018-05-03T14:37:54,860][INFO ][logstash.filters.elapsed ] Elapsed, 'end event' received {:end_tag=>"taskCompleted", :unique_id_field=>"task_id"}
[2018-05-03T14:37:54,865][INFO ][logstash.filters.elapsed ] Elapsed, 'start event' received {:start_tag=>"taskStarted", :unique_id_field=>"task_id"}
[2018-05-03T14:37:54,866][INFO ][logstash.filters.elapsed ] Elapsed, 'start event' received {:start_tag=>"taskStarted", :unique_id_field=>"task_id"}
[2018-05-03T14:37:54,868][INFO ][logstash.filters.elapsed ] Elapsed, 'end event' received {:end_tag=>"taskCompleted", :unique_id_field=>"task_id"}
[2018-05-03T14:37:54,868][INFO ][logstash.filters.elapsed ] Elapsed, 'end event' received {:end_tag=>"taskCompleted", :unique_id_field=>"task_id"}
[2018-05-03T14:37:54,874][INFO ][logstash.filters.elapsed ] Elapsed, 'start event' received {:start_tag=>"taskStarted", :unique_id_field=>"task_id"}
[2018-05-03T14:37:54,877][INFO ][logstash.filters.elapsed ] Elapsed, 'start event' received {:start_tag=>"taskStarted", :unique_id_field=>"task_id"}
[2018-05-03T14:37:54,878][INFO ][logstash.filters.elapsed ] Elapsed, 'start event' received {:start_tag=>"taskStarted", :unique_id_field=>"task_id"}
[2018-05-03T14:37:54,879][INFO ][logstash.filters.elapsed ] Elapsed, 'end event' received {:end_tag=>"taskCompleted", :unique_id_field=>"task_id"}
[2018-05-03T14:37:54,880][INFO ][logstash.filters.elapsed ] Elapsed, 'start event' received {:start_tag=>"taskStarted", :unique_id_field=>"task_id"}
[2018-05-03T14:37:54,881][INFO ][logstash.filters.elapsed ] Elapsed, 'start event' received {:start_tag=>"taskStarted", :unique_id_field=>"task_id"}
[2018-05-03T14:37:54,881][INFO ][logstash.filters.elapsed ] Elapsed, 'start event' received {:start_tag=>"taskStarted", :unique_id_field=>"task_id"}
[2018-05-03T14:37:54,883][INFO ][logstash.filters.elapsed ] Elapsed, 'start event' received {:start_tag=>"taskStarted", :unique_id_field=>"task_id"}
[2018-05-03T14:37:54,883][INFO ][logstash.filters.elapsed ] Elapsed, 'end event' received {:end_tag=>"taskCompleted", :unique_id_field=>"task_id"}
[2018-05-03T14:37:54,885][INFO ][logstash.filters.elapsed ] Elapsed, 'start event' received {:start_tag=>"taskStarted", :unique_id_field=>"task_id"}
[2018-05-03T14:37:54,885][INFO ][logstash.filters.elapsed ] Elapsed, 'start event' received {:start_tag=>"taskStarted", :unique_id_field=>"task_id"}
[2018-05-03T14:37:54,887][INFO ][logstash.filters.elapsed ] Elapsed, 'end event' received {:end_tag=>"taskCompleted", :unique_id_field=>"task_id"}
[2018-05-03T14:37:54,887][INFO ][logstash.filters.elapsed ] Elapsed, 'end event' received {:end_tag=>"taskCompleted", :unique_id_field=>"task_id"}
[2018-05-03T14:37:54,889][INFO ][logstash.filters.elapsed ] Elapsed, 'end event' received {:end_tag=>"taskCompleted", :unique_id_field=>"task_id"}
[2018-05-03T14:37:54,890][INFO ][logstash.filters.elapsed ] Elapsed, 'end event' received {:end_tag=>"taskCompleted", :unique_id_field=>"task_id"}
[2018-05-03T14:37:54,938][INFO ][logstash.filters.elapsed ] Elapsed, 'start event' received {:start_tag=>"taskStarted", :unique_id_field=>"task_id"}
[2018-05-03T14:37:54,941][INFO ][logstash.filters.elapsed ] Elapsed, 'end event' received {:end_tag=>"taskCompleted", :unique_id_field=>"task_id"}
[2018-05-03T14:37:54,947][INFO ][logstash.filters.elapsed ] Elapsed, 'end event' received {:end_tag=>"taskCompleted", :unique_id_field=>"task_id"}
[2018-05-03T14:37:54,952][INFO ][logstash.filters.elapsed ] Elapsed, 'start event' received {:start_tag=>"taskStarted", :unique_id_field=>"task_id"}
[2018-05-03T14:37:54,957][INFO ][logstash.filters.elapsed ] Elapsed, 'end event' received {:end_tag=>"taskCompleted", :unique_id_field=>"task_id"}
[2018-05-03T14:37:54,959][INFO ][logstash.filters.elapsed ] Elapsed, 'start event' received {:start_tag=>"taskStarted", :unique_id_field=>"task_id"}
[2018-05-03T14:37:54,963][INFO ][logstash.filters.elapsed ] Elapsed, 'end event' received {:end_tag=>"taskCompleted", :unique_id_field=>"task_id"}
[2018-05-03T14:37:54,964][INFO ][logstash.filters.elapsed ] Elapsed, 'start event' received {:start_tag=>"taskStarted", :unique_id_field=>"task_id"}
[2018-05-03T14:37:54,970][INFO ][logstash.filters.elapsed ] Elapsed, 'end event' received {:end_tag=>"taskCompleted", :unique_id_field=>"task_id"}
[2018-05-03T14:37:54,979][INFO ][logstash.filters.elapsed ] Elapsed, 'start event' received {:start_tag=>"taskStarted", :unique_id_field=>"task_id"}
[2018-05-03T14:37:54,983][INFO ][logstash.filters.elapsed ] Elapsed, 'end event' received {:end_tag=>"taskCompleted", :unique_id_field=>"task_id"}
[2018-05-03T14:37:54,986][INFO ][logstash.filters.elapsed ] Elapsed, 'start event' received {:start_tag=>"taskStarted", :unique_id_field=>"task_id"}
[2018-05-03T14:37:54,988][INFO ][logstash.filters.elapsed ] Elapsed, 'end event' received {:end_tag=>"taskCompleted", :unique_id_field=>"task_id"}
[2018-05-03T14:37:55,016][INFO ][logstash.filters.elapsed ] Elapsed, 'start event' received {:start_tag=>"taskStarted", :unique_id_field=>"task_id"}
[2018-05-03T14:37:55,028][INFO ][logstash.filters.elapsed ] Elapsed, 'end event' received {:end_tag=>"taskCompleted", :unique_id_field=>"task_id"}
[2018-05-03T14:37:55,033][INFO ][logstash.filters.elapsed ] Elapsed, 'start event' received {:start_tag=>"taskStarted", :unique_id_field=>"task_id"}
[2018-05-03T14:37:55,043][INFO ][logstash.filters.elapsed ] Elapsed, 'end event' received {:end_tag=>"taskCompleted", :unique_id_field=>"task_id"}
[2018-05-03T14:37:55,046][INFO ][logstash.filters.elapsed ] Elapsed, 'start event' received {:start_tag=>"taskStarted", :unique_id_field=>"task_id"}
[2018-05-03T14:37:55,048][INFO ][logstash.filters.elapsed ] Elapsed, 'end event' received {:end_tag=>"taskCompleted", :unique_id_field=>"task_id"}
[2018-05-03T14:41:24,768][INFO ][logstash.filters.elapsed ] Elapsed, 'start event' received {:start_tag=>"taskStarted", :unique_id_field=>"task_id"}
[2018-05-03T14:41:24,771][INFO ][logstash.filters.elapsed ] Elapsed, 'end event' received {:end_tag=>"taskCompleted", :unique_id_field=>"task_id"}
[2018-05-03T16:12:11,403][WARN ][logstash.runner          ] SIGINT received. Shutting down the agent.
[2018-05-03T16:12:11,423][WARN ][logstash.agent           ] stopping pipeline {:id=>"main"}
[2018-05-03T16:12:16,414][WARN ][logstash.runner          ] Received shutdown signal, but pipeline is still waiting for in-flight events
to be processed. Sending another ^C will force quit Logstash, but this may cause
data loss.
[2018-05-03T16:12:16,437][WARN ][logstash.shutdownwatcher ] {"inflight_count"=>0, "stalling_thread_info"=>{}}
[2018-05-03T16:12:16,439][ERROR][logstash.shutdownwatcher ] The shutdown process appears to be stalled due to busy or blocked plugins. Check the logs for more information.
[2018-05-03T16:12:49,090][ERROR][logstash.agent           ] Cannot create pipeline {:reason=>"Expected one of #, ( at line 28, column 9 (byte 562) after filter {\n\ngrok {\n  tag_on_failure => []\n  match => { \"message\" => \"%{TIMESTAMP_ISO8601:tstamp} START id: (?<task_id>.*)\" }\n  add_tag => [ \"logtype\",\"taskStarted\" ]\n  #remove_tag => [\"_grokparsefailure\"]\n\n}\n\ngrok {\n  tag_on_failure => []\n  match => { \"message\" => \"%{TIMESTAMP_ISO8601:tstamp} END id: (?<task_id>.*)\" }\n  add_tag => [ \"logtype\",\"taskCompleted\" ]\n  #remove_tag => [\"_grokparsefailure\"]\n}\n\n date {\n    match => [\"tstamp\", \"ISO8601\"]\n}\n\n\n#if \"_grokparsefailure\" in [tags] {\n #           drop { }\n #       }\n\n if not "}
[2018-05-03T16:17:51,651][ERROR][logstash.agent           ] Cannot create pipeline {:reason=>"Expected one of #, ( at line 28, column 9 (byte 562) after filter {\n\ngrok {\n  match => { \"message\" => \"%{TIMESTAMP_ISO8601:tstamp} START id: (?<task_id>.*)\" }\n  add_tag => [ \"logtype\",\"taskStarted\" ]\n  tag_on_failure => []\n  #remove_tag => [\"_grokparsefailure\"]\n\n}\n\ngrok {\n  match => { \"message\" => \"%{TIMESTAMP_ISO8601:tstamp} END id: (?<task_id>.*)\" }\n  add_tag => [ \"logtype\",\"taskCompleted\" ]\n  tag_on_failure => []\n  #remove_tag => [\"_grokparsefailure\"]\n}\n\n date {\n    match => [\"tstamp\", \"ISO8601\"]\n}\n\n\n#if \"_grokparsefailure\" in [tags] {\n #           drop { }\n #       }\n\n if not "}
[2018-05-03T16:18:16,427][ERROR][logstash.agent           ] Cannot create pipeline {:reason=>"Expected one of #, ( at line 28, column 9 (byte 562) after filter {\n\ngrok {\n  match => { \"message\" => \"%{TIMESTAMP_ISO8601:tstamp} START id: (?<task_id>.*)\" }\n  add_tag => [ \"logtype\",\"taskStarted\" ]\n  tag_on_failure => []\n  #remove_tag => [\"_grokparsefailure\"]\n\n}\n\ngrok {\n  match => { \"message\" => \"%{TIMESTAMP_ISO8601:tstamp} END id: (?<task_id>.*)\" }\n  add_tag => [ \"logtype\",\"taskCompleted\" ]\n  tag_on_failure => []\n  #remove_tag => [\"_grokparsefailure\"]\n}\n\n date {\n    match => [\"tstamp\", \"ISO8601\"]\n}\n\n\n#if \"_grokparsefailure\" in [tags] {\n #           drop { }\n #       }\n\n if not "}
[2018-05-03T16:26:03,122][INFO ][logstash.outputs.elasticsearch] Elasticsearch pool URLs updated {:changes=>{:removed=>[], :added=>[http://localhost:9200/]}}
[2018-05-03T16:26:03,130][INFO ][logstash.outputs.elasticsearch] Running health check to see if an Elasticsearch connection is working {:healthcheck_url=>http://localhost:9200/, :path=>"/"}
[2018-05-03T16:26:03,350][WARN ][logstash.outputs.elasticsearch] Restored connection to ES instance {:url=>#<URI::HTTP:0xfbaa7fc URL:http://localhost:9200/>}
[2018-05-03T16:26:03,352][INFO ][logstash.outputs.elasticsearch] Using mapping template from {:path=>nil}
[2018-05-03T16:26:03,472][INFO ][logstash.outputs.elasticsearch] Attempting to install template {:manage_template=>{"template"=>"logstash-*", "version"=>50001, "settings"=>{"index.refresh_interval"=>"5s"}, "mappings"=>{"_default_"=>{"_all"=>{"enabled"=>true, "norms"=>false}, "dynamic_templates"=>[{"message_field"=>{"path_match"=>"message", "match_mapping_type"=>"string", "mapping"=>{"type"=>"text", "norms"=>false}}}, {"string_fields"=>{"match"=>"*", "match_mapping_type"=>"string", "mapping"=>{"type"=>"text", "norms"=>false, "fields"=>{"keyword"=>{"type"=>"keyword"}}}}}], "properties"=>{"@timestamp"=>{"type"=>"date", "include_in_all"=>false}, "@version"=>{"type"=>"keyword", "include_in_all"=>false}, "geoip"=>{"dynamic"=>true, "properties"=>{"ip"=>{"type"=>"ip"}, "location"=>{"type"=>"geo_point"}, "latitude"=>{"type"=>"half_float"}, "longitude"=>{"type"=>"half_float"}}}}}}}}
[2018-05-03T16:26:03,480][INFO ][logstash.outputs.elasticsearch] Installing elasticsearch template to _template/logstash
[2018-05-03T16:26:03,612][INFO ][logstash.outputs.elasticsearch] New Elasticsearch output {:class=>"LogStash::Outputs::ElasticSearch", :hosts=>[#<URI::Generic:0x5f8de585 URL://localhost:9200>]}
[2018-05-03T16:26:03,759][INFO ][logstash.filters.elapsed ] Elapsed, timeout: 10000000 seconds
[2018-05-03T16:26:03,764][INFO ][logstash.pipeline        ] Starting pipeline {"id"=>"main", "pipeline.workers"=>4, "pipeline.batch.size"=>125, "pipeline.batch.delay"=>5, "pipeline.max_inflight"=>500}
[2018-05-03T16:26:04,575][INFO ][logstash.inputs.beats    ] Beats inputs: Starting input listener {:address=>"0.0.0.0:5044"}
[2018-05-03T16:26:04,672][INFO ][logstash.pipeline        ] Pipeline main started
[2018-05-03T16:26:04,764][INFO ][logstash.agent           ] Successfully started Logstash API endpoint {:port=>9600}
[2018-05-03T16:26:50,743][INFO ][logstash.filters.elapsed ] Elapsed, 'start event' received {:start_tag=>"taskStarted", :unique_id_field=>"task_id"}
[2018-05-03T16:26:50,748][INFO ][logstash.filters.elapsed ] Elapsed, 'end event' received {:end_tag=>"taskCompleted", :unique_id_field=>"task_id"}
[2018-05-03T16:26:50,753][INFO ][logstash.filters.elapsed ] Elapsed, 'start event' received {:start_tag=>"taskStarted", :unique_id_field=>"task_id"}
[2018-05-03T16:26:50,757][INFO ][logstash.filters.elapsed ] Elapsed, 'end event' received {:end_tag=>"taskCompleted", :unique_id_field=>"task_id"}
[2018-05-03T16:26:50,760][INFO ][logstash.filters.elapsed ] Elapsed, 'start event' received {:start_tag=>"taskStarted", :unique_id_field=>"task_id"}
[2018-05-03T16:26:50,762][INFO ][logstash.filters.elapsed ] Elapsed, 'start event' received {:start_tag=>"taskStarted", :unique_id_field=>"task_id"}
[2018-05-03T16:26:50,762][INFO ][logstash.filters.elapsed ] Elapsed, 'end event' received {:end_tag=>"taskCompleted", :unique_id_field=>"task_id"}
[2018-05-03T16:26:50,774][INFO ][logstash.filters.elapsed ] Elapsed, 'start event' received {:start_tag=>"taskStarted", :unique_id_field=>"task_id"}
[2018-05-03T16:26:50,777][INFO ][logstash.filters.elapsed ] Elapsed, 'end event' received {:end_tag=>"taskCompleted", :unique_id_field=>"task_id"}
[2018-05-03T16:26:50,782][INFO ][logstash.filters.elapsed ] Elapsed, 'start event' received {:start_tag=>"taskStarted", :unique_id_field=>"task_id"}
[2018-05-03T16:26:50,786][INFO ][logstash.filters.elapsed ] Elapsed, 'end event' received {:end_tag=>"taskCompleted", :unique_id_field=>"task_id"}
[2018-05-03T16:26:50,764][INFO ][logstash.filters.elapsed ] Elapsed, 'end event' received {:end_tag=>"taskCompleted", :unique_id_field=>"task_id"}
[2018-05-03T16:26:50,788][INFO ][logstash.filters.elapsed ] Elapsed, 'start event' received {:start_tag=>"taskStarted", :unique_id_field=>"task_id"}
[2018-05-03T16:26:50,789][INFO ][logstash.filters.elapsed ] Elapsed, 'start event' received {:start_tag=>"taskStarted", :unique_id_field=>"task_id"}
[2018-05-03T16:26:50,793][INFO ][logstash.filters.elapsed ] Elapsed, 'end event' received {:end_tag=>"taskCompleted", :unique_id_field=>"task_id"}
[2018-05-03T16:26:50,794][INFO ][logstash.filters.elapsed ] Elapsed, 'end event' received {:end_tag=>"taskCompleted", :unique_id_field=>"task_id"}
[2018-05-03T16:26:50,795][INFO ][logstash.filters.elapsed ] Elapsed, 'start event' received {:start_tag=>"taskStarted", :unique_id_field=>"task_id"}
[2018-05-03T16:26:50,796][INFO ][logstash.filters.elapsed ] Elapsed, 'start event' received {:start_tag=>"taskStarted", :unique_id_field=>"task_id"}
[2018-05-03T16:26:50,825][INFO ][logstash.filters.elapsed ] Elapsed, 'end event' received {:end_tag=>"taskCompleted", :unique_id_field=>"task_id"}
[2018-05-03T16:26:50,824][INFO ][logstash.filters.elapsed ] Elapsed, 'end event' received {:end_tag=>"taskCompleted", :unique_id_field=>"task_id"}
[2018-05-03T16:26:50,827][INFO ][logstash.filters.elapsed ] Elapsed, 'end event' received {:end_tag=>"taskCompleted", :unique_id_field=>"task_id"}
[2018-05-03T16:26:50,828][INFO ][logstash.filters.elapsed ] Elapsed, 'start event' received {:start_tag=>"taskStarted", :unique_id_field=>"task_id"}
[2018-05-03T16:26:50,829][INFO ][logstash.filters.elapsed ] Elapsed, 'start event' received {:start_tag=>"taskStarted", :unique_id_field=>"task_id"}
[2018-05-03T16:26:50,831][INFO ][logstash.filters.elapsed ] Elapsed, 'end event' received {:end_tag=>"taskCompleted", :unique_id_field=>"task_id"}
[2018-05-03T16:26:50,836][INFO ][logstash.filters.elapsed ] Elapsed, 'start event' received {:start_tag=>"taskStarted", :unique_id_field=>"task_id"}
[2018-05-03T16:26:50,938][INFO ][logstash.filters.elapsed ] Elapsed, 'end event' received {:end_tag=>"taskCompleted", :unique_id_field=>"task_id"}
[2018-05-03T16:26:51,682][INFO ][logstash.filters.elapsed ] Elapsed, 'end event' received {:end_tag=>"taskCompleted", :unique_id_field=>"task_id"}
[2018-05-03T16:26:51,686][INFO ][logstash.filters.elapsed ] Elapsed, 'start event' received {:start_tag=>"taskStarted", :unique_id_field=>"task_id"}
[2018-05-03T16:26:51,689][INFO ][logstash.filters.elapsed ] Elapsed, 'end event' received {:end_tag=>"taskCompleted", :unique_id_field=>"task_id"}
[2018-05-03T16:26:51,691][INFO ][logstash.filters.elapsed ] Elapsed, 'start event' received {:start_tag=>"taskStarted", :unique_id_field=>"task_id"}
[2018-05-03T16:26:51,693][INFO ][logstash.filters.elapsed ] Elapsed, 'end event' received {:end_tag=>"taskCompleted", :unique_id_field=>"task_id"}
[2018-05-03T16:26:51,696][INFO ][logstash.filters.elapsed ] Elapsed, 'start event' received {:start_tag=>"taskStarted", :unique_id_field=>"task_id"}
[2018-05-03T16:26:51,699][INFO ][logstash.filters.elapsed ] Elapsed, 'end event' received {:end_tag=>"taskCompleted", :unique_id_field=>"task_id"}
[2018-05-03T16:26:51,702][INFO ][logstash.filters.elapsed ] Elapsed, 'start event' received {:start_tag=>"taskStarted", :unique_id_field=>"task_id"}
[2018-05-03T16:26:51,705][INFO ][logstash.filters.elapsed ] Elapsed, 'end event' received {:end_tag=>"taskCompleted", :unique_id_field=>"task_id"}
[2018-05-03T16:26:51,707][INFO ][logstash.filters.elapsed ] Elapsed, 'start event' received {:start_tag=>"taskStarted", :unique_id_field=>"task_id"}
[2018-05-03T16:26:51,713][INFO ][logstash.filters.elapsed ] Elapsed, 'end event' received {:end_tag=>"taskCompleted", :unique_id_field=>"task_id"}
[2018-05-03T16:26:51,716][INFO ][logstash.filters.elapsed ] Elapsed, 'start event' received {:start_tag=>"taskStarted", :unique_id_field=>"task_id"}
[2018-05-03T16:26:51,721][INFO ][logstash.filters.elapsed ] Elapsed, 'end event' received {:end_tag=>"taskCompleted", :unique_id_field=>"task_id"}
[2018-05-03T16:26:51,724][INFO ][logstash.filters.elapsed ] Elapsed, 'start event' received {:start_tag=>"taskStarted", :unique_id_field=>"task_id"}
[2018-05-03T16:26:51,726][INFO ][logstash.filters.elapsed ] Elapsed, 'end event' received {:end_tag=>"taskCompleted", :unique_id_field=>"task_id"}
[2018-05-03T16:26:51,728][INFO ][logstash.filters.elapsed ] Elapsed, 'start event' received {:start_tag=>"taskStarted", :unique_id_field=>"task_id"}
[2018-05-03T16:26:51,730][INFO ][logstash.filters.elapsed ] Elapsed, 'end event' received {:end_tag=>"taskCompleted", :unique_id_field=>"task_id"}
[2018-05-03T16:26:51,733][INFO ][logstash.filters.elapsed ] Elapsed, 'start event' received {:start_tag=>"taskStarted", :unique_id_field=>"task_id"}
[2018-05-03T16:26:51,735][INFO ][logstash.filters.elapsed ] Elapsed, 'end event' received {:end_tag=>"taskCompleted", :unique_id_field=>"task_id"}
[2018-05-03T16:26:51,800][INFO ][logstash.filters.elapsed ] Elapsed, 'start event' received {:start_tag=>"taskStarted", :unique_id_field=>"task_id"}
[2018-05-03T16:26:51,805][INFO ][logstash.filters.elapsed ] Elapsed, 'end event' received {:end_tag=>"taskCompleted", :unique_id_field=>"task_id"}
[2018-05-03T16:26:51,812][INFO ][logstash.filters.elapsed ] Elapsed, 'start event' received {:start_tag=>"taskStarted", :unique_id_field=>"task_id"}
[2018-05-03T16:26:51,816][INFO ][logstash.filters.elapsed ] Elapsed, 'end event' received {:end_tag=>"taskCompleted", :unique_id_field=>"task_id"}
[2018-05-03T16:26:51,819][INFO ][logstash.filters.elapsed ] Elapsed, 'start event' received {:start_tag=>"taskStarted", :unique_id_field=>"task_id"}
[2018-05-03T16:26:51,825][INFO ][logstash.filters.elapsed ] Elapsed, 'end event' received {:end_tag=>"taskCompleted", :unique_id_field=>"task_id"}
[2018-05-03T16:26:51,831][INFO ][logstash.filters.elapsed ] Elapsed, 'start event' received {:start_tag=>"taskStarted", :unique_id_field=>"task_id"}
[2018-05-03T16:26:51,838][INFO ][logstash.filters.elapsed ] Elapsed, 'start event' received {:start_tag=>"taskStarted", :unique_id_field=>"task_id"}
[2018-05-03T16:26:51,840][INFO ][logstash.filters.elapsed ] Elapsed, 'start event' received {:start_tag=>"taskStarted", :unique_id_field=>"task_id"}
[2018-05-03T16:26:51,844][INFO ][logstash.filters.elapsed ] Elapsed, 'start event' received {:start_tag=>"taskStarted", :unique_id_field=>"task_id"}
[2018-05-03T16:26:51,847][INFO ][logstash.filters.elapsed ] Elapsed, 'start event' received {:start_tag=>"taskStarted", :unique_id_field=>"task_id"}
[2018-05-03T16:26:52,146][INFO ][logstash.filters.elapsed ] Elapsed, 'start event' received {:start_tag=>"taskStarted", :unique_id_field=>"task_id"}
[2018-05-03T16:26:52,149][INFO ][logstash.filters.elapsed ] Elapsed, 'end event' received {:end_tag=>"taskCompleted", :unique_id_field=>"task_id"}
[2018-05-03T16:26:52,153][INFO ][logstash.filters.elapsed ] Elapsed, 'end event' received {:end_tag=>"taskCompleted", :unique_id_field=>"task_id"}
[2018-05-03T16:26:52,156][INFO ][logstash.filters.elapsed ] Elapsed, 'start event' received {:start_tag=>"taskStarted", :unique_id_field=>"task_id"}
[2018-05-03T16:26:52,183][INFO ][logstash.filters.elapsed ] Elapsed, 'end event' received {:end_tag=>"taskCompleted", :unique_id_field=>"task_id"}
[2018-05-03T16:45:21,828][INFO ][logstash.filters.elapsed ] Elapsed, 'start event' received {:start_tag=>"taskStarted", :unique_id_field=>"task_id"}
[2018-05-03T16:45:21,832][INFO ][logstash.filters.elapsed ] Elapsed, 'end event' received {:end_tag=>"taskCompleted", :unique_id_field=>"task_id"}
[2018-05-03T16:45:21,838][INFO ][logstash.filters.elapsed ] Elapsed, 'start event' received {:start_tag=>"taskStarted", :unique_id_field=>"task_id"}
[2018-05-03T16:45:21,840][INFO ][logstash.filters.elapsed ] Elapsed, 'end event' received {:end_tag=>"taskCompleted", :unique_id_field=>"task_id"}
[2018-05-03T16:45:21,842][INFO ][logstash.filters.elapsed ] Elapsed, 'start event' received {:start_tag=>"taskStarted", :unique_id_field=>"task_id"}
[2018-05-03T16:45:21,843][INFO ][logstash.filters.elapsed ] Elapsed, 'end event' received {:end_tag=>"taskCompleted", :unique_id_field=>"task_id"}
[2018-05-03T16:45:21,843][INFO ][logstash.filters.elapsed ] Elapsed, 'start event' received {:start_tag=>"taskStarted", :unique_id_field=>"task_id"}
[2018-05-03T16:45:21,846][INFO ][logstash.filters.elapsed ] Elapsed, 'end event' received {:end_tag=>"taskCompleted", :unique_id_field=>"task_id"}
[2018-05-03T16:45:21,848][INFO ][logstash.filters.elapsed ] Elapsed, 'start event' received {:start_tag=>"taskStarted", :unique_id_field=>"task_id"}
[2018-05-03T16:45:21,848][INFO ][logstash.filters.elapsed ] Elapsed, 'start event' received {:start_tag=>"taskStarted", :unique_id_field=>"task_id"}
[2018-05-03T16:45:21,849][INFO ][logstash.filters.elapsed ] Elapsed, 'end event' received {:end_tag=>"taskCompleted", :unique_id_field=>"task_id"}
[2018-05-03T16:45:21,851][INFO ][logstash.filters.elapsed ] Elapsed, 'end event' received {:end_tag=>"taskCompleted", :unique_id_field=>"task_id"}
[2018-05-03T16:45:21,851][INFO ][logstash.filters.elapsed ] Elapsed, 'start event' received {:start_tag=>"taskStarted", :unique_id_field=>"task_id"}
[2018-05-03T16:45:21,853][INFO ][logstash.filters.elapsed ] Elapsed, 'start event' received {:start_tag=>"taskStarted", :unique_id_field=>"task_id"}
[2018-05-03T16:45:21,853][INFO ][logstash.filters.elapsed ] Elapsed, 'end event' received {:end_tag=>"taskCompleted", :unique_id_field=>"task_id"}
[2018-05-03T16:45:21,855][INFO ][logstash.filters.elapsed ] Elapsed, 'end event' received {:end_tag=>"taskCompleted", :unique_id_field=>"task_id"}
[2018-05-03T16:45:21,856][INFO ][logstash.filters.elapsed ] Elapsed, 'start event' received {:start_tag=>"taskStarted", :unique_id_field=>"task_id"}
[2018-05-03T16:45:21,856][INFO ][logstash.filters.elapsed ] Elapsed, 'start event' received {:start_tag=>"taskStarted", :unique_id_field=>"task_id"}
[2018-05-03T16:45:21,858][INFO ][logstash.filters.elapsed ] Elapsed, 'end event' received {:end_tag=>"taskCompleted", :unique_id_field=>"task_id"}
[2018-05-03T16:45:21,860][INFO ][logstash.filters.elapsed ] Elapsed, 'end event' received {:end_tag=>"taskCompleted", :unique_id_field=>"task_id"}
[2018-05-03T16:45:21,860][INFO ][logstash.filters.elapsed ] Elapsed, 'start event' received {:start_tag=>"taskStarted", :unique_id_field=>"task_id"}
[2018-05-03T16:45:21,862][INFO ][logstash.filters.elapsed ] Elapsed, 'end event' received {:end_tag=>"taskCompleted", :unique_id_field=>"task_id"}
[2018-05-03T16:45:21,864][INFO ][logstash.filters.elapsed ] Elapsed, 'start event' received {:start_tag=>"taskStarted", :unique_id_field=>"task_id"}
[2018-05-03T16:45:21,866][INFO ][logstash.filters.elapsed ] Elapsed, 'end event' received {:end_tag=>"taskCompleted", :unique_id_field=>"task_id"}
[2018-05-03T16:45:21,869][INFO ][logstash.filters.elapsed ] Elapsed, 'start event' received {:start_tag=>"taskStarted", :unique_id_field=>"task_id"}
[2018-05-03T16:45:21,871][INFO ][logstash.filters.elapsed ] Elapsed, 'end event' received {:end_tag=>"taskCompleted", :unique_id_field=>"task_id"}
[2018-05-03T16:45:21,872][INFO ][logstash.filters.elapsed ] Elapsed, 'start event' received {:start_tag=>"taskStarted", :unique_id_field=>"task_id"}
[2018-05-03T16:45:21,873][INFO ][logstash.filters.elapsed ] Elapsed, 'start event' received {:start_tag=>"taskStarted", :unique_id_field=>"task_id"}
[2018-05-03T16:45:21,874][INFO ][logstash.filters.elapsed ] Elapsed, 'end event' received {:end_tag=>"taskCompleted", :unique_id_field=>"task_id"}
[2018-05-03T16:45:21,875][INFO ][logstash.filters.elapsed ] Elapsed, 'end event' received {:end_tag=>"taskCompleted", :unique_id_field=>"task_id"}
[2018-05-03T16:45:21,875][INFO ][logstash.filters.elapsed ] Elapsed, 'start event' received {:start_tag=>"taskStarted", :unique_id_field=>"task_id"}
[2018-05-03T16:45:21,876][INFO ][logstash.filters.elapsed ] Elapsed, 'start event' received {:start_tag=>"taskStarted", :unique_id_field=>"task_id"}
[2018-05-03T16:45:21,878][INFO ][logstash.filters.elapsed ] Elapsed, 'end event' received {:end_tag=>"taskCompleted", :unique_id_field=>"task_id"}
[2018-05-03T16:45:21,880][INFO ][logstash.filters.elapsed ] Elapsed, 'start event' received {:start_tag=>"taskStarted", :unique_id_field=>"task_id"}
[2018-05-03T16:45:21,881][INFO ][logstash.filters.elapsed ] Elapsed, 'start event' received {:start_tag=>"taskStarted", :unique_id_field=>"task_id"}
[2018-05-03T16:45:21,882][INFO ][logstash.filters.elapsed ] Elapsed, 'end event' received {:end_tag=>"taskCompleted", :unique_id_field=>"task_id"}
[2018-05-03T16:45:21,882][INFO ][logstash.filters.elapsed ] Elapsed, 'start event' received {:start_tag=>"taskStarted", :unique_id_field=>"task_id"}
[2018-05-03T16:45:21,884][INFO ][logstash.filters.elapsed ] Elapsed, 'end event' received {:end_tag=>"taskCompleted", :unique_id_field=>"task_id"}
[2018-05-03T16:45:21,885][INFO ][logstash.filters.elapsed ] Elapsed, 'start event' received {:start_tag=>"taskStarted", :unique_id_field=>"task_id"}
[2018-05-03T16:45:21,907][INFO ][logstash.filters.elapsed ] Elapsed, 'start event' received {:start_tag=>"taskStarted", :unique_id_field=>"task_id"}
[2018-05-03T16:45:21,907][INFO ][logstash.filters.elapsed ] Elapsed, 'start event' received {:start_tag=>"taskStarted", :unique_id_field=>"task_id"}
[2018-05-03T16:45:21,912][INFO ][logstash.filters.elapsed ] Elapsed, 'end event' received {:end_tag=>"taskCompleted", :unique_id_field=>"task_id"}
[2018-05-03T16:45:21,912][INFO ][logstash.filters.elapsed ] Elapsed, 'start event' received {:start_tag=>"taskStarted", :unique_id_field=>"task_id"}
[2018-05-03T16:45:21,915][INFO ][logstash.filters.elapsed ] Elapsed, 'end event' received {:end_tag=>"taskCompleted", :unique_id_field=>"task_id"}
[2018-05-03T16:45:21,917][INFO ][logstash.filters.elapsed ] Elapsed, 'end event' received {:end_tag=>"taskCompleted", :unique_id_field=>"task_id"}
[2018-05-03T16:45:21,918][INFO ][logstash.filters.elapsed ] Elapsed, 'start event' received {:start_tag=>"taskStarted", :unique_id_field=>"task_id"}
[2018-05-03T16:45:21,920][INFO ][logstash.filters.elapsed ] Elapsed, 'end event' received {:end_tag=>"taskCompleted", :unique_id_field=>"task_id"}
[2018-05-03T16:45:21,921][INFO ][logstash.filters.elapsed ] Elapsed, 'end event' received {:end_tag=>"taskCompleted", :unique_id_field=>"task_id"}
[2018-05-03T16:45:21,922][INFO ][logstash.filters.elapsed ] Elapsed, 'start event' received {:start_tag=>"taskStarted", :unique_id_field=>"task_id"}
[2018-05-03T16:45:21,926][INFO ][logstash.filters.elapsed ] Elapsed, 'end event' received {:end_tag=>"taskCompleted", :unique_id_field=>"task_id"}
[2018-05-03T16:45:21,926][INFO ][logstash.filters.elapsed ] Elapsed, 'start event' received {:start_tag=>"taskStarted", :unique_id_field=>"task_id"}
[2018-05-03T16:45:21,928][INFO ][logstash.filters.elapsed ] Elapsed, 'start event' received {:start_tag=>"taskStarted", :unique_id_field=>"task_id"}
[2018-05-03T16:45:21,929][INFO ][logstash.filters.elapsed ] Elapsed, 'end event' received {:end_tag=>"taskCompleted", :unique_id_field=>"task_id"}
[2018-05-03T16:45:21,930][INFO ][logstash.filters.elapsed ] Elapsed, 'end event' received {:end_tag=>"taskCompleted", :unique_id_field=>"task_id"}
[2018-05-03T16:45:21,932][INFO ][logstash.filters.elapsed ] Elapsed, 'start event' received {:start_tag=>"taskStarted", :unique_id_field=>"task_id"}
[2018-05-03T16:45:21,934][INFO ][logstash.filters.elapsed ] Elapsed, 'end event' received {:end_tag=>"taskCompleted", :unique_id_field=>"task_id"}
[2018-05-03T16:45:21,936][INFO ][logstash.filters.elapsed ] Elapsed, 'start event' received {:start_tag=>"taskStarted", :unique_id_field=>"task_id"}
[2018-05-03T16:45:21,939][INFO ][logstash.filters.elapsed ] Elapsed, 'end event' received {:end_tag=>"taskCompleted", :unique_id_field=>"task_id"}
[2018-05-03T16:45:21,942][INFO ][logstash.filters.elapsed ] Elapsed, 'start event' received {:start_tag=>"taskStarted", :unique_id_field=>"task_id"}
[2018-05-03T16:45:21,944][INFO ][logstash.filters.elapsed ] Elapsed, 'end event' received {:end_tag=>"taskCompleted", :unique_id_field=>"task_id"}
[2018-05-03T16:45:21,946][INFO ][logstash.filters.elapsed ] Elapsed, 'start event' received {:start_tag=>"taskStarted", :unique_id_field=>"task_id"}
[2018-05-03T16:45:46,855][WARN ][logstash.runner          ] SIGINT received. Shutting down the agent.
[2018-05-03T16:45:46,867][WARN ][logstash.agent           ] stopping pipeline {:id=>"main"}
[2018-05-03T16:45:51,860][WARN ][logstash.runner          ] Received shutdown signal, but pipeline is still waiting for in-flight events
to be processed. Sending another ^C will force quit Logstash, but this may cause
data loss.
[2018-05-03T16:45:51,895][WARN ][logstash.shutdownwatcher ] {"inflight_count"=>0, "stalling_thread_info"=>{"other"=>[{"thread_id"=>26, "name"=>"[main]<beats", "current_call"=>"[...]/vendor/bundle/jruby/1.9/gems/logstash-input-beats-3.1.18-java/lib/logstash/inputs/beats.rb:206:in `run'"}], ["LogStash::Filters::Elapsed", {"start_tag"=>"taskStarted", "end_tag"=>"taskCompleted", "unique_id_field"=>"task_id", "timeout"=>10000000, "new_event_on_match"=>"false", "id"=>"61592d2b7ead9134b2cd2be4cad39f7f251e2e36-6"}]=>[{"thread_id"=>21, "name"=>"[main]>worker0", "current_call"=>"[...]/logstash-core/lib/logstash/util/wrapped_synchronous_queue.rb:136:in `synchronize'"}, {"thread_id"=>22, "name"=>"[main]>worker1", "current_call"=>"[...]/logstash-core/lib/logstash/util/wrapped_synchronous_queue.rb:118:in `synchronize'"}, {"thread_id"=>23, "name"=>"[main]>worker2", "current_call"=>"[...]/logstash-core/lib/logstash/util/wrapped_synchronous_queue.rb:136:in `synchronize'"}, {"thread_id"=>24, "name"=>"[main]>worker3", "current_call"=>"[...]/logstash-core/lib/logstash/util/wrapped_synchronous_queue.rb:118:in `synchronize'"}]}}
[2018-05-03T16:45:51,898][ERROR][logstash.shutdownwatcher ] The shutdown process appears to be stalled due to busy or blocked plugins. Check the logs for more information.
[2018-05-03T16:46:13,131][INFO ][logstash.outputs.elasticsearch] Elasticsearch pool URLs updated {:changes=>{:removed=>[], :added=>[http://localhost:9200/]}}
[2018-05-03T16:46:13,136][INFO ][logstash.outputs.elasticsearch] Running health check to see if an Elasticsearch connection is working {:healthcheck_url=>http://localhost:9200/, :path=>"/"}
[2018-05-03T16:46:13,268][WARN ][logstash.outputs.elasticsearch] Attempted to resurrect connection to dead ES instance, but got an error. {:url=>#<URI::HTTP:0x78abfc9b URL:http://localhost:9200/>, :error_type=>LogStash::Outputs::ElasticSearch::HttpClient::Pool::HostUnreachableError, :error=>"Elasticsearch Unreachable: [http://localhost:9200/][Manticore::SocketException] Connection refused (Connection refused)"}
[2018-05-03T16:46:13,271][INFO ][logstash.outputs.elasticsearch] Using mapping template from {:path=>nil}
[2018-05-03T16:46:13,278][WARN ][logstash.outputs.elasticsearch] Marking url as dead. Last error: [LogStash::Outputs::ElasticSearch::HttpClient::Pool::HostUnreachableError] Elasticsearch Unreachable: [http://localhost:9200/][Manticore::SocketException] Connection refused (Connection refused) {:url=>http://localhost:9200/, :error_message=>"Elasticsearch Unreachable: [http://localhost:9200/][Manticore::SocketException] Connection refused (Connection refused)", :error_class=>"LogStash::Outputs::ElasticSearch::HttpClient::Pool::HostUnreachableError"}
[2018-05-03T16:46:13,280][ERROR][logstash.outputs.elasticsearch] Failed to install template. {:message=>"Elasticsearch Unreachable: [http://localhost:9200/][Manticore::SocketException] Connection refused (Connection refused)", :class=>"LogStash::Outputs::ElasticSearch::HttpClient::Pool::HostUnreachableError", :backtrace=>["/Users/azuga/elk/5_4_3/logstash-5.4.3/vendor/bundle/jruby/1.9/gems/logstash-output-elasticsearch-7.3.5-java/lib/logstash/outputs/elasticsearch/http_client/pool.rb:271:in `perform_request_to_url'", "/Users/azuga/elk/5_4_3/logstash-5.4.3/vendor/bundle/jruby/1.9/gems/logstash-output-elasticsearch-7.3.5-java/lib/logstash/outputs/elasticsearch/http_client/pool.rb:257:in `perform_request'", "/Users/azuga/elk/5_4_3/logstash-5.4.3/vendor/bundle/jruby/1.9/gems/logstash-output-elasticsearch-7.3.5-java/lib/logstash/outputs/elasticsearch/http_client/pool.rb:347:in `with_connection'", "/Users/azuga/elk/5_4_3/logstash-5.4.3/vendor/bundle/jruby/1.9/gems/logstash-output-elasticsearch-7.3.5-java/lib/logstash/outputs/elasticsearch/http_client/pool.rb:256:in `perform_request'", "/Users/azuga/elk/5_4_3/logstash-5.4.3/vendor/bundle/jruby/1.9/gems/logstash-output-elasticsearch-7.3.5-java/lib/logstash/outputs/elasticsearch/http_client/pool.rb:264:in `get'", "/Users/azuga/elk/5_4_3/logstash-5.4.3/vendor/bundle/jruby/1.9/gems/logstash-output-elasticsearch-7.3.5-java/lib/logstash/outputs/elasticsearch/http_client.rb:86:in `get_version'", "/Users/azuga/elk/5_4_3/logstash-5.4.3/vendor/bundle/jruby/1.9/gems/logstash-output-elasticsearch-7.3.5-java/lib/logstash/outputs/elasticsearch/template_manager.rb:16:in `get_es_version'", "/Users/azuga/elk/5_4_3/logstash-5.4.3/vendor/bundle/jruby/1.9/gems/logstash-output-elasticsearch-7.3.5-java/lib/logstash/outputs/elasticsearch/template_manager.rb:20:in `get_es_major_version'", "/Users/azuga/elk/5_4_3/logstash-5.4.3/vendor/bundle/jruby/1.9/gems/logstash-output-elasticsearch-7.3.5-java/lib/logstash/outputs/elasticsearch/template_manager.rb:7:in `install_template'", "/Users/azuga/elk/5_4_3/logstash-5.4.3/vendor/bundle/jruby/1.9/gems/logstash-output-elasticsearch-7.3.5-java/lib/logstash/outputs/elasticsearch/common.rb:62:in `install_template'", "/Users/azuga/elk/5_4_3/logstash-5.4.3/vendor/bundle/jruby/1.9/gems/logstash-output-elasticsearch-7.3.5-java/lib/logstash/outputs/elasticsearch/common.rb:29:in `register'", "/Users/azuga/elk/5_4_3/logstash-5.4.3/logstash-core/lib/logstash/output_delegator_strategies/shared.rb:9:in `register'", "/Users/azuga/elk/5_4_3/logstash-5.4.3/logstash-core/lib/logstash/output_delegator.rb:41:in `register'", "/Users/azuga/elk/5_4_3/logstash-5.4.3/logstash-core/lib/logstash/pipeline.rb:268:in `register_plugin'", "/Users/azuga/elk/5_4_3/logstash-5.4.3/logstash-core/lib/logstash/pipeline.rb:279:in `register_plugins'", "org/jruby/RubyArray.java:1613:in `each'", "/Users/azuga/elk/5_4_3/logstash-5.4.3/logstash-core/lib/logstash/pipeline.rb:279:in `register_plugins'", "/Users/azuga/elk/5_4_3/logstash-5.4.3/logstash-core/lib/logstash/pipeline.rb:288:in `start_workers'", "/Users/azuga/elk/5_4_3/logstash-5.4.3/logstash-core/lib/logstash/pipeline.rb:214:in `run'", "/Users/azuga/elk/5_4_3/logstash-5.4.3/logstash-core/lib/logstash/agent.rb:398:in `start_pipeline'"]}
[2018-05-03T16:46:13,283][INFO ][logstash.outputs.elasticsearch] New Elasticsearch output {:class=>"LogStash::Outputs::ElasticSearch", :hosts=>[#<URI::Generic:0x6af34a28 URL://localhost:9200>]}
[2018-05-03T16:46:13,385][INFO ][logstash.filters.elapsed ] Elapsed, timeout: 10000000 seconds
[2018-05-03T16:46:13,390][INFO ][logstash.pipeline        ] Starting pipeline {"id"=>"main", "pipeline.workers"=>4, "pipeline.batch.size"=>125, "pipeline.batch.delay"=>5, "pipeline.max_inflight"=>500}
[2018-05-03T16:46:14,255][INFO ][logstash.inputs.beats    ] Beats inputs: Starting input listener {:address=>"0.0.0.0:5044"}
[2018-05-03T16:46:14,369][INFO ][logstash.pipeline        ] Pipeline main started
[2018-05-03T16:46:14,430][INFO ][logstash.agent           ] Successfully started Logstash API endpoint {:port=>9600}
[2018-05-03T16:46:18,283][INFO ][logstash.outputs.elasticsearch] Running health check to see if an Elasticsearch connection is working {:healthcheck_url=>http://localhost:9200/, :path=>"/"}
[2018-05-03T16:46:18,298][WARN ][logstash.outputs.elasticsearch] Attempted to resurrect connection to dead ES instance, but got an error. {:url=>#<URI::HTTP:0x78abfc9b URL:http://localhost:9200/>, :error_type=>LogStash::Outputs::ElasticSearch::HttpClient::Pool::HostUnreachableError, :error=>"Elasticsearch Unreachable: [http://localhost:9200/][Manticore::SocketException] Connection refused (Connection refused)"}
[2018-05-03T16:46:23,317][INFO ][logstash.outputs.elasticsearch] Running health check to see if an Elasticsearch connection is working {:healthcheck_url=>http://localhost:9200/, :path=>"/"}
[2018-05-03T16:46:23,322][WARN ][logstash.outputs.elasticsearch] Attempted to resurrect connection to dead ES instance, but got an error. {:url=>#<URI::HTTP:0x78abfc9b URL:http://localhost:9200/>, :error_type=>LogStash::Outputs::ElasticSearch::HttpClient::Pool::HostUnreachableError, :error=>"Elasticsearch Unreachable: [http://localhost:9200/][Manticore::SocketException] Connection refused (Connection refused)"}
[2018-05-03T16:46:28,342][INFO ][logstash.outputs.elasticsearch] Running health check to see if an Elasticsearch connection is working {:healthcheck_url=>http://localhost:9200/, :path=>"/"}
[2018-05-03T16:46:28,531][WARN ][logstash.outputs.elasticsearch] Restored connection to ES instance {:url=>#<URI::HTTP:0x78abfc9b URL:http://localhost:9200/>}
[2018-05-03T16:46:51,946][INFO ][logstash.filters.elapsed ] Elapsed, 'start event' received {:start_tag=>"taskStarted", :unique_id_field=>"message_index"}
[2018-05-03T16:46:51,954][INFO ][logstash.filters.elapsed ] Elapsed, 'end event' received {:end_tag=>"taskCompleted", :unique_id_field=>"message_index"}
[2018-05-03T16:46:51,959][INFO ][logstash.filters.elapsed ] Elapsed, 'start event' received {:start_tag=>"taskStarted", :unique_id_field=>"message_index"}
[2018-05-03T16:46:51,961][INFO ][logstash.filters.elapsed ] Elapsed, 'start event' received {:start_tag=>"taskStarted", :unique_id_field=>"message_index"}
[2018-05-03T16:46:51,964][INFO ][logstash.filters.elapsed ] Elapsed, 'end event' received {:end_tag=>"taskCompleted", :unique_id_field=>"message_index"}
[2018-05-03T16:46:51,965][INFO ][logstash.filters.elapsed ] Elapsed, 'end event' received {:end_tag=>"taskCompleted", :unique_id_field=>"message_index"}
[2018-05-03T16:46:51,968][INFO ][logstash.filters.elapsed ] Elapsed, 'start event' received {:start_tag=>"taskStarted", :unique_id_field=>"message_index"}
[2018-05-03T16:46:51,968][INFO ][logstash.filters.elapsed ] Elapsed, 'start event' received {:start_tag=>"taskStarted", :unique_id_field=>"message_index"}
[2018-05-03T16:46:51,972][INFO ][logstash.filters.elapsed ] Elapsed, 'end event' received {:end_tag=>"taskCompleted", :unique_id_field=>"message_index"}
[2018-05-03T16:46:51,978][INFO ][logstash.filters.elapsed ] Elapsed, 'start event' received {:start_tag=>"taskStarted", :unique_id_field=>"message_index"}
[2018-05-03T16:46:51,989][INFO ][logstash.filters.elapsed ] Elapsed, 'end event' received {:end_tag=>"taskCompleted", :unique_id_field=>"message_index"}
[2018-05-03T16:46:52,014][INFO ][logstash.filters.elapsed ] Elapsed, 'start event' received {:start_tag=>"taskStarted", :unique_id_field=>"message_index"}
[2018-05-03T16:46:52,018][INFO ][logstash.filters.elapsed ] Elapsed, 'end event' received {:end_tag=>"taskCompleted", :unique_id_field=>"message_index"}
[2018-05-03T16:46:52,028][INFO ][logstash.filters.elapsed ] Elapsed, 'start event' received {:start_tag=>"taskStarted", :unique_id_field=>"message_index"}
[2018-05-03T16:46:52,032][INFO ][logstash.filters.elapsed ] Elapsed, 'end event' received {:end_tag=>"taskCompleted", :unique_id_field=>"message_index"}
[2018-05-03T16:46:52,033][INFO ][logstash.filters.elapsed ] Elapsed, 'end event' received {:end_tag=>"taskCompleted", :unique_id_field=>"message_index"}
[2018-05-03T16:46:52,035][INFO ][logstash.filters.elapsed ] Elapsed, 'start event' received {:start_tag=>"taskStarted", :unique_id_field=>"message_index"}
[2018-05-03T16:46:52,035][INFO ][logstash.filters.elapsed ] Elapsed, 'start event' received {:start_tag=>"taskStarted", :unique_id_field=>"message_index"}
[2018-05-03T16:46:52,037][INFO ][logstash.filters.elapsed ] Elapsed, 'end event' received {:end_tag=>"taskCompleted", :unique_id_field=>"message_index"}
[2018-05-03T16:46:52,038][INFO ][logstash.filters.elapsed ] Elapsed, 'end event' received {:end_tag=>"taskCompleted", :unique_id_field=>"message_index"}
[2018-05-03T16:46:52,044][INFO ][logstash.filters.elapsed ] Elapsed, 'start event' received {:start_tag=>"taskStarted", :unique_id_field=>"message_index"}
[2018-05-03T16:46:52,046][INFO ][logstash.filters.elapsed ] Elapsed, 'end event' received {:end_tag=>"taskCompleted", :unique_id_field=>"message_index"}
[2018-05-03T16:46:52,049][INFO ][logstash.filters.elapsed ] Elapsed, 'start event' received {:start_tag=>"taskStarted", :unique_id_field=>"message_index"}
[2018-05-03T16:46:52,074][INFO ][logstash.filters.elapsed ] Elapsed, 'start event' received {:start_tag=>"taskStarted", :unique_id_field=>"message_index"}
[2018-05-03T16:46:52,078][INFO ][logstash.filters.elapsed ] Elapsed, 'end event' received {:end_tag=>"taskCompleted", :unique_id_field=>"message_index"}
[2018-05-03T16:46:52,145][INFO ][logstash.filters.elapsed ] Elapsed, 'start event' received {:start_tag=>"taskStarted", :unique_id_field=>"message_index"}
[2018-05-03T16:46:52,148][INFO ][logstash.filters.elapsed ] Elapsed, 'end event' received {:end_tag=>"taskCompleted", :unique_id_field=>"message_index"}
[2018-05-03T16:46:52,200][INFO ][logstash.filters.elapsed ] Elapsed, 'start event' received {:start_tag=>"taskStarted", :unique_id_field=>"message_index"}
[2018-05-03T16:46:52,213][INFO ][logstash.filters.elapsed ] Elapsed, 'end event' received {:end_tag=>"taskCompleted", :unique_id_field=>"message_index"}
[2018-05-03T16:46:52,253][INFO ][logstash.filters.elapsed ] Elapsed, 'end event' received {:end_tag=>"taskCompleted", :unique_id_field=>"message_index"}
[2018-05-03T16:46:52,259][INFO ][logstash.filters.elapsed ] Elapsed, 'start event' received {:start_tag=>"taskStarted", :unique_id_field=>"message_index"}
[2018-05-03T16:46:52,261][INFO ][logstash.filters.elapsed ] Elapsed, 'end event' received {:end_tag=>"taskCompleted", :unique_id_field=>"message_index"}
[2018-05-03T16:46:52,271][INFO ][logstash.filters.elapsed ] Elapsed, 'end event' received {:end_tag=>"taskCompleted", :unique_id_field=>"message_index"}
[2018-05-03T16:46:52,275][INFO ][logstash.filters.elapsed ] Elapsed, 'start event' received {:start_tag=>"taskStarted", :unique_id_field=>"message_index"}
[2018-05-03T16:46:53,158][INFO ][logstash.filters.elapsed ] Elapsed, 'end event' received {:end_tag=>"taskCompleted", :unique_id_field=>"message_index"}
[2018-05-03T16:46:53,166][INFO ][logstash.filters.elapsed ] Elapsed, 'start event' received {:start_tag=>"taskStarted", :unique_id_field=>"message_index"}
[2018-05-03T16:46:53,300][INFO ][logstash.filters.elapsed ] Elapsed, 'start event' received {:start_tag=>"taskStarted", :unique_id_field=>"message_index"}
[2018-05-03T16:46:53,302][INFO ][logstash.filters.elapsed ] Elapsed, 'end event' received {:end_tag=>"taskCompleted", :unique_id_field=>"message_index"}
[2018-05-03T16:46:53,303][INFO ][logstash.filters.elapsed ] Elapsed, 'start event' received {:start_tag=>"taskStarted", :unique_id_field=>"message_index"}
[2018-05-03T16:46:53,306][INFO ][logstash.filters.elapsed ] Elapsed, 'start event' received {:start_tag=>"taskStarted", :unique_id_field=>"message_index"}
[2018-05-03T16:46:53,304][INFO ][logstash.filters.elapsed ] Elapsed, 'start event' received {:start_tag=>"taskStarted", :unique_id_field=>"message_index"}
[2018-05-03T16:46:53,313][INFO ][logstash.filters.elapsed ] Elapsed, 'start event' received {:start_tag=>"taskStarted", :unique_id_field=>"message_index"}
[2018-05-03T16:46:53,315][INFO ][logstash.filters.elapsed ] Elapsed, 'end event' received {:end_tag=>"taskCompleted", :unique_id_field=>"message_index"}
[2018-05-03T16:46:53,318][INFO ][logstash.filters.elapsed ] Elapsed, 'start event' received {:start_tag=>"taskStarted", :unique_id_field=>"message_index"}
[2018-05-03T16:46:53,320][INFO ][logstash.filters.elapsed ] Elapsed, 'start event' received {:start_tag=>"taskStarted", :unique_id_field=>"message_index"}
[2018-05-03T16:46:53,325][INFO ][logstash.filters.elapsed ] Elapsed, 'end event' received {:end_tag=>"taskCompleted", :unique_id_field=>"message_index"}
[2018-05-03T16:46:53,328][INFO ][logstash.filters.elapsed ] Elapsed, 'start event' received {:start_tag=>"taskStarted", :unique_id_field=>"message_index"}
[2018-05-03T16:46:53,419][INFO ][logstash.filters.elapsed ] Elapsed, 'start event' received {:start_tag=>"taskStarted", :unique_id_field=>"message_index"}
[2018-05-03T16:46:53,420][INFO ][logstash.filters.elapsed ] Elapsed, 'end event' received {:end_tag=>"taskCompleted", :unique_id_field=>"message_index"}
[2018-05-03T16:46:53,421][INFO ][logstash.filters.elapsed ] Elapsed, 'end event' received {:end_tag=>"taskCompleted", :unique_id_field=>"message_index"}
[2018-05-03T16:46:53,421][INFO ][logstash.filters.elapsed ] Elapsed, 'start event' received {:start_tag=>"taskStarted", :unique_id_field=>"message_index"}
[2018-05-03T16:46:53,423][INFO ][logstash.filters.elapsed ] Elapsed, 'end event' received {:end_tag=>"taskCompleted", :unique_id_field=>"message_index"}
[2018-05-03T16:46:53,423][INFO ][logstash.filters.elapsed ] Elapsed, 'end event' received {:end_tag=>"taskCompleted", :unique_id_field=>"message_index"}
[2018-05-03T16:46:53,425][INFO ][logstash.filters.elapsed ] Elapsed, 'start event' received {:start_tag=>"taskStarted", :unique_id_field=>"message_index"}
[2018-05-03T16:46:53,427][INFO ][logstash.filters.elapsed ] Elapsed, 'start event' received {:start_tag=>"taskStarted", :unique_id_field=>"message_index"}
[2018-05-03T16:46:53,427][INFO ][logstash.filters.elapsed ] Elapsed, 'end event' received {:end_tag=>"taskCompleted", :unique_id_field=>"message_index"}
[2018-05-03T16:46:53,429][INFO ][logstash.filters.elapsed ] Elapsed, 'end event' received {:end_tag=>"taskCompleted", :unique_id_field=>"message_index"}
[2018-05-03T16:46:53,452][INFO ][logstash.filters.elapsed ] Elapsed, 'start event' received {:start_tag=>"taskStarted", :unique_id_field=>"message_index"}
[2018-05-03T16:46:53,457][INFO ][logstash.filters.elapsed ] Elapsed, 'end event' received {:end_tag=>"taskCompleted", :unique_id_field=>"message_index"}
[2018-05-03T16:46:53,459][INFO ][logstash.filters.elapsed ] Elapsed, 'start event' received {:start_tag=>"taskStarted", :unique_id_field=>"message_index"}
[2018-05-03T16:46:53,461][INFO ][logstash.filters.elapsed ] Elapsed, 'end event' received {:end_tag=>"taskCompleted", :unique_id_field=>"message_index"}
