[2018-05-31T14:46:37,645][FATAL][logstash.runner          ] Logstash could not be started because there is already another instance using the configured data directory.  If you wish to run multiple instances, you must change the "path.data" setting.
[2018-05-31T14:47:07,937][ERROR][logstash.agent           ] Cannot create pipeline {:reason=>"Expected one of #, input, filter, output at line 1, column 1 (byte 1) after "}
[2018-05-31T14:49:58,408][ERROR][logstash.agent           ] Cannot create pipeline {:reason=>"Expected one of #, input, filter, output at line 1, column 1 (byte 1) after "}
[2018-05-31T14:50:48,741][ERROR][logstash.agent           ] Cannot create pipeline {:reason=>"Expected one of #, input, filter, output at line 1, column 1 (byte 1) after "}
[2018-05-31T14:53:32,878][ERROR][logstash.agent           ] Cannot create pipeline {:reason=>"Expected one of #, input, filter, output at line 1, column 1 (byte 1) after "}
[2018-05-31T14:59:20,627][ERROR][logstash.agent           ] Cannot create pipeline {:reason=>"Expected one of #, input, filter, output at line 1, column 1 (byte 1) after "}
[2018-05-31T15:00:17,462][ERROR][logstash.agent           ] Cannot create pipeline {:reason=>"Expected one of #, input, filter, output at line 1, column 1 (byte 1) after "}
[2018-05-31T15:01:16,028][ERROR][logstash.agent           ] Cannot create pipeline {:reason=>"Expected one of #, input, filter, output at line 1, column 1 (byte 1) after "}
[2018-05-31T15:01:44,162][ERROR][logstash.agent           ] Cannot create pipeline {:reason=>"Expected one of #, input, filter, output at line 1, column 1 (byte 1) after "}
[2018-05-31T15:02:32,082][ERROR][logstash.agent           ] Cannot create pipeline {:reason=>"Expected one of #, input, filter, output at line 1, column 1 (byte 1) after "}
[2018-05-31T15:04:22,922][ERROR][logstash.agent           ] Cannot create pipeline {:reason=>"Expected one of #, input, filter, output at line 1, column 1 (byte 1) after "}
[2018-05-31T15:05:41,531][ERROR][logstash.agent           ] Cannot create pipeline {:reason=>"Expected one of #, input, filter, output at line 1, column 1 (byte 1) after "}
[2018-05-31T15:08:48,002][INFO ][logstash.outputs.elasticsearch] Elasticsearch pool URLs updated {:changes=>{:removed=>[], :added=>[http://localhost:9200/]}}
[2018-05-31T15:08:48,008][INFO ][logstash.outputs.elasticsearch] Running health check to see if an Elasticsearch connection is working {:healthcheck_url=>http://localhost:9200/, :path=>"/"}
[2018-05-31T15:08:48,179][WARN ][logstash.outputs.elasticsearch] Restored connection to ES instance {:url=>#<URI::HTTP:0x14dc670e URL:http://localhost:9200/>}
[2018-05-31T15:08:48,181][INFO ][logstash.outputs.elasticsearch] Using mapping template from {:path=>nil}
[2018-05-31T15:08:48,266][INFO ][logstash.outputs.elasticsearch] Attempting to install template {:manage_template=>{"template"=>"logstash-*", "version"=>50001, "settings"=>{"index.refresh_interval"=>"5s"}, "mappings"=>{"_default_"=>{"_all"=>{"enabled"=>true, "norms"=>false}, "dynamic_templates"=>[{"message_field"=>{"path_match"=>"message", "match_mapping_type"=>"string", "mapping"=>{"type"=>"text", "norms"=>false}}}, {"string_fields"=>{"match"=>"*", "match_mapping_type"=>"string", "mapping"=>{"type"=>"text", "norms"=>false, "fields"=>{"keyword"=>{"type"=>"keyword"}}}}}], "properties"=>{"@timestamp"=>{"type"=>"date", "include_in_all"=>false}, "@version"=>{"type"=>"keyword", "include_in_all"=>false}, "geoip"=>{"dynamic"=>true, "properties"=>{"ip"=>{"type"=>"ip"}, "location"=>{"type"=>"geo_point"}, "latitude"=>{"type"=>"half_float"}, "longitude"=>{"type"=>"half_float"}}}}}}}}
[2018-05-31T15:08:48,274][INFO ][logstash.outputs.elasticsearch] New Elasticsearch output {:class=>"LogStash::Outputs::ElasticSearch", :hosts=>[#<URI::Generic:0x12b92931 URL://localhost:9200>]}
[2018-05-31T15:08:48,436][INFO ][logstash.filters.elapsed ] Elapsed, timeout: 10000000 seconds
[2018-05-31T15:08:48,440][INFO ][logstash.pipeline        ] Starting pipeline {"id"=>"main", "pipeline.workers"=>4, "pipeline.batch.size"=>125, "pipeline.batch.delay"=>5, "pipeline.max_inflight"=>500}
[2018-05-31T15:08:49,065][INFO ][logstash.inputs.beats    ] Beats inputs: Starting input listener {:address=>"0.0.0.0:5044"}
[2018-05-31T15:08:49,137][INFO ][logstash.pipeline        ] Pipeline main started
[2018-05-31T15:08:49,201][INFO ][logstash.agent           ] Successfully started Logstash API endpoint {:port=>9600}
[2018-05-31T15:08:51,854][WARN ][logstash.runner          ] SIGINT received. Shutting down the agent.
[2018-05-31T15:08:51,862][WARN ][logstash.agent           ] stopping pipeline {:id=>"main"}
[2018-05-31T15:08:55,235][FATAL][logstash.runner          ] SIGINT received. Terminating immediately..
[2018-05-31T15:08:55,374][FATAL][logstash.runner          ] SIGINT received. Terminating immediately..
[2018-05-31T15:08:55,594][FATAL][logstash.runner          ] SIGINT received. Terminating immediately..
[2018-05-31T15:08:55,844][FATAL][logstash.runner          ] SIGINT received. Terminating immediately..
[2018-05-31T15:08:56,011][FATAL][logstash.runner          ] SIGINT received. Terminating immediately..
[2018-05-31T15:08:56,160][FATAL][logstash.runner          ] SIGINT received. Terminating immediately..
