[2018-05-02T14:32:20,364][WARN ][logstash.runner          ] SIGINT received. Shutting down the agent.
[2018-05-02T14:32:20,511][WARN ][logstash.agent           ] stopping pipeline {:id=>"main"}
[2018-05-02T14:32:25,458][WARN ][logstash.runner          ] Received shutdown signal, but pipeline is still waiting for in-flight events
to be processed. Sending another ^C will force quit Logstash, but this may cause
data loss.
[2018-05-02T14:32:25,562][WARN ][logstash.shutdownwatcher ] {"inflight_count"=>0, "stalling_thread_info"=>{"other"=>[{"thread_id"=>25, "name"=>"[main]<beats", "current_call"=>"[...]/vendor/bundle/jruby/1.9/gems/logstash-input-beats-3.1.18-java/lib/logstash/inputs/beats.rb:206:in `run'"}], ["LogStash::Filters::Grok", {"match"=>{"message"=>"%{TIMESTAMP_ISO8601:timestamp} \\[%{DATA:poolthreadName}\\] %{LOGLEVEL:log-level} : \\[\\] %{DATA:class} : %{GREEDYDATA:message}"}, "id"=>"e5bea026efbeee4b419cb0f830a4cb2d04dc40e4-2"}]=>[{"thread_id"=>20, "name"=>"[main]>worker0", "current_call"=>"[...]/logstash-core/lib/logstash/util/wrapped_synchronous_queue.rb:118:in `synchronize'"}], ["LogStash::Filters::Drop", {"id"=>"e5bea026efbeee4b419cb0f830a4cb2d04dc40e4-3"}]=>[{"thread_id"=>21, "name"=>"[main]>worker1", "current_call"=>"[...]/logstash-core/lib/logstash/util/wrapped_synchronous_queue.rb:118:in `synchronize'"}, {"thread_id"=>22, "name"=>"[main]>worker2", "current_call"=>"[...]/logstash-core/lib/logstash/util/wrapped_synchronous_queue.rb:136:in `synchronize'"}, {"thread_id"=>23, "name"=>"[main]>worker3", "current_call"=>"[...]/logstash-core/lib/logstash/util/wrapped_synchronous_queue.rb:136:in `synchronize'"}]}}
[2018-05-02T14:32:25,566][ERROR][logstash.shutdownwatcher ] The shutdown process appears to be stalled due to busy or blocked plugins. Check the logs for more information.
[2018-05-02T14:40:01,424][ERROR][logstash.agent           ] Cannot create pipeline {:reason=>"Expected one of #, input, filter, output at line 15, column 1 (byte 396) after "}
[2018-05-02T14:43:08,515][ERROR][logstash.agent           ] Cannot create pipeline {:reason=>"Expected one of #, => at line 12, column 4 (byte 323) after filter {\n\ngrok {\n   match => { \"message\" => \"%{TIMESTAMP_ISO8601:timestamp} %{LOGLEVEL:log-level} \\[%{DATA:class}\\] : %{DATA:type} : %{DATA:serialnum} %{DATA:discardmessage} : %{GREEDYDATA:serial}\" }\n }\nif \"_grokparsefailure\" in [tags] {\n            drop { }\n        }\n\nelasticsearch {\nif "}
[2018-05-02T14:44:54,826][ERROR][logstash.plugins.registry] Problems loading a plugin with {:type=>"filter", :name=>"elasticsearch", :path=>"logstash/filters/elasticsearch", :error_message=>"NameError", :error_class=>NameError, :error_backtrace=>["/Users/azuga/elk/5_4_3/logstash-5.4.3/logstash-core/lib/logstash/plugins/registry.rb:221:in `namespace_lookup'", "/Users/azuga/elk/5_4_3/logstash-5.4.3/logstash-core/lib/logstash/plugins/registry.rb:157:in `legacy_lookup'", "/Users/azuga/elk/5_4_3/logstash-5.4.3/logstash-core/lib/logstash/plugins/registry.rb:133:in `lookup'", "/Users/azuga/elk/5_4_3/logstash-5.4.3/logstash-core/lib/logstash/plugins/registry.rb:175:in `lookup_pipeline_plugin'", "/Users/azuga/elk/5_4_3/logstash-5.4.3/logstash-core/lib/logstash/plugin.rb:139:in `lookup'", "/Users/azuga/elk/5_4_3/logstash-5.4.3/logstash-core/lib/logstash/pipeline.rb:91:in `plugin'", "(eval):64:in `initialize'", "org/jruby/RubyKernel.java:1079:in `eval'", "/Users/azuga/elk/5_4_3/logstash-5.4.3/logstash-core/lib/logstash/pipeline.rb:63:in `initialize'", "/Users/azuga/elk/5_4_3/logstash-5.4.3/logstash-core/lib/logstash/pipeline.rb:145:in `initialize'", "/Users/azuga/elk/5_4_3/logstash-5.4.3/logstash-core/lib/logstash/agent.rb:286:in `create_pipeline'", "/Users/azuga/elk/5_4_3/logstash-5.4.3/logstash-core/lib/logstash/agent.rb:95:in `register_pipeline'", "/Users/azuga/elk/5_4_3/logstash-5.4.3/logstash-core/lib/logstash/runner.rb:274:in `execute'", "/Users/azuga/elk/5_4_3/logstash-5.4.3/vendor/bundle/jruby/1.9/gems/clamp-0.6.5/lib/clamp/command.rb:67:in `run'", "/Users/azuga/elk/5_4_3/logstash-5.4.3/logstash-core/lib/logstash/runner.rb:185:in `run'", "/Users/azuga/elk/5_4_3/logstash-5.4.3/vendor/bundle/jruby/1.9/gems/clamp-0.6.5/lib/clamp/command.rb:132:in `run'", "/Users/azuga/elk/5_4_3/logstash-5.4.3/lib/bootstrap/environment.rb:71:in `(root)'"]}
[2018-05-02T14:44:54,844][ERROR][logstash.agent           ] Cannot create pipeline {:reason=>"Couldn't find any filter plugin named 'elasticsearch'. Are you sure this is correct? Trying to load the elasticsearch filter plugin resulted in this error: Problems loading the requested plugin named elasticsearch of type filter. Error: NameError NameError"}
[2018-05-02T15:24:34,732][INFO ][logstash.outputs.elasticsearch] Elasticsearch pool URLs updated {:changes=>{:removed=>[], :added=>[http://localhost:9200/]}}
[2018-05-02T15:24:34,738][INFO ][logstash.outputs.elasticsearch] Running health check to see if an Elasticsearch connection is working {:healthcheck_url=>http://localhost:9200/, :path=>"/"}
[2018-05-02T15:24:34,957][WARN ][logstash.outputs.elasticsearch] Restored connection to ES instance {:url=>#<URI::HTTP:0x4dcb2b35 URL:http://localhost:9200/>}
[2018-05-02T15:24:34,959][INFO ][logstash.outputs.elasticsearch] Using mapping template from {:path=>nil}
[2018-05-02T15:24:35,039][INFO ][logstash.outputs.elasticsearch] Attempting to install template {:manage_template=>{"template"=>"logstash-*", "version"=>50001, "settings"=>{"index.refresh_interval"=>"5s"}, "mappings"=>{"_default_"=>{"_all"=>{"enabled"=>true, "norms"=>false}, "dynamic_templates"=>[{"message_field"=>{"path_match"=>"message", "match_mapping_type"=>"string", "mapping"=>{"type"=>"text", "norms"=>false}}}, {"string_fields"=>{"match"=>"*", "match_mapping_type"=>"string", "mapping"=>{"type"=>"text", "norms"=>false, "fields"=>{"keyword"=>{"type"=>"keyword"}}}}}], "properties"=>{"@timestamp"=>{"type"=>"date", "include_in_all"=>false}, "@version"=>{"type"=>"keyword", "include_in_all"=>false}, "geoip"=>{"dynamic"=>true, "properties"=>{"ip"=>{"type"=>"ip"}, "location"=>{"type"=>"geo_point"}, "latitude"=>{"type"=>"half_float"}, "longitude"=>{"type"=>"half_float"}}}}}}}}
[2018-05-02T15:24:35,102][INFO ][logstash.outputs.elasticsearch] New Elasticsearch output {:class=>"LogStash::Outputs::ElasticSearch", :hosts=>[#<URI::Generic:0x5133bf5f URL://localhost:9200>]}
[2018-05-02T15:24:35,213][INFO ][logstash.pipeline        ] Starting pipeline {"id"=>"main", "pipeline.workers"=>4, "pipeline.batch.size"=>125, "pipeline.batch.delay"=>5, "pipeline.max_inflight"=>500}
[2018-05-02T15:24:35,914][INFO ][logstash.inputs.beats    ] Beats inputs: Starting input listener {:address=>"0.0.0.0:5044"}
[2018-05-02T15:24:35,986][INFO ][logstash.pipeline        ] Pipeline main started
[2018-05-02T15:24:36,097][INFO ][logstash.agent           ] Successfully started Logstash API endpoint {:port=>9600}
[2018-05-02T15:25:56,984][WARN ][logstash.outputs.elasticsearch] Bad event type! Non-string/integer type value set! {:type_class=>Array, :type_value=>"[\"log\", \"REC_MSG\"]", :event=>2018-05-02T09:55:50.852Z Administrators-MacBook-Pro.local 2018-05-01T00:00:42.000+00:00 INFO [com.azuga.locationservice.client] : REC_MSG : 28763455427854 and serialNum : 1243}
[2018-05-02T15:25:57,691][WARN ][logstash.outputs.elasticsearch] Could not index event to Elasticsearch. {:status=>400, :action=>["index", {:_id=>nil, :_index=>"logstash-2018.05.02", :_type=>"[\"log\", \"REC_MSG\"]", :_routing=>nil}, 2018-05-02T09:55:50.852Z Administrators-MacBook-Pro.local 2018-05-01T00:00:42.000+00:00 INFO [com.azuga.locationservice.client] : REC_MSG : 28763455427854 and serialNum : 1243], :response=>{"index"=>{"_index"=>"logstash-2018.05.02", "_type"=>"[\"log\", \"REC_MSG\"]", "_id"=>"AWMgR6oQ23E8XaQtB68V", "status"=>400, "error"=>{"type"=>"invalid_type_name_exception", "reason"=>"mapping type name [[\"log\", \"REC_MSG\"]] should not include ',' in it"}}}}
[2018-05-02T15:27:15,688][WARN ][logstash.runner          ] SIGINT received. Shutting down the agent.
[2018-05-02T15:27:15,696][WARN ][logstash.agent           ] stopping pipeline {:id=>"main"}
[2018-05-02T15:27:20,697][WARN ][logstash.runner          ] Received shutdown signal, but pipeline is still waiting for in-flight events
to be processed. Sending another ^C will force quit Logstash, but this may cause
data loss.
[2018-05-02T15:27:20,730][WARN ][logstash.shutdownwatcher ] {"inflight_count"=>0, "stalling_thread_info"=>{"other"=>[{"thread_id"=>25, "name"=>"[main]<beats", "current_call"=>"[...]/vendor/bundle/jruby/1.9/gems/logstash-input-beats-3.1.18-java/lib/logstash/inputs/beats.rb:206:in `run'"}, {"thread_id"=>20, "name"=>"[main]>worker0", "current_call"=>"[...]/logstash-core/lib/logstash/util/wrapped_synchronous_queue.rb:136:in `synchronize'"}, {"thread_id"=>22, "name"=>"[main]>worker2", "current_call"=>"[...]/logstash-core/lib/logstash/util/wrapped_synchronous_queue.rb:136:in `synchronize'"}, {"thread_id"=>23, "name"=>"[main]>worker3", "current_call"=>"[...]/logstash-core/lib/logstash/util/wrapped_synchronous_queue.rb:136:in `synchronize'"}], ["LogStash::Filters::Grok", {"match"=>{"message"=>"%{TIMESTAMP_ISO8601:timestamp} %{LOGLEVEL:log-level} \\[%{DATA:class}\\] : %{DATA:type} : %{DATA:serialnum} %{DATA:discardmessage} : %{GREEDYDATA:serial}"}, "id"=>"a0373767c8789b3ce0dfd1b0a67638a287b75981-2"}]=>[{"thread_id"=>21, "name"=>"[main]>worker1", "current_call"=>"[...]/logstash-core/lib/logstash/util/wrapped_synchronous_queue.rb:136:in `synchronize'"}]}}
[2018-05-02T15:27:20,733][ERROR][logstash.shutdownwatcher ] The shutdown process appears to be stalled due to busy or blocked plugins. Check the logs for more information.
[2018-05-02T15:29:11,364][INFO ][logstash.outputs.elasticsearch] Elasticsearch pool URLs updated {:changes=>{:removed=>[], :added=>[http://localhost:9200/]}}
[2018-05-02T15:29:11,368][INFO ][logstash.outputs.elasticsearch] Running health check to see if an Elasticsearch connection is working {:healthcheck_url=>http://localhost:9200/, :path=>"/"}
[2018-05-02T15:29:11,544][WARN ][logstash.outputs.elasticsearch] Restored connection to ES instance {:url=>#<URI::HTTP:0x2ffd997c URL:http://localhost:9200/>}
[2018-05-02T15:29:11,546][INFO ][logstash.outputs.elasticsearch] Using mapping template from {:path=>nil}
[2018-05-02T15:29:11,619][INFO ][logstash.outputs.elasticsearch] Attempting to install template {:manage_template=>{"template"=>"logstash-*", "version"=>50001, "settings"=>{"index.refresh_interval"=>"5s"}, "mappings"=>{"_default_"=>{"_all"=>{"enabled"=>true, "norms"=>false}, "dynamic_templates"=>[{"message_field"=>{"path_match"=>"message", "match_mapping_type"=>"string", "mapping"=>{"type"=>"text", "norms"=>false}}}, {"string_fields"=>{"match"=>"*", "match_mapping_type"=>"string", "mapping"=>{"type"=>"text", "norms"=>false, "fields"=>{"keyword"=>{"type"=>"keyword"}}}}}], "properties"=>{"@timestamp"=>{"type"=>"date", "include_in_all"=>false}, "@version"=>{"type"=>"keyword", "include_in_all"=>false}, "geoip"=>{"dynamic"=>true, "properties"=>{"ip"=>{"type"=>"ip"}, "location"=>{"type"=>"geo_point"}, "latitude"=>{"type"=>"half_float"}, "longitude"=>{"type"=>"half_float"}}}}}}}}
[2018-05-02T15:29:11,624][INFO ][logstash.outputs.elasticsearch] New Elasticsearch output {:class=>"LogStash::Outputs::ElasticSearch", :hosts=>[#<URI::Generic:0x6a831ca5 URL://localhost:9200>]}
[2018-05-02T15:29:11,753][INFO ][logstash.pipeline        ] Starting pipeline {"id"=>"main", "pipeline.workers"=>4, "pipeline.batch.size"=>125, "pipeline.batch.delay"=>5, "pipeline.max_inflight"=>500}
[2018-05-02T15:29:12,488][INFO ][logstash.inputs.beats    ] Beats inputs: Starting input listener {:address=>"0.0.0.0:5044"}
[2018-05-02T15:29:12,568][INFO ][logstash.pipeline        ] Pipeline main started
[2018-05-02T15:29:12,648][INFO ][logstash.agent           ] Successfully started Logstash API endpoint {:port=>9600}
[2018-05-02T15:31:22,075][WARN ][logstash.outputs.elasticsearch] Bad event type! Non-string/integer type value set! {:type_class=>Array, :type_value=>"[\"log\", \"SENT_MSG\"]", :event=>2018-05-02T10:01:15.885Z Administrators-MacBook-Pro.local 2018-05-02T00:00:42.000+00:00 INFO [com.azuga.locationservice.client] : SENT_MSG : 28763455427854 and serialNum : 1243}
[2018-05-02T15:31:22,218][WARN ][logstash.outputs.elasticsearch] Could not index event to Elasticsearch. {:status=>400, :action=>["index", {:_id=>nil, :_index=>"logstash-2018.05.02", :_type=>"[\"log\", \"SENT_MSG\"]", :_routing=>nil}, 2018-05-02T10:01:15.885Z Administrators-MacBook-Pro.local 2018-05-02T00:00:42.000+00:00 INFO [com.azuga.locationservice.client] : SENT_MSG : 28763455427854 and serialNum : 1243], :response=>{"index"=>{"_index"=>"logstash-2018.05.02", "_type"=>"[\"log\", \"SENT_MSG\"]", "_id"=>"AWMgTJ3f23E8XaQtB68W", "status"=>400, "error"=>{"type"=>"invalid_type_name_exception", "reason"=>"mapping type name [[\"log\", \"SENT_MSG\"]] should not include ',' in it"}}}}
[2018-05-02T15:31:48,253][WARN ][logstash.runner          ] SIGINT received. Shutting down the agent.
[2018-05-02T15:31:48,261][WARN ][logstash.agent           ] stopping pipeline {:id=>"main"}
[2018-05-02T15:31:53,261][WARN ][logstash.runner          ] Received shutdown signal, but pipeline is still waiting for in-flight events
to be processed. Sending another ^C will force quit Logstash, but this may cause
data loss.
[2018-05-02T15:31:53,294][WARN ][logstash.shutdownwatcher ] {"inflight_count"=>0, "stalling_thread_info"=>{"other"=>[{"thread_id"=>25, "name"=>"[main]<beats", "current_call"=>"[...]/vendor/bundle/jruby/1.9/gems/logstash-input-beats-3.1.18-java/lib/logstash/inputs/beats.rb:206:in `run'"}, {"thread_id"=>20, "name"=>"[main]>worker0", "current_call"=>"[...]/logstash-core/lib/logstash/util/wrapped_synchronous_queue.rb:136:in `synchronize'"}, {"thread_id"=>22, "name"=>"[main]>worker2", "current_call"=>"[...]/logstash-core/lib/logstash/util/wrapped_synchronous_queue.rb:118:in `synchronize'"}, {"thread_id"=>23, "name"=>"[main]>worker3", "current_call"=>"[...]/logstash-core/lib/logstash/util/wrapped_synchronous_queue.rb:118:in `synchronize'"}], ["LogStash::Filters::Grok", {"match"=>{"message"=>"%{TIMESTAMP_ISO8601:timestamp} %{LOGLEVEL:log-level} \\[%{DATA:class}\\] : %{DATA:type} : %{DATA:serialnum} %{DATA:discardmessage} : %{GREEDYDATA:serial-number}"}, "id"=>"cad04face27db436c77f3fddf2340143be82b0a0-2"}]=>[{"thread_id"=>21, "name"=>"[main]>worker1", "current_call"=>"[...]/logstash-core/lib/logstash/util/wrapped_synchronous_queue.rb:136:in `synchronize'"}]}}
[2018-05-02T15:31:53,298][ERROR][logstash.shutdownwatcher ] The shutdown process appears to be stalled due to busy or blocked plugins. Check the logs for more information.
[2018-05-02T15:33:22,727][INFO ][logstash.outputs.elasticsearch] Elasticsearch pool URLs updated {:changes=>{:removed=>[], :added=>[http://localhost:9200/]}}
[2018-05-02T15:33:22,734][INFO ][logstash.outputs.elasticsearch] Running health check to see if an Elasticsearch connection is working {:healthcheck_url=>http://localhost:9200/, :path=>"/"}
[2018-05-02T15:33:22,916][WARN ][logstash.outputs.elasticsearch] Restored connection to ES instance {:url=>#<URI::HTTP:0x344b687a URL:http://localhost:9200/>}
[2018-05-02T15:33:22,919][INFO ][logstash.outputs.elasticsearch] Using mapping template from {:path=>nil}
[2018-05-02T15:33:22,991][INFO ][logstash.outputs.elasticsearch] Attempting to install template {:manage_template=>{"template"=>"logstash-*", "version"=>50001, "settings"=>{"index.refresh_interval"=>"5s"}, "mappings"=>{"_default_"=>{"_all"=>{"enabled"=>true, "norms"=>false}, "dynamic_templates"=>[{"message_field"=>{"path_match"=>"message", "match_mapping_type"=>"string", "mapping"=>{"type"=>"text", "norms"=>false}}}, {"string_fields"=>{"match"=>"*", "match_mapping_type"=>"string", "mapping"=>{"type"=>"text", "norms"=>false, "fields"=>{"keyword"=>{"type"=>"keyword"}}}}}], "properties"=>{"@timestamp"=>{"type"=>"date", "include_in_all"=>false}, "@version"=>{"type"=>"keyword", "include_in_all"=>false}, "geoip"=>{"dynamic"=>true, "properties"=>{"ip"=>{"type"=>"ip"}, "location"=>{"type"=>"geo_point"}, "latitude"=>{"type"=>"half_float"}, "longitude"=>{"type"=>"half_float"}}}}}}}}
[2018-05-02T15:33:22,998][INFO ][logstash.outputs.elasticsearch] New Elasticsearch output {:class=>"LogStash::Outputs::ElasticSearch", :hosts=>[#<URI::Generic:0x28e4795c URL://localhost:9200>]}
[2018-05-02T15:33:23,105][INFO ][logstash.pipeline        ] Starting pipeline {"id"=>"main", "pipeline.workers"=>4, "pipeline.batch.size"=>125, "pipeline.batch.delay"=>5, "pipeline.max_inflight"=>500}
[2018-05-02T15:33:24,067][INFO ][logstash.inputs.beats    ] Beats inputs: Starting input listener {:address=>"0.0.0.0:5044"}
[2018-05-02T15:33:24,164][INFO ][logstash.pipeline        ] Pipeline main started
[2018-05-02T15:33:24,278][INFO ][logstash.agent           ] Successfully started Logstash API endpoint {:port=>9600}
[2018-05-02T15:33:52,097][WARN ][logstash.outputs.elasticsearch] Bad event type! Non-string/integer type value set! {:type_class=>Array, :type_value=>"[\"log\", \"SENT_MSG\"]", :event=>2018-05-02T10:03:50.897Z Administrators-MacBook-Pro.local 2018-05-02T00:00:43.000+00:00 INFO [com.azuga.locationservice.client] : SENT_MSG : 28763455427854 and serialNum : 1243}
[2018-05-02T15:33:52,108][WARN ][logstash.outputs.elasticsearch] Bad event type! Non-string/integer type value set! {:type_class=>Array, :type_value=>"[\"log\", \"REC_MSG\"]", :event=>2018-05-02T10:03:50.897Z Administrators-MacBook-Pro.local 2018-05-01T00:00:44.000+00:00 INFO [com.azuga.locationservice.client] : REC_MSG : 28763455427854 and serialNum : 12434}
[2018-05-02T15:33:52,110][WARN ][logstash.outputs.elasticsearch] Bad event type! Non-string/integer type value set! {:type_class=>Array, :type_value=>"[\"log\", \"SENT_MSG\"]", :event=>2018-05-02T10:03:50.897Z Administrators-MacBook-Pro.local 2018-05-02T00:00:45.000+00:00 INFO [com.azuga.locationservice.client] : SENT_MSG : 28763455427854 and serialNum : 12434}
[2018-05-02T15:33:52,277][WARN ][logstash.outputs.elasticsearch] Could not index event to Elasticsearch. {:status=>400, :action=>["index", {:_id=>nil, :_index=>"logstash-2018.05.02", :_type=>"[\"log\", \"SENT_MSG\"]", :_routing=>nil}, 2018-05-02T10:03:50.897Z Administrators-MacBook-Pro.local 2018-05-02T00:00:43.000+00:00 INFO [com.azuga.locationservice.client] : SENT_MSG : 28763455427854 and serialNum : 1243], :response=>{"index"=>{"_index"=>"logstash-2018.05.02", "_type"=>"[\"log\", \"SENT_MSG\"]", "_id"=>"AWMgTugJ23E8XaQtB68X", "status"=>400, "error"=>{"type"=>"invalid_type_name_exception", "reason"=>"mapping type name [[\"log\", \"SENT_MSG\"]] should not include ',' in it"}}}}
[2018-05-02T15:33:52,279][WARN ][logstash.outputs.elasticsearch] Could not index event to Elasticsearch. {:status=>400, :action=>["index", {:_id=>nil, :_index=>"logstash-2018.05.02", :_type=>"[\"log\", \"REC_MSG\"]", :_routing=>nil}, 2018-05-02T10:03:50.897Z Administrators-MacBook-Pro.local 2018-05-01T00:00:44.000+00:00 INFO [com.azuga.locationservice.client] : REC_MSG : 28763455427854 and serialNum : 12434], :response=>{"index"=>{"_index"=>"logstash-2018.05.02", "_type"=>"[\"log\", \"REC_MSG\"]", "_id"=>"AWMgTugJ23E8XaQtB68Y", "status"=>400, "error"=>{"type"=>"invalid_type_name_exception", "reason"=>"mapping type name [[\"log\", \"REC_MSG\"]] should not include ',' in it"}}}}
[2018-05-02T15:33:52,282][WARN ][logstash.outputs.elasticsearch] Could not index event to Elasticsearch. {:status=>400, :action=>["index", {:_id=>nil, :_index=>"logstash-2018.05.02", :_type=>"[\"log\", \"SENT_MSG\"]", :_routing=>nil}, 2018-05-02T10:03:50.897Z Administrators-MacBook-Pro.local 2018-05-02T00:00:45.000+00:00 INFO [com.azuga.locationservice.client] : SENT_MSG : 28763455427854 and serialNum : 12434], :response=>{"index"=>{"_index"=>"logstash-2018.05.02", "_type"=>"[\"log\", \"SENT_MSG\"]", "_id"=>"AWMgTugJ23E8XaQtB68Z", "status"=>400, "error"=>{"type"=>"invalid_type_name_exception", "reason"=>"mapping type name [[\"log\", \"SENT_MSG\"]] should not include ',' in it"}}}}
[2018-05-02T15:36:16,948][WARN ][logstash.outputs.elasticsearch] Bad event type! Non-string/integer type value set! {:type_class=>Array, :type_value=>"[\"log\", \"SENT_MSG\"]", :event=>2018-05-02T10:06:15.911Z Administrators-MacBook-Pro.local 2018-05-02T00:00:46.000+00:00 INFO [com.azuga.locationservice.client] : SENT_MSG : 28763455427854 and serialNum : 124356}
[2018-05-02T15:36:16,949][WARN ][logstash.outputs.elasticsearch] Bad event type! Non-string/integer type value set! {:type_class=>Array, :type_value=>"[\"log\", \"SENT_MSG\"]", :event=>2018-05-02T10:06:15.911Z Administrators-MacBook-Pro.local 2018-05-02T00:00:45.000+00:00 INFO [com.azuga.locationservice.client] : SENT_MSG : 28763455427854 and serialNum : 12434}
[2018-05-02T15:36:17,169][WARN ][logstash.outputs.elasticsearch] Could not index event to Elasticsearch. {:status=>400, :action=>["index", {:_id=>nil, :_index=>"logstash-2018.05.02", :_type=>"[\"log\", \"SENT_MSG\"]", :_routing=>nil}, 2018-05-02T10:06:15.911Z Administrators-MacBook-Pro.local 2018-05-02T00:00:46.000+00:00 INFO [com.azuga.locationservice.client] : SENT_MSG : 28763455427854 and serialNum : 124356], :response=>{"index"=>{"_index"=>"logstash-2018.05.02", "_type"=>"[\"log\", \"SENT_MSG\"]", "_id"=>"AWMgUR3v9xPtjajABN6s", "status"=>400, "error"=>{"type"=>"invalid_type_name_exception", "reason"=>"mapping type name [[\"log\", \"SENT_MSG\"]] should not include ',' in it"}}}}
[2018-05-02T15:36:17,170][WARN ][logstash.outputs.elasticsearch] Could not index event to Elasticsearch. {:status=>400, :action=>["index", {:_id=>nil, :_index=>"logstash-2018.05.02", :_type=>"[\"log\", \"SENT_MSG\"]", :_routing=>nil}, 2018-05-02T10:06:15.911Z Administrators-MacBook-Pro.local 2018-05-02T00:00:45.000+00:00 INFO [com.azuga.locationservice.client] : SENT_MSG : 28763455427854 and serialNum : 12434], :response=>{"index"=>{"_index"=>"logstash-2018.05.02", "_type"=>"[\"log\", \"SENT_MSG\"]", "_id"=>"AWMgUR3v9xPtjajABN6t", "status"=>400, "error"=>{"type"=>"invalid_type_name_exception", "reason"=>"mapping type name [[\"log\", \"SENT_MSG\"]] should not include ',' in it"}}}}
[2018-05-02T15:39:54,278][WARN ][logstash.runner          ] SIGINT received. Shutting down the agent.
[2018-05-02T15:39:54,289][WARN ][logstash.agent           ] stopping pipeline {:id=>"main"}
[2018-05-02T15:39:59,283][WARN ][logstash.runner          ] Received shutdown signal, but pipeline is still waiting for in-flight events
to be processed. Sending another ^C will force quit Logstash, but this may cause
data loss.
[2018-05-02T15:39:59,323][WARN ][logstash.shutdownwatcher ] {"inflight_count"=>0, "stalling_thread_info"=>{"other"=>[{"thread_id"=>25, "name"=>"[main]<beats", "current_call"=>"[...]/vendor/bundle/jruby/1.9/gems/logstash-input-beats-3.1.18-java/lib/logstash/inputs/beats.rb:206:in `run'"}, {"thread_id"=>21, "name"=>"[main]>worker1", "current_call"=>"[...]/logstash-core/lib/logstash/util/wrapped_synchronous_queue.rb:136:in `synchronize'"}, {"thread_id"=>22, "name"=>"[main]>worker2", "current_call"=>"[...]/logstash-core/lib/logstash/util/wrapped_synchronous_queue.rb:136:in `synchronize'"}, {"thread_id"=>23, "name"=>"[main]>worker3", "current_call"=>"[...]/logstash-core/lib/logstash/util/wrapped_synchronous_queue.rb:118:in `synchronize'"}], ["LogStash::Filters::Grok", {"match"=>{"message"=>"%{TIMESTAMP_ISO8601:timestamp} %{LOGLEVEL:log-level} \\[%{DATA:class}\\] : %{DATA:type} : %{DATA:serialnum} %{DATA:discardmessage} : %{GREEDYDATA:serial-number}"}, "id"=>"75a70e6d44072a6473a4926ce715fa5b0ab995bf-2"}]=>[{"thread_id"=>20, "name"=>"[main]>worker0", "current_call"=>"[...]/logstash-core/lib/logstash/util/wrapped_synchronous_queue.rb:136:in `synchronize'"}]}}
[2018-05-02T15:39:59,325][ERROR][logstash.shutdownwatcher ] The shutdown process appears to be stalled due to busy or blocked plugins. Check the logs for more information.
[2018-05-02T15:43:27,589][INFO ][logstash.outputs.elasticsearch] Elasticsearch pool URLs updated {:changes=>{:removed=>[], :added=>[http://localhost:9200/]}}
[2018-05-02T15:43:27,595][INFO ][logstash.outputs.elasticsearch] Running health check to see if an Elasticsearch connection is working {:healthcheck_url=>http://localhost:9200/, :path=>"/"}
[2018-05-02T15:43:27,820][WARN ][logstash.outputs.elasticsearch] Restored connection to ES instance {:url=>#<URI::HTTP:0x2b73a9aa URL:http://localhost:9200/>}
[2018-05-02T15:43:27,823][INFO ][logstash.outputs.elasticsearch] Using mapping template from {:path=>nil}
[2018-05-02T15:43:27,936][INFO ][logstash.outputs.elasticsearch] Attempting to install template {:manage_template=>{"template"=>"logstash-*", "version"=>50001, "settings"=>{"index.refresh_interval"=>"5s"}, "mappings"=>{"_default_"=>{"_all"=>{"enabled"=>true, "norms"=>false}, "dynamic_templates"=>[{"message_field"=>{"path_match"=>"message", "match_mapping_type"=>"string", "mapping"=>{"type"=>"text", "norms"=>false}}}, {"string_fields"=>{"match"=>"*", "match_mapping_type"=>"string", "mapping"=>{"type"=>"text", "norms"=>false, "fields"=>{"keyword"=>{"type"=>"keyword"}}}}}], "properties"=>{"@timestamp"=>{"type"=>"date", "include_in_all"=>false}, "@version"=>{"type"=>"keyword", "include_in_all"=>false}, "geoip"=>{"dynamic"=>true, "properties"=>{"ip"=>{"type"=>"ip"}, "location"=>{"type"=>"geo_point"}, "latitude"=>{"type"=>"half_float"}, "longitude"=>{"type"=>"half_float"}}}}}}}}
[2018-05-02T15:43:27,946][INFO ][logstash.outputs.elasticsearch] Installing elasticsearch template to _template/logstash
[2018-05-02T15:43:28,113][INFO ][logstash.outputs.elasticsearch] New Elasticsearch output {:class=>"LogStash::Outputs::ElasticSearch", :hosts=>[#<URI::Generic:0x742457f3 URL://localhost:9200>]}
[2018-05-02T15:43:28,220][INFO ][logstash.pipeline        ] Starting pipeline {"id"=>"main", "pipeline.workers"=>4, "pipeline.batch.size"=>125, "pipeline.batch.delay"=>5, "pipeline.max_inflight"=>500}
[2018-05-02T15:43:28,887][INFO ][logstash.inputs.beats    ] Beats inputs: Starting input listener {:address=>"0.0.0.0:5044"}
[2018-05-02T15:43:28,962][INFO ][logstash.pipeline        ] Pipeline main started
[2018-05-02T15:43:29,059][INFO ][logstash.agent           ] Successfully started Logstash API endpoint {:port=>9600}
[2018-05-02T15:47:19,648][WARN ][logstash.runner          ] SIGINT received. Shutting down the agent.
[2018-05-02T15:47:19,656][WARN ][logstash.agent           ] stopping pipeline {:id=>"main"}
[2018-05-02T15:47:24,655][WARN ][logstash.runner          ] Received shutdown signal, but pipeline is still waiting for in-flight events
to be processed. Sending another ^C will force quit Logstash, but this may cause
data loss.
[2018-05-02T15:47:24,681][WARN ][logstash.shutdownwatcher ] {"inflight_count"=>0, "stalling_thread_info"=>{"other"=>[{"thread_id"=>25, "name"=>"[main]<beats", "current_call"=>"[...]/vendor/bundle/jruby/1.9/gems/logstash-input-beats-3.1.18-java/lib/logstash/inputs/beats.rb:206:in `run'"}, {"thread_id"=>20, "name"=>"[main]>worker0", "current_call"=>"[...]/logstash-core/lib/logstash/util/wrapped_synchronous_queue.rb:136:in `synchronize'"}, {"thread_id"=>21, "name"=>"[main]>worker1", "current_call"=>"[...]/logstash-core/lib/logstash/util/wrapped_synchronous_queue.rb:136:in `synchronize'"}, {"thread_id"=>22, "name"=>"[main]>worker2", "current_call"=>"[...]/logstash-core/lib/logstash/util/wrapped_synchronous_queue.rb:118:in `synchronize'"}, {"thread_id"=>23, "name"=>"[main]>worker3", "current_call"=>"[...]/logstash-core/lib/logstash/util/wrapped_synchronous_queue.rb:118:in `synchronize'"}]}}
[2018-05-02T15:47:24,683][ERROR][logstash.shutdownwatcher ] The shutdown process appears to be stalled due to busy or blocked plugins. Check the logs for more information.
[2018-05-02T15:47:49,541][INFO ][logstash.outputs.elasticsearch] Elasticsearch pool URLs updated {:changes=>{:removed=>[], :added=>[http://localhost:9200/]}}
[2018-05-02T15:47:49,547][INFO ][logstash.outputs.elasticsearch] Running health check to see if an Elasticsearch connection is working {:healthcheck_url=>http://localhost:9200/, :path=>"/"}
[2018-05-02T15:47:49,690][WARN ][logstash.outputs.elasticsearch] Restored connection to ES instance {:url=>#<URI::HTTP:0x7aa11f52 URL:http://localhost:9200/>}
[2018-05-02T15:47:49,692][INFO ][logstash.outputs.elasticsearch] Using mapping template from {:path=>nil}
[2018-05-02T15:47:49,759][INFO ][logstash.outputs.elasticsearch] Attempting to install template {:manage_template=>{"template"=>"logstash-*", "version"=>50001, "settings"=>{"index.refresh_interval"=>"5s"}, "mappings"=>{"_default_"=>{"_all"=>{"enabled"=>true, "norms"=>false}, "dynamic_templates"=>[{"message_field"=>{"path_match"=>"message", "match_mapping_type"=>"string", "mapping"=>{"type"=>"text", "norms"=>false}}}, {"string_fields"=>{"match"=>"*", "match_mapping_type"=>"string", "mapping"=>{"type"=>"text", "norms"=>false, "fields"=>{"keyword"=>{"type"=>"keyword"}}}}}], "properties"=>{"@timestamp"=>{"type"=>"date", "include_in_all"=>false}, "@version"=>{"type"=>"keyword", "include_in_all"=>false}, "geoip"=>{"dynamic"=>true, "properties"=>{"ip"=>{"type"=>"ip"}, "location"=>{"type"=>"geo_point"}, "latitude"=>{"type"=>"half_float"}, "longitude"=>{"type"=>"half_float"}}}}}}}}
[2018-05-02T15:47:49,767][INFO ][logstash.outputs.elasticsearch] New Elasticsearch output {:class=>"LogStash::Outputs::ElasticSearch", :hosts=>[#<URI::Generic:0x57a11b58 URL://localhost:9200>]}
[2018-05-02T15:47:49,832][INFO ][logstash.pipeline        ] Starting pipeline {"id"=>"main", "pipeline.workers"=>4, "pipeline.batch.size"=>125, "pipeline.batch.delay"=>5, "pipeline.max_inflight"=>500}
[2018-05-02T15:47:50,907][INFO ][logstash.inputs.beats    ] Beats inputs: Starting input listener {:address=>"0.0.0.0:5044"}
[2018-05-02T15:47:50,975][INFO ][logstash.pipeline        ] Pipeline main started
[2018-05-02T15:47:51,056][INFO ][logstash.agent           ] Successfully started Logstash API endpoint {:port=>9600}
[2018-05-02T15:50:23,823][WARN ][logstash.outputs.elasticsearch] Bad event type! Non-string/integer type value set! {:type_class=>Array, :type_value=>"[\"log\", \"END\"]", :event=>2018-05-02T10:20:22.462Z Administrators-MacBook-Pro.local 2018-05-02T00:00:42.000+00:00 INFO [com.azuga.locationservice.client] : END : 28763455427854 and serialNum : 1243}
[2018-05-02T15:50:23,913][WARN ][logstash.outputs.elasticsearch] Could not index event to Elasticsearch. {:status=>400, :action=>["index", {:_id=>nil, :_index=>"logstash-2018.05.02", :_type=>"[\"log\", \"END\"]", :_routing=>nil}, 2018-05-02T10:20:22.462Z Administrators-MacBook-Pro.local 2018-05-02T00:00:42.000+00:00 INFO [com.azuga.locationservice.client] : END : 28763455427854 and serialNum : 1243], :response=>{"index"=>{"_index"=>"logstash-2018.05.02", "_type"=>"[\"log\", \"END\"]", "_id"=>"AWMgXgnB9xPtjajABN6v", "status"=>400, "error"=>{"type"=>"invalid_type_name_exception", "reason"=>"mapping type name [[\"log\", \"END\"]] should not include ',' in it"}}}}
[2018-05-02T15:50:57,818][WARN ][logstash.outputs.elasticsearch] Bad event type! Non-string/integer type value set! {:type_class=>Array, :type_value=>"[\"log\", \"START\"]", :event=>2018-05-02T10:20:57.465Z Administrators-MacBook-Pro.local 2018-05-02T00:00:42.000+00:00 INFO [com.azuga.locationservice.client] : START : 28763455427854 and serialNum : 1243}
[2018-05-02T15:50:57,820][WARN ][logstash.outputs.elasticsearch] Bad event type! Non-string/integer type value set! {:type_class=>Array, :type_value=>"[\"log\", \"end\"]", :event=>2018-05-02T10:20:57.465Z Administrators-MacBook-Pro.local 2018-05-02T00:00:42.000+00:00 INFO [com.azuga.locationservice.client] : end : 28763455427854 and serialNum : 1243}
[2018-05-02T15:50:57,884][WARN ][logstash.outputs.elasticsearch] Could not index event to Elasticsearch. {:status=>400, :action=>["index", {:_id=>nil, :_index=>"logstash-2018.05.02", :_type=>"[\"log\", \"START\"]", :_routing=>nil}, 2018-05-02T10:20:57.465Z Administrators-MacBook-Pro.local 2018-05-02T00:00:42.000+00:00 INFO [com.azuga.locationservice.client] : START : 28763455427854 and serialNum : 1243], :response=>{"index"=>{"_index"=>"logstash-2018.05.02", "_type"=>"[\"log\", \"START\"]", "_id"=>"AWMgXo5l9xPtjajABN6w", "status"=>400, "error"=>{"type"=>"invalid_type_name_exception", "reason"=>"mapping type name [[\"log\", \"START\"]] should not include ',' in it"}}}}
[2018-05-02T15:50:57,885][WARN ][logstash.outputs.elasticsearch] Could not index event to Elasticsearch. {:status=>400, :action=>["index", {:_id=>nil, :_index=>"logstash-2018.05.02", :_type=>"[\"log\", \"end\"]", :_routing=>nil}, 2018-05-02T10:20:57.465Z Administrators-MacBook-Pro.local 2018-05-02T00:00:42.000+00:00 INFO [com.azuga.locationservice.client] : end : 28763455427854 and serialNum : 1243], :response=>{"index"=>{"_index"=>"logstash-2018.05.02", "_type"=>"[\"log\", \"end\"]", "_id"=>"AWMgXo5m9xPtjajABN6x", "status"=>400, "error"=>{"type"=>"invalid_type_name_exception", "reason"=>"mapping type name [[\"log\", \"end\"]] should not include ',' in it"}}}}
[2018-05-02T15:57:50,688][WARN ][logstash.runner          ] SIGINT received. Shutting down the agent.
[2018-05-02T15:57:50,699][WARN ][logstash.agent           ] stopping pipeline {:id=>"main"}
[2018-05-02T15:57:55,697][WARN ][logstash.runner          ] Received shutdown signal, but pipeline is still waiting for in-flight events
to be processed. Sending another ^C will force quit Logstash, but this may cause
data loss.
[2018-05-02T15:57:55,739][WARN ][logstash.shutdownwatcher ] {"inflight_count"=>0, "stalling_thread_info"=>{"other"=>[{"thread_id"=>25, "name"=>"[main]<beats", "current_call"=>"[...]/vendor/bundle/jruby/1.9/gems/logstash-input-beats-3.1.18-java/lib/logstash/inputs/beats.rb:206:in `run'"}], ["LogStash::Filters::Grok", {"match"=>{"message"=>"%{TIMESTAMP_ISO8601:timestamp} %{LOGLEVEL:log-level} \\[%{DATA:class}\\] : %{DATA:type} : %{DATA:messageindex} %{DATA:discardmessage} : %{GREEDYDATA:serialnumber}"}, "id"=>"9fe04c414b3adc0e922440ceb075a1bb59aa1417-2"}]=>[{"thread_id"=>20, "name"=>"[main]>worker0", "current_call"=>"[...]/logstash-core/lib/logstash/util/wrapped_synchronous_queue.rb:136:in `synchronize'"}], ["LogStash::Filters::Drop", {"id"=>"9fe04c414b3adc0e922440ceb075a1bb59aa1417-3"}]=>[{"thread_id"=>21, "name"=>"[main]>worker1", "current_call"=>"[...]/logstash-core/lib/logstash/util/wrapped_synchronous_queue.rb:118:in `synchronize'"}, {"thread_id"=>22, "name"=>"[main]>worker2", "current_call"=>"[...]/logstash-core/lib/logstash/util/wrapped_synchronous_queue.rb:136:in `synchronize'"}, {"thread_id"=>23, "name"=>"[main]>worker3", "current_call"=>"[...]/logstash-core/lib/logstash/util/wrapped_synchronous_queue.rb:136:in `synchronize'"}]}}
[2018-05-02T15:57:55,751][ERROR][logstash.shutdownwatcher ] The shutdown process appears to be stalled due to busy or blocked plugins. Check the logs for more information.
[2018-05-02T15:58:15,482][INFO ][logstash.outputs.elasticsearch] Elasticsearch pool URLs updated {:changes=>{:removed=>[], :added=>[http://localhost:9200/]}}
[2018-05-02T15:58:15,488][INFO ][logstash.outputs.elasticsearch] Running health check to see if an Elasticsearch connection is working {:healthcheck_url=>http://localhost:9200/, :path=>"/"}
[2018-05-02T15:58:15,649][WARN ][logstash.outputs.elasticsearch] Restored connection to ES instance {:url=>#<URI::HTTP:0x139051f2 URL:http://localhost:9200/>}
[2018-05-02T15:58:15,652][INFO ][logstash.outputs.elasticsearch] Using mapping template from {:path=>nil}
[2018-05-02T15:58:15,736][INFO ][logstash.outputs.elasticsearch] Attempting to install template {:manage_template=>{"template"=>"logstash-*", "version"=>50001, "settings"=>{"index.refresh_interval"=>"5s"}, "mappings"=>{"_default_"=>{"_all"=>{"enabled"=>true, "norms"=>false}, "dynamic_templates"=>[{"message_field"=>{"path_match"=>"message", "match_mapping_type"=>"string", "mapping"=>{"type"=>"text", "norms"=>false}}}, {"string_fields"=>{"match"=>"*", "match_mapping_type"=>"string", "mapping"=>{"type"=>"text", "norms"=>false, "fields"=>{"keyword"=>{"type"=>"keyword"}}}}}], "properties"=>{"@timestamp"=>{"type"=>"date", "include_in_all"=>false}, "@version"=>{"type"=>"keyword", "include_in_all"=>false}, "geoip"=>{"dynamic"=>true, "properties"=>{"ip"=>{"type"=>"ip"}, "location"=>{"type"=>"geo_point"}, "latitude"=>{"type"=>"half_float"}, "longitude"=>{"type"=>"half_float"}}}}}}}}
[2018-05-02T15:58:15,753][INFO ][logstash.outputs.elasticsearch] New Elasticsearch output {:class=>"LogStash::Outputs::ElasticSearch", :hosts=>[#<URI::Generic:0x245671dd URL://localhost:9200>]}
[2018-05-02T15:58:15,883][INFO ][logstash.pipeline        ] Starting pipeline {"id"=>"main", "pipeline.workers"=>4, "pipeline.batch.size"=>125, "pipeline.batch.delay"=>5, "pipeline.max_inflight"=>500}
[2018-05-02T15:58:16,609][INFO ][logstash.inputs.beats    ] Beats inputs: Starting input listener {:address=>"0.0.0.0:5044"}
[2018-05-02T15:58:16,712][INFO ][logstash.pipeline        ] Pipeline main started
[2018-05-02T15:58:16,813][INFO ][logstash.agent           ] Successfully started Logstash API endpoint {:port=>9600}
[2018-05-02T16:04:41,465][WARN ][logstash.runner          ] SIGINT received. Shutting down the agent.
[2018-05-02T16:04:41,473][WARN ][logstash.agent           ] stopping pipeline {:id=>"main"}
[2018-05-02T16:04:46,474][WARN ][logstash.runner          ] Received shutdown signal, but pipeline is still waiting for in-flight events
to be processed. Sending another ^C will force quit Logstash, but this may cause
data loss.
[2018-05-02T16:04:46,508][WARN ][logstash.shutdownwatcher ] {"inflight_count"=>0, "stalling_thread_info"=>{"other"=>[{"thread_id"=>25, "name"=>"[main]<beats", "current_call"=>"[...]/vendor/bundle/jruby/1.9/gems/logstash-input-beats-3.1.18-java/lib/logstash/inputs/beats.rb:206:in `run'"}, {"thread_id"=>20, "name"=>"[main]>worker0", "current_call"=>"[...]/logstash-core/lib/logstash/util/wrapped_synchronous_queue.rb:136:in `synchronize'"}, {"thread_id"=>22, "name"=>"[main]>worker2", "current_call"=>"[...]/logstash-core/lib/logstash/util/wrapped_synchronous_queue.rb:136:in `synchronize'"}, {"thread_id"=>23, "name"=>"[main]>worker3", "current_call"=>"[...]/logstash-core/lib/logstash/util/wrapped_synchronous_queue.rb:118:in `synchronize'"}], ["LogStash::Filters::Grok", {"match"=>{"message"=>"%{TIMESTAMP_ISO8601:timestamp} %{LOGLEVEL:log-level} \\[%{DATA:class}\\]:%{DATA:message} :%{DATA:serialnum} %{DATA:message}:%{GREEDYDATA:serial}"}, "id"=>"c594619459a7f10b470a6a7f5abfb75fda27c550-2"}]=>[{"thread_id"=>21, "name"=>"[main]>worker1", "current_call"=>"[...]/logstash-core/lib/logstash/util/wrapped_synchronous_queue.rb:136:in `synchronize'"}]}}
[2018-05-02T16:04:46,514][ERROR][logstash.shutdownwatcher ] The shutdown process appears to be stalled due to busy or blocked plugins. Check the logs for more information.
[2018-05-02T16:05:06,921][INFO ][logstash.outputs.elasticsearch] Elasticsearch pool URLs updated {:changes=>{:removed=>[], :added=>[http://localhost:9200/]}}
[2018-05-02T16:05:06,929][INFO ][logstash.outputs.elasticsearch] Running health check to see if an Elasticsearch connection is working {:healthcheck_url=>http://localhost:9200/, :path=>"/"}
[2018-05-02T16:05:07,119][WARN ][logstash.outputs.elasticsearch] Restored connection to ES instance {:url=>#<URI::HTTP:0xd4486cd URL:http://localhost:9200/>}
[2018-05-02T16:05:07,121][INFO ][logstash.outputs.elasticsearch] Using mapping template from {:path=>nil}
[2018-05-02T16:05:07,213][INFO ][logstash.outputs.elasticsearch] Attempting to install template {:manage_template=>{"template"=>"logstash-*", "version"=>50001, "settings"=>{"index.refresh_interval"=>"5s"}, "mappings"=>{"_default_"=>{"_all"=>{"enabled"=>true, "norms"=>false}, "dynamic_templates"=>[{"message_field"=>{"path_match"=>"message", "match_mapping_type"=>"string", "mapping"=>{"type"=>"text", "norms"=>false}}}, {"string_fields"=>{"match"=>"*", "match_mapping_type"=>"string", "mapping"=>{"type"=>"text", "norms"=>false, "fields"=>{"keyword"=>{"type"=>"keyword"}}}}}], "properties"=>{"@timestamp"=>{"type"=>"date", "include_in_all"=>false}, "@version"=>{"type"=>"keyword", "include_in_all"=>false}, "geoip"=>{"dynamic"=>true, "properties"=>{"ip"=>{"type"=>"ip"}, "location"=>{"type"=>"geo_point"}, "latitude"=>{"type"=>"half_float"}, "longitude"=>{"type"=>"half_float"}}}}}}}}
[2018-05-02T16:05:07,223][INFO ][logstash.outputs.elasticsearch] New Elasticsearch output {:class=>"LogStash::Outputs::ElasticSearch", :hosts=>[#<URI::Generic:0x783df613 URL://localhost:9200>]}
[2018-05-02T16:05:07,325][INFO ][logstash.pipeline        ] Starting pipeline {"id"=>"main", "pipeline.workers"=>4, "pipeline.batch.size"=>125, "pipeline.batch.delay"=>5, "pipeline.max_inflight"=>500}
[2018-05-02T16:05:07,971][INFO ][logstash.inputs.beats    ] Beats inputs: Starting input listener {:address=>"0.0.0.0:5044"}
[2018-05-02T16:05:08,058][INFO ][logstash.pipeline        ] Pipeline main started
[2018-05-02T16:05:08,136][INFO ][logstash.agent           ] Successfully started Logstash API endpoint {:port=>9600}
[2018-05-02T16:10:48,638][WARN ][logstash.runner          ] SIGINT received. Shutting down the agent.
[2018-05-02T16:10:48,651][WARN ][logstash.agent           ] stopping pipeline {:id=>"main"}
[2018-05-02T16:10:53,646][WARN ][logstash.runner          ] Received shutdown signal, but pipeline is still waiting for in-flight events
to be processed. Sending another ^C will force quit Logstash, but this may cause
data loss.
[2018-05-02T16:10:53,692][WARN ][logstash.shutdownwatcher ] {"inflight_count"=>0, "stalling_thread_info"=>{"other"=>[{"thread_id"=>25, "name"=>"[main]<beats", "current_call"=>"[...]/vendor/bundle/jruby/1.9/gems/logstash-input-beats-3.1.18-java/lib/logstash/inputs/beats.rb:206:in `run'"}, {"thread_id"=>20, "name"=>"[main]>worker0", "current_call"=>"[...]/logstash-core/lib/logstash/util/wrapped_synchronous_queue.rb:118:in `synchronize'"}, {"thread_id"=>22, "name"=>"[main]>worker2", "current_call"=>"[...]/logstash-core/lib/logstash/util/wrapped_synchronous_queue.rb:136:in `synchronize'"}], ["LogStash::Filters::Grok", {"match"=>{"message"=>"%{TIMESTAMP_ISO8601:timestamp} %{LOGLEVEL:log-level} \\[%{DATA:class}\\]:%{DATA:message} :%{DATA:messageindex} :%{GREEDYDATA:serialnumber}"}, "id"=>"2a3573a29d3747cd422715875f9258bb818fc8bd-2"}]=>[{"thread_id"=>21, "name"=>"[main]>worker1", "current_call"=>"[...]/logstash-core/lib/logstash/util/wrapped_synchronous_queue.rb:124:in `synchronize'"}, {"thread_id"=>23, "name"=>"[main]>worker3", "current_call"=>"[...]/logstash-core/lib/logstash/util/wrapped_synchronous_queue.rb:136:in `synchronize'"}]}}
[2018-05-02T16:10:53,695][ERROR][logstash.shutdownwatcher ] The shutdown process appears to be stalled due to busy or blocked plugins. Check the logs for more information.
[2018-05-02T16:11:51,890][INFO ][logstash.outputs.elasticsearch] Elasticsearch pool URLs updated {:changes=>{:removed=>[], :added=>[http://localhost:9200/]}}
[2018-05-02T16:11:51,897][INFO ][logstash.outputs.elasticsearch] Running health check to see if an Elasticsearch connection is working {:healthcheck_url=>http://localhost:9200/, :path=>"/"}
[2018-05-02T16:11:52,077][WARN ][logstash.outputs.elasticsearch] Restored connection to ES instance {:url=>#<URI::HTTP:0x302fbd1 URL:http://localhost:9200/>}
[2018-05-02T16:11:52,080][INFO ][logstash.outputs.elasticsearch] Using mapping template from {:path=>nil}
[2018-05-02T16:11:52,177][INFO ][logstash.outputs.elasticsearch] Attempting to install template {:manage_template=>{"template"=>"logstash-*", "version"=>50001, "settings"=>{"index.refresh_interval"=>"5s"}, "mappings"=>{"_default_"=>{"_all"=>{"enabled"=>true, "norms"=>false}, "dynamic_templates"=>[{"message_field"=>{"path_match"=>"message", "match_mapping_type"=>"string", "mapping"=>{"type"=>"text", "norms"=>false}}}, {"string_fields"=>{"match"=>"*", "match_mapping_type"=>"string", "mapping"=>{"type"=>"text", "norms"=>false, "fields"=>{"keyword"=>{"type"=>"keyword"}}}}}], "properties"=>{"@timestamp"=>{"type"=>"date", "include_in_all"=>false}, "@version"=>{"type"=>"keyword", "include_in_all"=>false}, "geoip"=>{"dynamic"=>true, "properties"=>{"ip"=>{"type"=>"ip"}, "location"=>{"type"=>"geo_point"}, "latitude"=>{"type"=>"half_float"}, "longitude"=>{"type"=>"half_float"}}}}}}}}
[2018-05-02T16:11:52,192][INFO ][logstash.outputs.elasticsearch] Installing elasticsearch template to _template/logstash
[2018-05-02T16:11:52,323][INFO ][logstash.outputs.elasticsearch] New Elasticsearch output {:class=>"LogStash::Outputs::ElasticSearch", :hosts=>[#<URI::Generic:0x3935c387 URL://localhost:9200>]}
[2018-05-02T16:11:52,449][INFO ][logstash.pipeline        ] Starting pipeline {"id"=>"main", "pipeline.workers"=>4, "pipeline.batch.size"=>125, "pipeline.batch.delay"=>5, "pipeline.max_inflight"=>500}
[2018-05-02T16:11:53,605][INFO ][logstash.inputs.beats    ] Beats inputs: Starting input listener {:address=>"0.0.0.0:5044"}
[2018-05-02T16:11:53,712][INFO ][logstash.pipeline        ] Pipeline main started
[2018-05-02T16:11:53,802][INFO ][logstash.agent           ] Successfully started Logstash API endpoint {:port=>9600}
[2018-05-02T16:13:55,215][WARN ][logstash.runner          ] SIGINT received. Shutting down the agent.
[2018-05-02T16:13:55,222][WARN ][logstash.agent           ] stopping pipeline {:id=>"main"}
[2018-05-02T16:14:00,223][WARN ][logstash.runner          ] Received shutdown signal, but pipeline is still waiting for in-flight events
to be processed. Sending another ^C will force quit Logstash, but this may cause
data loss.
[2018-05-02T16:14:00,242][WARN ][logstash.shutdownwatcher ] {"inflight_count"=>0, "stalling_thread_info"=>{"other"=>[{"thread_id"=>25, "name"=>"[main]<beats", "current_call"=>"[...]/vendor/bundle/jruby/1.9/gems/logstash-input-beats-3.1.18-java/lib/logstash/inputs/beats.rb:206:in `run'"}, {"thread_id"=>20, "name"=>"[main]>worker0", "current_call"=>"[...]/logstash-core/lib/logstash/util/wrapped_synchronous_queue.rb:118:in `synchronize'"}, {"thread_id"=>21, "name"=>"[main]>worker1", "current_call"=>"[...]/logstash-core/lib/logstash/util/wrapped_synchronous_queue.rb:136:in `synchronize'"}, {"thread_id"=>22, "name"=>"[main]>worker2", "current_call"=>"[...]/logstash-core/lib/logstash/util/wrapped_synchronous_queue.rb:118:in `synchronize'"}], ["LogStash::Filters::Grok", {"match"=>{"message"=>"%{TIMESTAMP_ISO8601:timestamp} %{LOGLEVEL:log-level} \\[%{DATA:class}\\]:%{DATA:message} :%{DATA:messageindex} :%{GREEDYDATA:serialnumber}"}, "add_tag"=>["foo_%{message}"], "id"=>"4a7240e219970abe158ec546cfc4edc1f32c7af4-2"}]=>[{"thread_id"=>23, "name"=>"[main]>worker3", "current_call"=>"[...]/logstash-core/lib/logstash/util/wrapped_synchronous_queue.rb:124:in `synchronize'"}]}}
[2018-05-02T16:14:00,249][ERROR][logstash.shutdownwatcher ] The shutdown process appears to be stalled due to busy or blocked plugins. Check the logs for more information.
[2018-05-02T16:14:38,209][INFO ][logstash.outputs.elasticsearch] Elasticsearch pool URLs updated {:changes=>{:removed=>[], :added=>[http://localhost:9200/]}}
[2018-05-02T16:14:38,215][INFO ][logstash.outputs.elasticsearch] Running health check to see if an Elasticsearch connection is working {:healthcheck_url=>http://localhost:9200/, :path=>"/"}
[2018-05-02T16:14:38,403][WARN ][logstash.outputs.elasticsearch] Restored connection to ES instance {:url=>#<URI::HTTP:0x2ac6ff30 URL:http://localhost:9200/>}
[2018-05-02T16:14:38,404][INFO ][logstash.outputs.elasticsearch] Using mapping template from {:path=>nil}
[2018-05-02T16:14:38,520][INFO ][logstash.outputs.elasticsearch] Attempting to install template {:manage_template=>{"template"=>"logstash-*", "version"=>50001, "settings"=>{"index.refresh_interval"=>"5s"}, "mappings"=>{"_default_"=>{"_all"=>{"enabled"=>true, "norms"=>false}, "dynamic_templates"=>[{"message_field"=>{"path_match"=>"message", "match_mapping_type"=>"string", "mapping"=>{"type"=>"text", "norms"=>false}}}, {"string_fields"=>{"match"=>"*", "match_mapping_type"=>"string", "mapping"=>{"type"=>"text", "norms"=>false, "fields"=>{"keyword"=>{"type"=>"keyword"}}}}}], "properties"=>{"@timestamp"=>{"type"=>"date", "include_in_all"=>false}, "@version"=>{"type"=>"keyword", "include_in_all"=>false}, "geoip"=>{"dynamic"=>true, "properties"=>{"ip"=>{"type"=>"ip"}, "location"=>{"type"=>"geo_point"}, "latitude"=>{"type"=>"half_float"}, "longitude"=>{"type"=>"half_float"}}}}}}}}
[2018-05-02T16:14:38,534][INFO ][logstash.outputs.elasticsearch] New Elasticsearch output {:class=>"LogStash::Outputs::ElasticSearch", :hosts=>[#<URI::Generic:0x4762d8d1 URL://localhost:9200>]}
[2018-05-02T16:14:38,731][INFO ][logstash.pipeline        ] Starting pipeline {"id"=>"main", "pipeline.workers"=>4, "pipeline.batch.size"=>125, "pipeline.batch.delay"=>5, "pipeline.max_inflight"=>500}
[2018-05-02T16:14:40,210][INFO ][logstash.inputs.beats    ] Beats inputs: Starting input listener {:address=>"0.0.0.0:5044"}
[2018-05-02T16:14:40,459][INFO ][logstash.pipeline        ] Pipeline main started
[2018-05-02T16:14:40,566][INFO ][logstash.agent           ] Successfully started Logstash API endpoint {:port=>9600}
[2018-05-02T16:18:09,489][WARN ][logstash.runner          ] SIGINT received. Shutting down the agent.
[2018-05-02T16:18:09,500][WARN ][logstash.agent           ] stopping pipeline {:id=>"main"}
[2018-05-02T16:18:14,494][WARN ][logstash.runner          ] Received shutdown signal, but pipeline is still waiting for in-flight events
to be processed. Sending another ^C will force quit Logstash, but this may cause
data loss.
[2018-05-02T16:18:14,542][WARN ][logstash.shutdownwatcher ] {"inflight_count"=>0, "stalling_thread_info"=>{"other"=>[{"thread_id"=>25, "name"=>"[main]<beats", "current_call"=>"[...]/vendor/bundle/jruby/1.9/gems/logstash-input-beats-3.1.18-java/lib/logstash/inputs/beats.rb:206:in `run'"}, {"thread_id"=>20, "name"=>"[main]>worker0", "current_call"=>"[...]/logstash-core/lib/logstash/util/wrapped_synchronous_queue.rb:118:in `synchronize'"}, {"thread_id"=>23, "name"=>"[main]>worker3", "current_call"=>"[...]/logstash-core/lib/logstash/util/wrapped_synchronous_queue.rb:136:in `synchronize'"}], ["LogStash::Filters::Grok", {"match"=>{"message"=>"%{TIMESTAMP_ISO8601:timestamp} %{LOGLEVEL:log-level} \\[%{DATA:class}\\]:%{DATA:status} :%{DATA:messageindex} :%{GREEDYDATA:serialnumber}"}, "add_tag"=>["foo_%{status}"], "id"=>"24b7fb27489e410fa170e8345138623a0db9dc07-2"}]=>[{"thread_id"=>21, "name"=>"[main]>worker1", "current_call"=>"[...]/logstash-core/lib/logstash/util/wrapped_synchronous_queue.rb:136:in `synchronize'"}, {"thread_id"=>22, "name"=>"[main]>worker2", "current_call"=>"[...]/logstash-core/lib/logstash/util/wrapped_synchronous_queue.rb:136:in `synchronize'"}]}}
[2018-05-02T16:18:14,545][ERROR][logstash.shutdownwatcher ] The shutdown process appears to be stalled due to busy or blocked plugins. Check the logs for more information.
[2018-05-02T16:18:34,045][INFO ][logstash.outputs.elasticsearch] Elasticsearch pool URLs updated {:changes=>{:removed=>[], :added=>[http://localhost:9200/]}}
[2018-05-02T16:18:34,059][INFO ][logstash.outputs.elasticsearch] Running health check to see if an Elasticsearch connection is working {:healthcheck_url=>http://localhost:9200/, :path=>"/"}
[2018-05-02T16:18:34,216][WARN ][logstash.outputs.elasticsearch] Restored connection to ES instance {:url=>#<URI::HTTP:0xdfd48a3 URL:http://localhost:9200/>}
[2018-05-02T16:18:34,218][INFO ][logstash.outputs.elasticsearch] Using mapping template from {:path=>nil}
[2018-05-02T16:18:34,317][INFO ][logstash.outputs.elasticsearch] Attempting to install template {:manage_template=>{"template"=>"logstash-*", "version"=>50001, "settings"=>{"index.refresh_interval"=>"5s"}, "mappings"=>{"_default_"=>{"_all"=>{"enabled"=>true, "norms"=>false}, "dynamic_templates"=>[{"message_field"=>{"path_match"=>"message", "match_mapping_type"=>"string", "mapping"=>{"type"=>"text", "norms"=>false}}}, {"string_fields"=>{"match"=>"*", "match_mapping_type"=>"string", "mapping"=>{"type"=>"text", "norms"=>false, "fields"=>{"keyword"=>{"type"=>"keyword"}}}}}], "properties"=>{"@timestamp"=>{"type"=>"date", "include_in_all"=>false}, "@version"=>{"type"=>"keyword", "include_in_all"=>false}, "geoip"=>{"dynamic"=>true, "properties"=>{"ip"=>{"type"=>"ip"}, "location"=>{"type"=>"geo_point"}, "latitude"=>{"type"=>"half_float"}, "longitude"=>{"type"=>"half_float"}}}}}}}}
[2018-05-02T16:18:34,327][INFO ][logstash.outputs.elasticsearch] New Elasticsearch output {:class=>"LogStash::Outputs::ElasticSearch", :hosts=>[#<URI::Generic:0x558eef0a URL://localhost:9200>]}
[2018-05-02T16:18:34,404][INFO ][logstash.pipeline        ] Starting pipeline {"id"=>"main", "pipeline.workers"=>4, "pipeline.batch.size"=>125, "pipeline.batch.delay"=>5, "pipeline.max_inflight"=>500}
[2018-05-02T16:18:35,370][INFO ][logstash.inputs.beats    ] Beats inputs: Starting input listener {:address=>"0.0.0.0:5044"}
[2018-05-02T16:18:35,444][INFO ][logstash.pipeline        ] Pipeline main started
[2018-05-02T16:18:35,512][INFO ][logstash.agent           ] Successfully started Logstash API endpoint {:port=>9600}
[2018-05-02T16:31:12,959][WARN ][logstash.runner          ] SIGINT received. Shutting down the agent.
[2018-05-02T16:31:12,982][WARN ][logstash.agent           ] stopping pipeline {:id=>"main"}
[2018-05-02T16:31:17,967][WARN ][logstash.runner          ] Received shutdown signal, but pipeline is still waiting for in-flight events
to be processed. Sending another ^C will force quit Logstash, but this may cause
data loss.
[2018-05-02T16:31:18,021][WARN ][logstash.shutdownwatcher ] {"inflight_count"=>0, "stalling_thread_info"=>{"other"=>[{"thread_id"=>25, "name"=>"[main]<beats", "current_call"=>"[...]/vendor/bundle/jruby/1.9/gems/logstash-input-beats-3.1.18-java/lib/logstash/inputs/beats.rb:206:in `run'"}, {"thread_id"=>20, "name"=>"[main]>worker0", "current_call"=>"[...]/logstash-core/lib/logstash/util/wrapped_synchronous_queue.rb:124:in `synchronize'"}, {"thread_id"=>21, "name"=>"[main]>worker1", "current_call"=>"[...]/logstash-core/lib/logstash/util/wrapped_synchronous_queue.rb:136:in `synchronize'"}, {"thread_id"=>23, "name"=>"[main]>worker3", "current_call"=>"[...]/logstash-core/lib/logstash/util/wrapped_synchronous_queue.rb:118:in `synchronize'"}], ["LogStash::Filters::Grok", {"match"=>{"message"=>"%{TIMESTAMP_ISO8601:timestamp} %{LOGLEVEL:log-level} \\[%{DATA:class}\\]:%{DATA:status} :%{DATA:messageindex} :%{GREEDYDATA:serialnumber}"}, "add_tag"=>["foo_%{status}"], "id"=>"73c7b44085abd052c667f11050b3acef9350b863-2"}]=>[{"thread_id"=>22, "name"=>"[main]>worker2", "current_call"=>"[...]/logstash-core/lib/logstash/util/wrapped_synchronous_queue.rb:118:in `synchronize'"}]}}
[2018-05-02T16:31:18,025][ERROR][logstash.shutdownwatcher ] The shutdown process appears to be stalled due to busy or blocked plugins. Check the logs for more information.
[2018-05-02T16:31:38,058][INFO ][logstash.outputs.elasticsearch] Elasticsearch pool URLs updated {:changes=>{:removed=>[], :added=>[http://localhost:9200/]}}
[2018-05-02T16:31:38,065][INFO ][logstash.outputs.elasticsearch] Running health check to see if an Elasticsearch connection is working {:healthcheck_url=>http://localhost:9200/, :path=>"/"}
[2018-05-02T16:31:38,292][WARN ][logstash.outputs.elasticsearch] Restored connection to ES instance {:url=>#<URI::HTTP:0x5bc3e8e2 URL:http://localhost:9200/>}
[2018-05-02T16:31:38,294][INFO ][logstash.outputs.elasticsearch] Using mapping template from {:path=>nil}
[2018-05-02T16:31:38,371][INFO ][logstash.outputs.elasticsearch] Attempting to install template {:manage_template=>{"template"=>"logstash-*", "version"=>50001, "settings"=>{"index.refresh_interval"=>"5s"}, "mappings"=>{"_default_"=>{"_all"=>{"enabled"=>true, "norms"=>false}, "dynamic_templates"=>[{"message_field"=>{"path_match"=>"message", "match_mapping_type"=>"string", "mapping"=>{"type"=>"text", "norms"=>false}}}, {"string_fields"=>{"match"=>"*", "match_mapping_type"=>"string", "mapping"=>{"type"=>"text", "norms"=>false, "fields"=>{"keyword"=>{"type"=>"keyword"}}}}}], "properties"=>{"@timestamp"=>{"type"=>"date", "include_in_all"=>false}, "@version"=>{"type"=>"keyword", "include_in_all"=>false}, "geoip"=>{"dynamic"=>true, "properties"=>{"ip"=>{"type"=>"ip"}, "location"=>{"type"=>"geo_point"}, "latitude"=>{"type"=>"half_float"}, "longitude"=>{"type"=>"half_float"}}}}}}}}
[2018-05-02T16:31:38,379][INFO ][logstash.outputs.elasticsearch] New Elasticsearch output {:class=>"LogStash::Outputs::ElasticSearch", :hosts=>[#<URI::Generic:0x36ebd282 URL://localhost:9200>]}
[2018-05-02T16:31:38,454][INFO ][logstash.pipeline        ] Starting pipeline {"id"=>"main", "pipeline.workers"=>4, "pipeline.batch.size"=>125, "pipeline.batch.delay"=>5, "pipeline.max_inflight"=>500}
[2018-05-02T16:31:39,699][INFO ][logstash.inputs.beats    ] Beats inputs: Starting input listener {:address=>"0.0.0.0:5044"}
[2018-05-02T16:31:39,774][INFO ][logstash.pipeline        ] Pipeline main started
[2018-05-02T16:31:39,846][INFO ][logstash.agent           ] Successfully started Logstash API endpoint {:port=>9600}
[2018-05-02T16:34:41,301][WARN ][logstash.runner          ] SIGINT received. Shutting down the agent.
[2018-05-02T16:34:41,306][WARN ][logstash.agent           ] stopping pipeline {:id=>"main"}
[2018-05-02T16:34:46,306][WARN ][logstash.runner          ] Received shutdown signal, but pipeline is still waiting for in-flight events
to be processed. Sending another ^C will force quit Logstash, but this may cause
data loss.
[2018-05-02T16:34:46,346][WARN ][logstash.shutdownwatcher ] {"inflight_count"=>0, "stalling_thread_info"=>{"other"=>[{"thread_id"=>25, "name"=>"[main]<beats", "current_call"=>"[...]/vendor/bundle/jruby/1.9/gems/logstash-input-beats-3.1.18-java/lib/logstash/inputs/beats.rb:206:in `run'"}, {"thread_id"=>21, "name"=>"[main]>worker1", "current_call"=>"[...]/logstash-core/lib/logstash/util/wrapped_synchronous_queue.rb:136:in `synchronize'"}, {"thread_id"=>22, "name"=>"[main]>worker2", "current_call"=>"[...]/logstash-core/lib/logstash/util/wrapped_synchronous_queue.rb:136:in `synchronize'"}, {"thread_id"=>23, "name"=>"[main]>worker3", "current_call"=>"[...]/logstash-core/lib/logstash/util/wrapped_synchronous_queue.rb:118:in `synchronize'"}], ["LogStash::Filters::Grok", {"match"=>{"message"=>"%{TIMESTAMP_ISO8601:timestamp} %{LOGLEVEL:log-level} \\[%{DATA:class}\\]:%{DATA:status} :%{DATA:messageindex} :%{GREEDYDATA:serialnumber}"}, "add_tag"=>["foo_%{status}"], "id"=>"c8b8c59ebd297e1d1455611e7c07a577f83330a6-2"}]=>[{"thread_id"=>20, "name"=>"[main]>worker0", "current_call"=>"[...]/logstash-core/lib/logstash/util/wrapped_synchronous_queue.rb:136:in `synchronize'"}]}}
[2018-05-02T16:34:46,349][ERROR][logstash.shutdownwatcher ] The shutdown process appears to be stalled due to busy or blocked plugins. Check the logs for more information.
[2018-05-02T16:54:36,799][ERROR][logstash.agent           ] Cannot create pipeline {:reason=>"Expected one of #, input, filter, output at line 20, column 2 (byte 350) after "}
[2018-05-02T16:55:25,493][ERROR][logstash.plugins.registry] Problems loading a plugin with {:type=>"filter", :name=>"elapsed", :path=>"logstash/filters/elapsed", :error_message=>"NameError", :error_class=>NameError, :error_backtrace=>["/Users/azuga/elk/5_4_3/logstash-5.4.3/logstash-core/lib/logstash/plugins/registry.rb:221:in `namespace_lookup'", "/Users/azuga/elk/5_4_3/logstash-5.4.3/logstash-core/lib/logstash/plugins/registry.rb:157:in `legacy_lookup'", "/Users/azuga/elk/5_4_3/logstash-5.4.3/logstash-core/lib/logstash/plugins/registry.rb:133:in `lookup'", "/Users/azuga/elk/5_4_3/logstash-5.4.3/logstash-core/lib/logstash/plugins/registry.rb:175:in `lookup_pipeline_plugin'", "/Users/azuga/elk/5_4_3/logstash-5.4.3/logstash-core/lib/logstash/plugin.rb:139:in `lookup'", "/Users/azuga/elk/5_4_3/logstash-5.4.3/logstash-core/lib/logstash/pipeline.rb:91:in `plugin'", "(eval):93:in `initialize'", "org/jruby/RubyKernel.java:1079:in `eval'", "/Users/azuga/elk/5_4_3/logstash-5.4.3/logstash-core/lib/logstash/pipeline.rb:63:in `initialize'", "/Users/azuga/elk/5_4_3/logstash-5.4.3/logstash-core/lib/logstash/pipeline.rb:145:in `initialize'", "/Users/azuga/elk/5_4_3/logstash-5.4.3/logstash-core/lib/logstash/agent.rb:286:in `create_pipeline'", "/Users/azuga/elk/5_4_3/logstash-5.4.3/logstash-core/lib/logstash/agent.rb:95:in `register_pipeline'", "/Users/azuga/elk/5_4_3/logstash-5.4.3/logstash-core/lib/logstash/runner.rb:274:in `execute'", "/Users/azuga/elk/5_4_3/logstash-5.4.3/vendor/bundle/jruby/1.9/gems/clamp-0.6.5/lib/clamp/command.rb:67:in `run'", "/Users/azuga/elk/5_4_3/logstash-5.4.3/logstash-core/lib/logstash/runner.rb:185:in `run'", "/Users/azuga/elk/5_4_3/logstash-5.4.3/vendor/bundle/jruby/1.9/gems/clamp-0.6.5/lib/clamp/command.rb:132:in `run'", "/Users/azuga/elk/5_4_3/logstash-5.4.3/lib/bootstrap/environment.rb:71:in `(root)'"]}
[2018-05-02T16:55:25,509][ERROR][logstash.agent           ] Cannot create pipeline {:reason=>"Couldn't find any filter plugin named 'elapsed'. Are you sure this is correct? Trying to load the elapsed filter plugin resulted in this error: Problems loading the requested plugin named elapsed of type filter. Error: NameError NameError"}
[2018-05-02T16:59:34,877][INFO ][logstash.outputs.elasticsearch] Elasticsearch pool URLs updated {:changes=>{:removed=>[], :added=>[http://localhost:9200/]}}
[2018-05-02T16:59:34,883][INFO ][logstash.outputs.elasticsearch] Running health check to see if an Elasticsearch connection is working {:healthcheck_url=>http://localhost:9200/, :path=>"/"}
[2018-05-02T16:59:35,107][WARN ][logstash.outputs.elasticsearch] Restored connection to ES instance {:url=>#<URI::HTTP:0x78e27550 URL:http://localhost:9200/>}
[2018-05-02T16:59:35,110][INFO ][logstash.outputs.elasticsearch] Using mapping template from {:path=>nil}
[2018-05-02T16:59:35,210][INFO ][logstash.outputs.elasticsearch] Attempting to install template {:manage_template=>{"template"=>"logstash-*", "version"=>50001, "settings"=>{"index.refresh_interval"=>"5s"}, "mappings"=>{"_default_"=>{"_all"=>{"enabled"=>true, "norms"=>false}, "dynamic_templates"=>[{"message_field"=>{"path_match"=>"message", "match_mapping_type"=>"string", "mapping"=>{"type"=>"text", "norms"=>false}}}, {"string_fields"=>{"match"=>"*", "match_mapping_type"=>"string", "mapping"=>{"type"=>"text", "norms"=>false, "fields"=>{"keyword"=>{"type"=>"keyword"}}}}}], "properties"=>{"@timestamp"=>{"type"=>"date", "include_in_all"=>false}, "@version"=>{"type"=>"keyword", "include_in_all"=>false}, "geoip"=>{"dynamic"=>true, "properties"=>{"ip"=>{"type"=>"ip"}, "location"=>{"type"=>"geo_point"}, "latitude"=>{"type"=>"half_float"}, "longitude"=>{"type"=>"half_float"}}}}}}}}
[2018-05-02T16:59:35,224][INFO ][logstash.outputs.elasticsearch] Installing elasticsearch template to _template/logstash
[2018-05-02T16:59:35,346][INFO ][logstash.outputs.elasticsearch] New Elasticsearch output {:class=>"LogStash::Outputs::ElasticSearch", :hosts=>[#<URI::Generic:0x6807750b URL://localhost:9200>]}
[2018-05-02T16:59:35,563][INFO ][logstash.filters.elapsed ] Elapsed, timeout: 1800 seconds
[2018-05-02T16:59:35,564][INFO ][logstash.pipeline        ] Starting pipeline {"id"=>"main", "pipeline.workers"=>4, "pipeline.batch.size"=>125, "pipeline.batch.delay"=>5, "pipeline.max_inflight"=>500}
[2018-05-02T16:59:36,449][INFO ][logstash.inputs.beats    ] Beats inputs: Starting input listener {:address=>"0.0.0.0:5044"}
[2018-05-02T16:59:36,524][INFO ][logstash.pipeline        ] Pipeline main started
[2018-05-02T16:59:36,628][INFO ][logstash.agent           ] Successfully started Logstash API endpoint {:port=>9600}
[2018-05-02T17:07:25,731][WARN ][logstash.runner          ] SIGINT received. Shutting down the agent.
[2018-05-02T17:07:25,740][WARN ][logstash.agent           ] stopping pipeline {:id=>"main"}
[2018-05-02T17:07:30,738][WARN ][logstash.runner          ] Received shutdown signal, but pipeline is still waiting for in-flight events
to be processed. Sending another ^C will force quit Logstash, but this may cause
data loss.
[2018-05-02T17:07:30,774][WARN ][logstash.shutdownwatcher ] {"inflight_count"=>0, "stalling_thread_info"=>{"other"=>[{"thread_id"=>26, "name"=>"[main]<beats", "current_call"=>"[...]/vendor/bundle/jruby/1.9/gems/logstash-input-beats-3.1.18-java/lib/logstash/inputs/beats.rb:206:in `run'"}, {"thread_id"=>22, "name"=>"[main]>worker1", "current_call"=>"[...]/logstash-core/lib/logstash/util/wrapped_synchronous_queue.rb:118:in `synchronize'"}, {"thread_id"=>24, "name"=>"[main]>worker3", "current_call"=>"[...]/logstash-core/lib/logstash/util/wrapped_synchronous_queue.rb:136:in `synchronize'"}], ["LogStash::Filters::Elapsed", {"start_tag"=>"taskStarted", "end_tag"=>"taskTerminated", "unique_id_field"=>"task_id", "id"=>"c777844d0554f22e9eac1ce64566972565dfcfa8-5"}]=>[{"thread_id"=>21, "name"=>"[main]>worker0", "current_call"=>"[...]/logstash-core/lib/logstash/util/wrapped_synchronous_queue.rb:136:in `synchronize'"}, {"thread_id"=>23, "name"=>"[main]>worker2", "current_call"=>"[...]/logstash-core/lib/logstash/util/wrapped_synchronous_queue.rb:136:in `synchronize'"}]}}
[2018-05-02T17:07:30,777][ERROR][logstash.shutdownwatcher ] The shutdown process appears to be stalled due to busy or blocked plugins. Check the logs for more information.
[2018-05-02T17:07:56,187][INFO ][logstash.outputs.elasticsearch] Elasticsearch pool URLs updated {:changes=>{:removed=>[], :added=>[http://localhost:9200/]}}
[2018-05-02T17:07:56,193][INFO ][logstash.outputs.elasticsearch] Running health check to see if an Elasticsearch connection is working {:healthcheck_url=>http://localhost:9200/, :path=>"/"}
[2018-05-02T17:07:56,355][WARN ][logstash.outputs.elasticsearch] Restored connection to ES instance {:url=>#<URI::HTTP:0x1ed6dbeb URL:http://localhost:9200/>}
[2018-05-02T17:07:56,356][INFO ][logstash.outputs.elasticsearch] Using mapping template from {:path=>nil}
[2018-05-02T17:07:56,465][INFO ][logstash.outputs.elasticsearch] Attempting to install template {:manage_template=>{"template"=>"logstash-*", "version"=>50001, "settings"=>{"index.refresh_interval"=>"5s"}, "mappings"=>{"_default_"=>{"_all"=>{"enabled"=>true, "norms"=>false}, "dynamic_templates"=>[{"message_field"=>{"path_match"=>"message", "match_mapping_type"=>"string", "mapping"=>{"type"=>"text", "norms"=>false}}}, {"string_fields"=>{"match"=>"*", "match_mapping_type"=>"string", "mapping"=>{"type"=>"text", "norms"=>false, "fields"=>{"keyword"=>{"type"=>"keyword"}}}}}], "properties"=>{"@timestamp"=>{"type"=>"date", "include_in_all"=>false}, "@version"=>{"type"=>"keyword", "include_in_all"=>false}, "geoip"=>{"dynamic"=>true, "properties"=>{"ip"=>{"type"=>"ip"}, "location"=>{"type"=>"geo_point"}, "latitude"=>{"type"=>"half_float"}, "longitude"=>{"type"=>"half_float"}}}}}}}}
[2018-05-02T17:07:56,473][INFO ][logstash.outputs.elasticsearch] New Elasticsearch output {:class=>"LogStash::Outputs::ElasticSearch", :hosts=>[#<URI::Generic:0x2b10cbfa URL://localhost:9200>]}
[2018-05-02T17:07:56,607][INFO ][logstash.pipeline        ] Starting pipeline {"id"=>"main", "pipeline.workers"=>4, "pipeline.batch.size"=>125, "pipeline.batch.delay"=>5, "pipeline.max_inflight"=>500}
[2018-05-02T17:07:57,281][INFO ][logstash.inputs.beats    ] Beats inputs: Starting input listener {:address=>"0.0.0.0:5044"}
[2018-05-02T17:07:57,337][INFO ][logstash.pipeline        ] Pipeline main started
[2018-05-02T17:07:57,415][INFO ][logstash.agent           ] Successfully started Logstash API endpoint {:port=>9600}
[2018-05-02T17:15:28,758][WARN ][logstash.runner          ] SIGINT received. Shutting down the agent.
[2018-05-02T17:15:28,765][WARN ][logstash.agent           ] stopping pipeline {:id=>"main"}
[2018-05-02T17:15:33,763][WARN ][logstash.runner          ] Received shutdown signal, but pipeline is still waiting for in-flight events
to be processed. Sending another ^C will force quit Logstash, but this may cause
data loss.
[2018-05-02T17:15:33,798][WARN ][logstash.shutdownwatcher ] {"inflight_count"=>0, "stalling_thread_info"=>{"other"=>[{"thread_id"=>26, "name"=>"[main]<beats", "current_call"=>"[...]/vendor/bundle/jruby/1.9/gems/logstash-input-beats-3.1.18-java/lib/logstash/inputs/beats.rb:206:in `run'"}, {"thread_id"=>21, "name"=>"[main]>worker0", "current_call"=>"[...]/logstash-core/lib/logstash/util/wrapped_synchronous_queue.rb:136:in `synchronize'"}, {"thread_id"=>23, "name"=>"[main]>worker2", "current_call"=>"[...]/logstash-core/lib/logstash/util/wrapped_synchronous_queue.rb:118:in `synchronize'"}], ["LogStash::Filters::Drop", {"id"=>"7e91febcb1517bce810a9a1e95f94f2eca3632ae-4"}]=>[{"thread_id"=>22, "name"=>"[main]>worker1", "current_call"=>"[...]/logstash-core/lib/logstash/util/wrapped_synchronous_queue.rb:118:in `synchronize'"}, {"thread_id"=>24, "name"=>"[main]>worker3", "current_call"=>"[...]/logstash-core/lib/logstash/util/wrapped_synchronous_queue.rb:136:in `synchronize'"}]}}
[2018-05-02T17:15:33,801][ERROR][logstash.shutdownwatcher ] The shutdown process appears to be stalled due to busy or blocked plugins. Check the logs for more information.
[2018-05-02T17:15:54,503][INFO ][logstash.outputs.elasticsearch] Elasticsearch pool URLs updated {:changes=>{:removed=>[], :added=>[http://localhost:9200/]}}
[2018-05-02T17:15:54,533][INFO ][logstash.outputs.elasticsearch] Running health check to see if an Elasticsearch connection is working {:healthcheck_url=>http://localhost:9200/, :path=>"/"}
[2018-05-02T17:15:54,792][WARN ][logstash.outputs.elasticsearch] Restored connection to ES instance {:url=>#<URI::HTTP:0x1f2fe4c4 URL:http://localhost:9200/>}
[2018-05-02T17:15:54,796][INFO ][logstash.outputs.elasticsearch] Using mapping template from {:path=>nil}
[2018-05-02T17:15:54,892][INFO ][logstash.outputs.elasticsearch] Attempting to install template {:manage_template=>{"template"=>"logstash-*", "version"=>50001, "settings"=>{"index.refresh_interval"=>"5s"}, "mappings"=>{"_default_"=>{"_all"=>{"enabled"=>true, "norms"=>false}, "dynamic_templates"=>[{"message_field"=>{"path_match"=>"message", "match_mapping_type"=>"string", "mapping"=>{"type"=>"text", "norms"=>false}}}, {"string_fields"=>{"match"=>"*", "match_mapping_type"=>"string", "mapping"=>{"type"=>"text", "norms"=>false, "fields"=>{"keyword"=>{"type"=>"keyword"}}}}}], "properties"=>{"@timestamp"=>{"type"=>"date", "include_in_all"=>false}, "@version"=>{"type"=>"keyword", "include_in_all"=>false}, "geoip"=>{"dynamic"=>true, "properties"=>{"ip"=>{"type"=>"ip"}, "location"=>{"type"=>"geo_point"}, "latitude"=>{"type"=>"half_float"}, "longitude"=>{"type"=>"half_float"}}}}}}}}
[2018-05-02T17:15:54,900][INFO ][logstash.outputs.elasticsearch] New Elasticsearch output {:class=>"LogStash::Outputs::ElasticSearch", :hosts=>[#<URI::Generic:0x2c052e44 URL://localhost:9200>]}
[2018-05-02T17:15:55,068][INFO ][logstash.filters.elapsed ] Elapsed, timeout: 10000000 seconds
[2018-05-02T17:15:55,082][INFO ][logstash.pipeline        ] Starting pipeline {"id"=>"main", "pipeline.workers"=>4, "pipeline.batch.size"=>125, "pipeline.batch.delay"=>5, "pipeline.max_inflight"=>500}
[2018-05-02T17:15:56,599][INFO ][logstash.inputs.beats    ] Beats inputs: Starting input listener {:address=>"0.0.0.0:5044"}
[2018-05-02T17:15:56,680][INFO ][logstash.pipeline        ] Pipeline main started
[2018-05-02T17:15:56,818][INFO ][logstash.agent           ] Successfully started Logstash API endpoint {:port=>9600}
[2018-05-02T17:16:30,445][INFO ][logstash.filters.elapsed ] Elapsed, 'start event' received {:start_tag=>"taskStarted", :unique_id_field=>"task_id"}
[2018-05-02T17:16:30,458][INFO ][logstash.filters.elapsed ] Elapsed, 'start event' received {:start_tag=>"taskStarted", :unique_id_field=>"task_id"}
[2018-05-02T17:16:30,471][INFO ][logstash.filters.elapsed ] Elapsed, 'end event' received {:end_tag=>"taskCompleted", :unique_id_field=>"task_id"}
[2018-05-02T17:17:55,344][INFO ][logstash.filters.elapsed ] Elapsed, 'start event' received {:start_tag=>"taskStarted", :unique_id_field=>"task_id"}
[2018-05-02T17:18:29,346][INFO ][logstash.filters.elapsed ] Elapsed, 'end event' received {:end_tag=>"taskCompleted", :unique_id_field=>"task_id"}
[2018-05-02T17:18:29,349][INFO ][logstash.filters.elapsed ] Elapsed, 'start event' received {:start_tag=>"taskStarted", :unique_id_field=>"task_id"}
[2018-05-02T17:20:25,366][INFO ][logstash.filters.elapsed ] Elapsed, 'end event' received {:end_tag=>"taskCompleted", :unique_id_field=>"task_id"}
[2018-05-02T17:20:59,361][INFO ][logstash.filters.elapsed ] Elapsed, 'start event' received {:start_tag=>"taskStarted", :unique_id_field=>"task_id"}
[2018-05-02T17:22:25,405][INFO ][logstash.filters.elapsed ] Elapsed, 'end event' received {:end_tag=>"taskCompleted", :unique_id_field=>"task_id"}
[2018-05-02T17:22:25,406][INFO ][logstash.filters.elapsed ] Elapsed, 'start event' received {:start_tag=>"taskStarted", :unique_id_field=>"task_id"}
[2018-05-02T17:22:25,408][INFO ][logstash.filters.elapsed ] Elapsed, 'end event' received {:end_tag=>"taskCompleted", :unique_id_field=>"task_id"}
[2018-05-02T17:22:25,410][INFO ][logstash.filters.elapsed ] Elapsed, 'start event' received {:start_tag=>"taskStarted", :unique_id_field=>"task_id"}
[2018-05-02T17:22:25,411][INFO ][logstash.filters.elapsed ] Elapsed, 'end event' received {:end_tag=>"taskCompleted", :unique_id_field=>"task_id"}
[2018-05-02T17:22:25,412][INFO ][logstash.filters.elapsed ] Elapsed, 'start event' received {:start_tag=>"taskStarted", :unique_id_field=>"task_id"}
[2018-05-02T17:22:25,413][INFO ][logstash.filters.elapsed ] Elapsed, 'end event' received {:end_tag=>"taskCompleted", :unique_id_field=>"task_id"}
[2018-05-02T17:25:00,428][INFO ][logstash.filters.elapsed ] Elapsed, 'start event' received {:start_tag=>"taskStarted", :unique_id_field=>"task_id"}
[2018-05-02T17:25:24,450][INFO ][logstash.filters.elapsed ] Elapsed, 'end event' received {:end_tag=>"taskCompleted", :unique_id_field=>"task_id"}
[2018-05-02T17:26:45,445][INFO ][logstash.filters.elapsed ] Elapsed, 'start event' received {:start_tag=>"taskStarted", :unique_id_field=>"task_id"}
[2018-05-02T17:27:29,448][INFO ][logstash.filters.elapsed ] Elapsed, 'end event' received {:end_tag=>"taskCompleted", :unique_id_field=>"task_id"}
[2018-05-02T17:31:25,499][INFO ][logstash.filters.elapsed ] Elapsed, 'end event' received {:end_tag=>"taskCompleted", :unique_id_field=>"task_id"}
[2018-05-02T17:31:25,501][INFO ][logstash.filters.elapsed ] Elapsed, 'start event' received {:start_tag=>"taskStarted", :unique_id_field=>"task_id"}
[2018-05-02T17:31:59,499][INFO ][logstash.filters.elapsed ] Elapsed, 'end event' received {:end_tag=>"taskCompleted", :unique_id_field=>"task_id"}
