[2018-05-28T11:59:00,223][ERROR][logstash.agent           ] Cannot create pipeline {:reason=>"Expected one of #, input, filter, output at line 1, column 1 (byte 1) after "}
[2018-05-28T12:00:32,735][INFO ][logstash.outputs.elasticsearch] Elasticsearch pool URLs updated {:changes=>{:removed=>[], :added=>[http://localhost:9200/]}}
[2018-05-28T12:00:32,741][INFO ][logstash.outputs.elasticsearch] Running health check to see if an Elasticsearch connection is working {:healthcheck_url=>http://localhost:9200/, :path=>"/"}
[2018-05-28T12:00:32,891][WARN ][logstash.outputs.elasticsearch] Restored connection to ES instance {:url=>#<URI::HTTP:0x46b542d8 URL:http://localhost:9200/>}
[2018-05-28T12:00:32,893][INFO ][logstash.outputs.elasticsearch] Using mapping template from {:path=>nil}
[2018-05-28T12:00:32,977][INFO ][logstash.outputs.elasticsearch] Attempting to install template {:manage_template=>{"template"=>"logstash-*", "version"=>50001, "settings"=>{"index.refresh_interval"=>"5s"}, "mappings"=>{"_default_"=>{"_all"=>{"enabled"=>true, "norms"=>false}, "dynamic_templates"=>[{"message_field"=>{"path_match"=>"message", "match_mapping_type"=>"string", "mapping"=>{"type"=>"text", "norms"=>false}}}, {"string_fields"=>{"match"=>"*", "match_mapping_type"=>"string", "mapping"=>{"type"=>"text", "norms"=>false, "fields"=>{"keyword"=>{"type"=>"keyword"}}}}}], "properties"=>{"@timestamp"=>{"type"=>"date", "include_in_all"=>false}, "@version"=>{"type"=>"keyword", "include_in_all"=>false}, "geoip"=>{"dynamic"=>true, "properties"=>{"ip"=>{"type"=>"ip"}, "location"=>{"type"=>"geo_point"}, "latitude"=>{"type"=>"half_float"}, "longitude"=>{"type"=>"half_float"}}}}}}}}
[2018-05-28T12:00:32,987][INFO ][logstash.outputs.elasticsearch] New Elasticsearch output {:class=>"LogStash::Outputs::ElasticSearch", :hosts=>[#<URI::Generic:0x69f68f7e URL://localhost:9200>]}
[2018-05-28T12:00:33,092][INFO ][logstash.filters.elapsed ] Elapsed, timeout: 10000000 seconds
[2018-05-28T12:00:33,099][INFO ][logstash.pipeline        ] Starting pipeline {"id"=>"main", "pipeline.workers"=>4, "pipeline.batch.size"=>125, "pipeline.batch.delay"=>5, "pipeline.max_inflight"=>500}
[2018-05-28T12:00:33,767][INFO ][logstash.inputs.beats    ] Beats inputs: Starting input listener {:address=>"0.0.0.0:5044"}
[2018-05-28T12:00:33,909][INFO ][logstash.pipeline        ] Pipeline main started
[2018-05-28T12:00:33,993][INFO ][logstash.agent           ] Successfully started Logstash API endpoint {:port=>9600}
[2018-05-28T12:23:35,875][WARN ][logstash.runner          ] SIGINT received. Shutting down the agent.
[2018-05-28T12:23:35,886][WARN ][logstash.agent           ] stopping pipeline {:id=>"main"}
[2018-05-28T12:23:40,882][WARN ][logstash.runner          ] Received shutdown signal, but pipeline is still waiting for in-flight events
to be processed. Sending another ^C will force quit Logstash, but this may cause
data loss.
[2018-05-28T12:23:40,913][WARN ][logstash.shutdownwatcher ] {"inflight_count"=>0, "stalling_thread_info"=>{"other"=>[{"thread_id"=>26, "name"=>"[main]<beats", "current_call"=>"[...]/vendor/bundle/jruby/1.9/gems/logstash-input-beats-3.1.18-java/lib/logstash/inputs/beats.rb:206:in `run'"}, {"thread_id"=>23, "name"=>"[main]>worker2", "current_call"=>"[...]/logstash-core/lib/logstash/util/wrapped_synchronous_queue.rb:118:in `synchronize'"}], ["LogStash::Filters::Elapsed", {"start_tag"=>"taskStarted", "end_tag"=>"taskCompleted", "unique_id_field"=>"message_index", "timeout"=>10000000, "new_event_on_match"=>"false", "id"=>"03e47b7c0a629e190b49ef99e69476b3c73e596c-6"}]=>[{"thread_id"=>21, "name"=>"[main]>worker0", "current_call"=>"[...]/logstash-core/lib/logstash/util/wrapped_synchronous_queue.rb:136:in `synchronize'"}, {"thread_id"=>22, "name"=>"[main]>worker1", "current_call"=>"[...]/logstash-core/lib/logstash/util/wrapped_synchronous_queue.rb:118:in `synchronize'"}, {"thread_id"=>24, "name"=>"[main]>worker3", "current_call"=>"[...]/logstash-core/lib/logstash/util/wrapped_synchronous_queue.rb:136:in `synchronize'"}]}}
[2018-05-28T12:23:40,915][ERROR][logstash.shutdownwatcher ] The shutdown process appears to be stalled due to busy or blocked plugins. Check the logs for more information.
[2018-05-28T12:26:11,349][INFO ][logstash.outputs.elasticsearch] Elasticsearch pool URLs updated {:changes=>{:removed=>[], :added=>[http://localhost:9200/]}}
[2018-05-28T12:26:11,354][INFO ][logstash.outputs.elasticsearch] Running health check to see if an Elasticsearch connection is working {:healthcheck_url=>http://localhost:9200/, :path=>"/"}
[2018-05-28T12:26:11,502][WARN ][logstash.outputs.elasticsearch] Restored connection to ES instance {:url=>#<URI::HTTP:0x40a2b49d URL:http://localhost:9200/>}
[2018-05-28T12:26:11,505][INFO ][logstash.outputs.elasticsearch] Using mapping template from {:path=>nil}
[2018-05-28T12:26:11,581][INFO ][logstash.outputs.elasticsearch] Attempting to install template {:manage_template=>{"template"=>"logstash-*", "version"=>50001, "settings"=>{"index.refresh_interval"=>"5s"}, "mappings"=>{"_default_"=>{"_all"=>{"enabled"=>true, "norms"=>false}, "dynamic_templates"=>[{"message_field"=>{"path_match"=>"message", "match_mapping_type"=>"string", "mapping"=>{"type"=>"text", "norms"=>false}}}, {"string_fields"=>{"match"=>"*", "match_mapping_type"=>"string", "mapping"=>{"type"=>"text", "norms"=>false, "fields"=>{"keyword"=>{"type"=>"keyword"}}}}}], "properties"=>{"@timestamp"=>{"type"=>"date", "include_in_all"=>false}, "@version"=>{"type"=>"keyword", "include_in_all"=>false}, "geoip"=>{"dynamic"=>true, "properties"=>{"ip"=>{"type"=>"ip"}, "location"=>{"type"=>"geo_point"}, "latitude"=>{"type"=>"half_float"}, "longitude"=>{"type"=>"half_float"}}}}}}}}
[2018-05-28T12:26:11,593][INFO ][logstash.outputs.elasticsearch] Installing elasticsearch template to _template/logstash
[2018-05-28T12:26:11,700][INFO ][logstash.outputs.elasticsearch] New Elasticsearch output {:class=>"LogStash::Outputs::ElasticSearch", :hosts=>[#<URI::Generic:0x3042a79a URL://localhost:9200>]}
[2018-05-28T12:26:11,832][INFO ][logstash.filters.elapsed ] Elapsed, timeout: 10000000 seconds
[2018-05-28T12:26:11,836][INFO ][logstash.pipeline        ] Starting pipeline {"id"=>"main", "pipeline.workers"=>4, "pipeline.batch.size"=>125, "pipeline.batch.delay"=>5, "pipeline.max_inflight"=>500}
[2018-05-28T12:26:12,612][INFO ][logstash.inputs.beats    ] Beats inputs: Starting input listener {:address=>"0.0.0.0:5044"}
[2018-05-28T12:26:12,709][INFO ][logstash.pipeline        ] Pipeline main started
[2018-05-28T12:26:12,797][INFO ][logstash.agent           ] Successfully started Logstash API endpoint {:port=>9600}
